Log file open, 12/18/20 12:45:09
LogInit: Display: Running engine for game: MechaBane
LogPlatformFile: Not using cached read wrapper
LogTaskGraph: Started task graph with 5 named threads and 47 total threads with 3 sets of task threads.
LogStats: Stats thread started at 0.572710
LogD3D11RHI: Loaded GFSDK_Aftermath_Lib.x64.dll
LogICUInternationalization: ICU TimeZone Detection - Raw Offset: -6:00, Platform Override: ''
LogPluginManager: Mounting plugin Paper2D
LogPluginManager: Mounting plugin AISupport
LogPluginManager: Mounting plugin LightPropagationVolume
LogPluginManager: Mounting plugin CameraShakePreviewer
LogPluginManager: Mounting plugin ActorLayerUtilities
LogPluginManager: Mounting plugin AnimationSharing
LogPluginManager: Mounting plugin CLionSourceCodeAccess
LogPluginManager: Mounting plugin CodeLiteSourceCodeAccess
LogPluginManager: Mounting plugin GitSourceControl
LogPluginManager: Mounting plugin KDevelopSourceCodeAccess
LogPluginManager: Mounting plugin NullSourceCodeAccess
LogPluginManager: Mounting plugin PerforceSourceControl
LogPluginManager: Mounting plugin PlasticSourceControl
LogPluginManager: Mounting plugin RiderSourceCodeAccess
LogPluginManager: Mounting plugin SubversionSourceControl
LogPluginManager: Mounting plugin UObjectPlugin
LogPluginManager: Mounting plugin VisualStudioCodeSourceCodeAccess
LogPluginManager: Mounting plugin VisualStudioSourceCodeAccess
LogPluginManager: Mounting plugin XCodeSourceCodeAccess
LogPluginManager: Mounting plugin AssetManagerEditor
LogPluginManager: Mounting plugin CryptoKeys
LogPluginManager: Mounting plugin CurveEditorTools
LogPluginManager: Mounting plugin DataValidation
LogPluginManager: Mounting plugin EditorScriptingUtilities
LogPluginManager: Mounting plugin FacialAnimation
LogPluginManager: Mounting plugin GameplayTagsEditor
LogPluginManager: Mounting plugin GeometryMode
LogPluginManager: Mounting plugin MacGraphicsSwitching
LogPluginManager: Mounting plugin MaterialAnalyzer
LogPluginManager: Mounting plugin MobileLauncherProfileWizard
LogPluginManager: Mounting plugin PluginBrowser
LogPluginManager: Mounting plugin SpeedTreeImporter
LogPluginManager: Mounting plugin DatasmithContent
LogPluginManager: Mounting plugin VariantManagerContent
LogPluginManager: Mounting plugin AlembicImporter
LogPluginManager: Mounting plugin AutomationUtils
LogPluginManager: Mounting plugin BackChannel
LogPluginManager: Mounting plugin ChaosCloth
LogPluginManager: Mounting plugin ChaosClothEditor
LogPluginManager: Mounting plugin ChaosEditor
LogPluginManager: Mounting plugin ChaosNiagara
LogPluginManager: Mounting plugin ChaosSolverPlugin
LogPluginManager: Mounting plugin CharacterAI
LogPluginManager: Mounting plugin GeometryCache
LogPluginManager: Mounting plugin GeometryCollectionPlugin
LogPluginManager: Mounting plugin GeometryProcessing
LogPluginManager: Mounting plugin PlanarCut
LogPluginManager: Mounting plugin PlatformCrypto
LogPluginManager: Mounting plugin ProxyLODPlugin
LogPluginManager: Mounting plugin SkeletalReduction
LogPluginManager: Mounting plugin Niagara
LogPluginManager: Mounting plugin MagicLeap
LogPluginManager: Mounting plugin MagicLeapLightEstimation
LogPluginManager: Mounting plugin MagicLeapMedia
LogPluginManager: Mounting plugin MagicLeapPassableWorld
LogPluginManager: Mounting plugin MLSDK
LogPluginManager: Mounting plugin GameplayHelper
LogPluginManager: Mounting plugin AndroidMedia
LogPluginManager: Mounting plugin AvfMedia
LogPluginManager: Mounting plugin ImgMedia
LogPluginManager: Mounting plugin MediaCompositing
LogPluginManager: Mounting plugin MediaPlayerEditor
LogPluginManager: Mounting plugin WebMMedia
LogPluginManager: Mounting plugin WmfMedia
LogPluginManager: Mounting plugin MeshPainting
LogPluginManager: Mounting plugin TcpMessaging
LogPluginManager: Mounting plugin UdpMessaging
LogPluginManager: Mounting plugin ActorSequence
LogPluginManager: Mounting plugin LevelSequenceEditor
LogPluginManager: Mounting plugin MatineeToLevelSequence
LogPluginManager: Mounting plugin MovieRenderPipeline
LogPluginManager: Mounting plugin TemplateSequence
LogPluginManager: Mounting plugin NetcodeUnitTest
LogPluginManager: Mounting plugin NUTUnrealEngine4
LogPluginManager: Mounting plugin OnlineSubsystemGooglePlay
LogPluginManager: Mounting plugin OnlineSubsystemIOS
LogPluginManager: Mounting plugin OnlineSubsystem
LogPluginManager: Mounting plugin OnlineSubsystemNull
LogPluginManager: Mounting plugin OnlineSubsystemUtils
LogPluginManager: Mounting plugin LauncherChunkInstaller
LogPluginManager: Mounting plugin AndroidDeviceProfileSelector
LogPluginManager: Mounting plugin AndroidMoviePlayer
LogPluginManager: Mounting plugin AndroidPermission
LogPluginManager: Mounting plugin AppleImageUtils
LogPluginManager: Mounting plugin AppleMoviePlayer
LogPluginManager: Mounting plugin ArchVisCharacter
LogPluginManager: Mounting plugin AssetTags
LogPluginManager: Mounting plugin AudioCapture
LogPluginManager: Mounting plugin CableComponent
LogPluginManager: Mounting plugin CustomMeshComponent
LogPluginManager: Mounting plugin EditableMesh
LogPluginManager: Mounting plugin ExampleDeviceProfileSelector
LogPluginManager: Mounting plugin GoogleCloudMessaging
LogPluginManager: Mounting plugin GooglePAD
LogPluginManager: Mounting plugin IOSDeviceProfileSelector
LogPluginManager: Mounting plugin LinuxDeviceProfileSelector
LogPluginManager: Mounting plugin LocationServicesBPLibrary
LogPluginManager: Mounting plugin MobilePatchingUtils
LogPluginManager: Mounting plugin OculusVR
LogPluginManager: Mounting plugin PhysXVehicles
LogPluginManager: Mounting plugin PostSplashScreen
LogPluginManager: Mounting plugin ProceduralMeshComponent
LogPluginManager: Mounting plugin RuntimePhysXCooking
LogPluginManager: Mounting plugin SignificanceManager
LogPluginManager: Mounting plugin SoundFields
LogPluginManager: Mounting plugin SteamVR
LogPluginManager: Mounting plugin Synthesis
LogPluginManager: Mounting plugin WebMMoviePlayer
LogPluginManager: Mounting plugin WindowsMoviePlayer
LogPluginManager: Mounting plugin ScreenshotTools
LogInit: Using libcurl 7.55.1-DEV
LogInit:  - built for x86_64-pc-win32
LogInit:  - supports SSL with OpenSSL/1.1.1
LogInit:  - supports HTTP deflate (compression) using libz 1.2.8
LogInit:  - other features:
LogInit:      CURL_VERSION_SSL
LogInit:      CURL_VERSION_LIBZ
LogInit:      CURL_VERSION_IPV6
LogInit:      CURL_VERSION_ASYNCHDNS
LogInit:      CURL_VERSION_LARGEFILE
LogInit:      CURL_VERSION_IDN
LogInit:  CurlRequestOptions (configurable via config and command line):
LogInit:  - bVerifyPeer = true  - Libcurl will verify peer certificate
LogInit:  - bUseHttpProxy = false  - Libcurl will NOT use HTTP proxy
LogInit:  - bDontReuseConnections = false  - Libcurl will reuse connections
LogInit:  - MaxHostConnections = 16  - Libcurl will limit the number of connections to a host
LogInit:  - LocalHostAddr = Default
LogInit:  - BufferSize = 65536
LogOnline: OSS: Creating online subsystem instance for: NULL
LogInit: WinSock: version 1.1 (2.2), MaxSocks=32767, MaxUdp=65467
LogOnline: OSS: TryLoadSubsystemAndSetDefault: Loaded subsystem for module [NULL]
LogInit: Build: ++UE4+Release-4.25-CL-14469661
LogInit: Engine Version: 4.25.4-14469661+++UE4+Release-4.25
LogInit: Compatible Engine Version: 4.25.0-13144385+++UE4+Release-4.25
LogInit: Net CL: 13144385
LogInit: OS: Windows 10 (Release 1909) (), CPU: AMD Ryzen 7 4800H with Radeon Graphics         , GPU: AMD Radeon(TM) Graphics
LogInit: Compiled (64-bit): Oct 11 2020 08:10:49
LogInit: Compiled with Visual C++: 19.24.28315.00
LogInit: Build Configuration: Development
LogInit: Branch Name: ++UE4+Release-4.25
LogInit: Command Line: 
LogInit: Base Directory: C:/Program Files/Epic Games/UE_4.25/Engine/Binaries/Win64/
LogInit: Allocator: TBB
LogInit: Installed Engine Build: 1
LogDevObjectVersion: Number of dev versions registered: 26
LogDevObjectVersion:   Dev-Blueprints (B0D832E4-1F89-4F0D-ACCF-7EB736FD4AA2): 10
LogDevObjectVersion:   Dev-Build (E1C64328-A22C-4D53-A36C-8E866417BD8C): 0
LogDevObjectVersion:   Dev-Core (375EC13C-06E4-48FB-B500-84F0262A717E): 4
LogDevObjectVersion:   Dev-Editor (E4B068ED-F494-42E9-A231-DA0B2E46BB41): 38
LogDevObjectVersion:   Dev-Framework (CFFC743F-43B0-4480-9391-14DF171D2073): 37
LogDevObjectVersion:   Dev-Mobile (B02B49B5-BB20-44E9-A304-32B752E40360): 2
LogDevObjectVersion:   Dev-Networking (A4E4105C-59A1-49B5-A7C5-40C4547EDFEE): 0
LogDevObjectVersion:   Dev-Online (39C831C9-5AE6-47DC-9A44-9C173E1C8E7C): 0
LogDevObjectVersion:   Dev-Physics (78F01B33-EBEA-4F98-B9B4-84EACCB95AA2): 4
LogDevObjectVersion:   Dev-Platform (6631380F-2D4D-43E0-8009-CF276956A95A): 0
LogDevObjectVersion:   Dev-Rendering (12F88B9F-8875-4AFC-A67C-D90C383ABD29): 43
LogDevObjectVersion:   Dev-Sequencer (7B5AE74C-D270-4C10-A958-57980B212A5A): 12
LogDevObjectVersion:   Dev-VR (D7296918-1DD6-4BDD-9DE2-64A83CC13884): 3
LogDevObjectVersion:   Dev-LoadTimes (C2A15278-BFE7-4AFE-6C17-90FF531DF755): 1
LogDevObjectVersion:   Private-Geometry (6EACA3D4-40EC-4CC1-B786-8BED09428FC5): 3
LogDevObjectVersion:   Dev-AnimPhys (29E575DD-E0A3-4627-9D10-D276232CDCEA): 17
LogDevObjectVersion:   Dev-Anim (AF43A65D-7FD3-4947-9873-3E8ED9C1BB05): 7
LogDevObjectVersion:   Dev-ReflectionCapture (6B266CEC-1EC7-4B8F-A30B-E4D90942FC07): 1
LogDevObjectVersion:   Dev-Automation (0DF73D61-A23F-47EA-B727-89E90C41499A): 1
LogDevObjectVersion:   FortniteMain (601D1886-AC64-4F84-AA16-D3DE0DEAC7D6): 31
LogDevObjectVersion:   Dev-Enterprise (9DFFBCD6-494F-0158-E221-12823C92A888): 10
LogDevObjectVersion:   Dev-Niagara (F2AED0AC-9AFE-416F-8664-AA7FFA26D6FC): 1
LogDevObjectVersion:   Dev-Destruction (174F1F0B-B4C6-45A5-B13F-2EE8D0FB917D): 10
LogDevObjectVersion:   Dev-Physics-Ext (35F94A83-E258-406C-A318-09F59610247C): 37
LogDevObjectVersion:   Dev-PhysicsMaterial-Chaos (B68FC16E-8B1B-42E2-B453-215C058844FE): 1
LogDevObjectVersion:   Dev-CineCamera (B2E18506-4273-CFC2-A54E-F4BB758BBA07): 1
LogInit: Presizing for max 25165824 objects, including 0 objects not considered by GC, pre-allocating 0 bytes for permanent pool.
LogConfig: Applying CVar settings from Section [/Script/Engine.StreamingSettings] File [C:/Users/seanp/Documents/GitHub/MechaBane/MechaBane/MechaBane/Saved/Config/Windows/Engine.ini]
LogConfig: Setting CVar [[s.MinBulkDataSizeForAsyncLoading:131072]]
LogConfig: Setting CVar [[s.AsyncLoadingThreadEnabled:0]]
LogConfig: Setting CVar [[s.EventDrivenLoaderEnabled:1]]
LogConfig: Setting CVar [[s.WarnIfTimeLimitExceeded:0]]
LogConfig: Setting CVar [[s.TimeLimitExceededMultiplier:1.5]]
LogConfig: Setting CVar [[s.TimeLimitExceededMinTime:0.005]]
LogConfig: Setting CVar [[s.UseBackgroundLevelStreaming:1]]
LogConfig: Setting CVar [[s.PriorityAsyncLoadingExtraTime:15.0]]
LogConfig: Setting CVar [[s.LevelStreamingActorsUpdateTimeLimit:5.0]]
LogConfig: Setting CVar [[s.PriorityLevelStreamingActorsUpdateExtraTime:5.0]]
LogConfig: Setting CVar [[s.LevelStreamingComponentsRegistrationGranularity:10]]
LogConfig: Setting CVar [[s.UnregisterComponentsTimeLimit:1.0]]
LogConfig: Setting CVar [[s.LevelStreamingComponentsUnregistrationGranularity:5]]
LogConfig: Setting CVar [[s.FlushStreamingOnExit:1]]
LogInit: Object subsystem initialized
LogConfig: Setting CVar [[con.DebugEarlyDefault:1]]
LogConfig: Setting CVar [[r.setres:1280x720]]
[2020.12.18-18.45.10:545][  0]LogConfig: Setting CVar [[r.VSync:0]]
[2020.12.18-18.45.10:545][  0]LogConfig: Setting CVar [[r.RHICmdBypass:0]]
[2020.12.18-18.45.10:546][  0]LogConfig: Applying CVar settings from Section [/Script/Engine.RendererSettings] File [C:/Users/seanp/Documents/GitHub/MechaBane/MechaBane/MechaBane/Saved/Config/Windows/Engine.ini]
[2020.12.18-18.45.10:546][  0]LogConfig: Setting CVar [[r.GPUCrashDebugging:0]]
[2020.12.18-18.45.10:546][  0]LogConfig: Applying CVar settings from Section [/Script/Engine.RendererOverrideSettings] File [C:/Users/seanp/Documents/GitHub/MechaBane/MechaBane/MechaBane/Saved/Config/Windows/Engine.ini]
[2020.12.18-18.45.10:546][  0]LogConfig: Applying CVar settings from Section [/Script/Engine.StreamingSettings] File [C:/Users/seanp/Documents/GitHub/MechaBane/MechaBane/MechaBane/Saved/Config/Windows/Engine.ini]
[2020.12.18-18.45.10:546][  0]LogConfig: Setting CVar [[s.MinBulkDataSizeForAsyncLoading:131072]]
[2020.12.18-18.45.10:546][  0]LogConfig: Setting CVar [[s.AsyncLoadingThreadEnabled:0]]
[2020.12.18-18.45.10:546][  0]LogConfig: Setting CVar [[s.EventDrivenLoaderEnabled:1]]
[2020.12.18-18.45.10:546][  0]LogConfig: Setting CVar [[s.WarnIfTimeLimitExceeded:0]]
[2020.12.18-18.45.10:546][  0]LogConfig: Setting CVar [[s.TimeLimitExceededMultiplier:1.5]]
[2020.12.18-18.45.10:546][  0]LogConfig: Setting CVar [[s.TimeLimitExceededMinTime:0.005]]
[2020.12.18-18.45.10:546][  0]LogConfig: Setting CVar [[s.UseBackgroundLevelStreaming:1]]
[2020.12.18-18.45.10:546][  0]LogConfig: Setting CVar [[s.PriorityAsyncLoadingExtraTime:15.0]]
[2020.12.18-18.45.10:546][  0]LogConfig: Setting CVar [[s.LevelStreamingActorsUpdateTimeLimit:5.0]]
[2020.12.18-18.45.10:546][  0]LogConfig: Setting CVar [[s.PriorityLevelStreamingActorsUpdateExtraTime:5.0]]
[2020.12.18-18.45.10:546][  0]LogConfig: Setting CVar [[s.LevelStreamingComponentsRegistrationGranularity:10]]
[2020.12.18-18.45.10:546][  0]LogConfig: Setting CVar [[s.UnregisterComponentsTimeLimit:1.0]]
[2020.12.18-18.45.10:546][  0]LogConfig: Setting CVar [[s.LevelStreamingComponentsUnregistrationGranularity:5]]
[2020.12.18-18.45.10:546][  0]LogConfig: Setting CVar [[s.FlushStreamingOnExit:1]]
[2020.12.18-18.45.10:546][  0]LogConfig: Applying CVar settings from Section [/Script/Engine.GarbageCollectionSettings] File [C:/Users/seanp/Documents/GitHub/MechaBane/MechaBane/MechaBane/Saved/Config/Windows/Engine.ini]
[2020.12.18-18.45.10:546][  0]LogConfig: Setting CVar [[gc.MaxObjectsNotConsideredByGC:1]]
[2020.12.18-18.45.10:546][  0]LogConfig: Setting CVar [[gc.SizeOfPermanentObjectPool:0]]
[2020.12.18-18.45.10:546][  0]LogConfig: Setting CVar [[gc.FlushStreamingOnGC:0]]
[2020.12.18-18.45.10:546][  0]LogConfig: Setting CVar [[gc.NumRetriesBeforeForcingGC:10]]
[2020.12.18-18.45.10:546][  0]LogConfig: Setting CVar [[gc.AllowParallelGC:1]]
[2020.12.18-18.45.10:546][  0]LogConfig: Setting CVar [[gc.TimeBetweenPurgingPendingKillObjects:61.1]]
[2020.12.18-18.45.10:546][  0]LogConfig: Setting CVar [[gc.MaxObjectsInEditor:25165824]]
[2020.12.18-18.45.10:546][  0]LogConfig: Setting CVar [[gc.IncrementalBeginDestroyEnabled:1]]
[2020.12.18-18.45.10:546][  0]LogConfig: Setting CVar [[gc.CreateGCClusters:1]]
[2020.12.18-18.45.10:546][  0]LogConfig: Setting CVar [[gc.MinGCClusterSize:5]]
[2020.12.18-18.45.10:546][  0]LogConfig: Setting CVar [[gc.ActorClusteringEnabled:0]]
[2020.12.18-18.45.10:546][  0]LogConfig: Setting CVar [[gc.BlueprintClusteringEnabled:0]]
[2020.12.18-18.45.10:546][  0]LogConfig: Setting CVar [[gc.UseDisregardForGCOnDedicatedServers:0]]
[2020.12.18-18.45.10:546][  0]LogConfig: Applying CVar settings from Section [/Script/Engine.NetworkSettings] File [C:/Users/seanp/Documents/GitHub/MechaBane/MechaBane/MechaBane/Saved/Config/Windows/Engine.ini]
[2020.12.18-18.45.10:546][  0]LogConfig: Applying CVar settings from Section [/Script/UnrealEd.CookerSettings] File [C:/Users/seanp/Documents/GitHub/MechaBane/MechaBane/MechaBane/Saved/Config/Windows/Engine.ini]
[2020.12.18-18.45.10:551][  0]LogConfig: Applying CVar settings from Section [ViewDistanceQuality@3] File [C:/Users/seanp/Documents/GitHub/MechaBane/MechaBane/MechaBane/Saved/Config/Windows/Scalability.ini]
[2020.12.18-18.45.10:552][  0]LogConfig: Setting CVar [[r.SkeletalMeshLODBias:0]]
[2020.12.18-18.45.10:552][  0]LogConfig: Setting CVar [[r.ViewDistanceScale:1.0]]
[2020.12.18-18.45.10:552][  0]LogConfig: Applying CVar settings from Section [AntiAliasingQuality@3] File [C:/Users/seanp/Documents/GitHub/MechaBane/MechaBane/MechaBane/Saved/Config/Windows/Scalability.ini]
[2020.12.18-18.45.10:552][  0]LogConfig: Setting CVar [[r.PostProcessAAQuality:4]]
[2020.12.18-18.45.10:552][  0]LogConfig: Applying CVar settings from Section [ShadowQuality@3] File [C:/Users/seanp/Documents/GitHub/MechaBane/MechaBane/MechaBane/Saved/Config/Windows/Scalability.ini]
[2020.12.18-18.45.10:552][  0]LogConfig: Setting CVar [[r.LightFunctionQuality:1]]
[2020.12.18-18.45.10:552][  0]LogConfig: Setting CVar [[r.ShadowQuality:5]]
[2020.12.18-18.45.10:552][  0]LogConfig: Setting CVar [[r.Shadow.CSM.MaxCascades:10]]
[2020.12.18-18.45.10:552][  0]LogConfig: Setting CVar [[r.Shadow.MaxResolution:2048]]
[2020.12.18-18.45.10:552][  0]LogConfig: Setting CVar [[r.Shadow.MaxCSMResolution:2048]]
[2020.12.18-18.45.10:552][  0]LogConfig: Setting CVar [[r.Shadow.RadiusThreshold:0.01]]
[2020.12.18-18.45.10:552][  0]LogConfig: Setting CVar [[r.Shadow.DistanceScale:1.0]]
[2020.12.18-18.45.10:552][  0]LogConfig: Setting CVar [[r.Shadow.CSM.TransitionScale:1.0]]
[2020.12.18-18.45.10:552][  0]LogConfig: Setting CVar [[r.Shadow.PreShadowResolutionFactor:1.0]]
[2020.12.18-18.45.10:552][  0]LogConfig: Setting CVar [[r.DistanceFieldShadowing:1]]
[2020.12.18-18.45.10:552][  0]LogConfig: Setting CVar [[r.DistanceFieldAO:1]]
[2020.12.18-18.45.10:552][  0]LogConfig: Setting CVar [[r.AOQuality:2]]
[2020.12.18-18.45.10:552][  0]LogConfig: Setting CVar [[r.VolumetricFog:1]]
[2020.12.18-18.45.10:552][  0]LogConfig: Setting CVar [[r.VolumetricFog.GridPixelSize:8]]
[2020.12.18-18.45.10:552][  0]LogConfig: Setting CVar [[r.VolumetricFog.GridSizeZ:128]]
[2020.12.18-18.45.10:552][  0]LogConfig: Setting CVar [[r.VolumetricFog.HistoryMissSupersampleCount:4]]
[2020.12.18-18.45.10:552][  0]LogConfig: Setting CVar [[r.LightMaxDrawDistanceScale:1]]
[2020.12.18-18.45.10:552][  0]LogConfig: Setting CVar [[r.CapsuleShadows:1]]
[2020.12.18-18.45.10:552][  0]LogConfig: Applying CVar settings from Section [PostProcessQuality@3] File [C:/Users/seanp/Documents/GitHub/MechaBane/MechaBane/MechaBane/Saved/Config/Windows/Scalability.ini]
[2020.12.18-18.45.10:552][  0]LogConfig: Setting CVar [[r.MotionBlurQuality:4]]
[2020.12.18-18.45.10:552][  0]LogConfig: Setting CVar [[r.AmbientOcclusionMipLevelFactor:0.4]]
[2020.12.18-18.45.10:552][  0]LogConfig: Setting CVar [[r.AmbientOcclusionMaxQuality:100]]
[2020.12.18-18.45.10:552][  0]LogConfig: Setting CVar [[r.AmbientOcclusionLevels:-1]]
[2020.12.18-18.45.10:552][  0]LogConfig: Setting CVar [[r.AmbientOcclusionRadiusScale:1.0]]
[2020.12.18-18.45.10:552][  0]LogConfig: Setting CVar [[r.DepthOfFieldQuality:2]]
[2020.12.18-18.45.10:552][  0]LogConfig: Setting CVar [[r.RenderTargetPoolMin:400]]
[2020.12.18-18.45.10:552][  0]LogConfig: Setting CVar [[r.LensFlareQuality:2]]
[2020.12.18-18.45.10:552][  0]LogConfig: Setting CVar [[r.SceneColorFringeQuality:1]]
[2020.12.18-18.45.10:552][  0]LogConfig: Setting CVar [[r.EyeAdaptationQuality:2]]
[2020.12.18-18.45.10:552][  0]LogConfig: Setting CVar [[r.BloomQuality:5]]
[2020.12.18-18.45.10:552][  0]LogConfig: Setting CVar [[r.FastBlurThreshold:100]]
[2020.12.18-18.45.10:552][  0]LogConfig: Setting CVar [[r.Upscale.Quality:3]]
[2020.12.18-18.45.10:552][  0]LogConfig: Setting CVar [[r.Tonemapper.GrainQuantization:1]]
[2020.12.18-18.45.10:552][  0]LogConfig: Setting CVar [[r.LightShaftQuality:1]]
[2020.12.18-18.45.10:552][  0]LogConfig: Setting CVar [[r.Filter.SizeScale:1]]
[2020.12.18-18.45.10:552][  0]LogConfig: Setting CVar [[r.Tonemapper.Quality:5]]
[2020.12.18-18.45.10:552][  0]LogConfig: Setting CVar [[r.DOF.Gather.AccumulatorQuality:1        ; higher gathering accumulator quality]]
[2020.12.18-18.45.10:552][  0]LogConfig: Setting CVar [[r.DOF.Gather.PostfilterMethod:1          ; Median3x3 postfilering method]]
[2020.12.18-18.45.10:552][  0]LogConfig: Setting CVar [[r.DOF.Gather.EnableBokehSettings:0       ; no bokeh simulation when gathering]]
[2020.12.18-18.45.10:552][  0]LogConfig: Setting CVar [[r.DOF.Gather.RingCount:4                 ; medium number of samples when gathering]]
[2020.12.18-18.45.10:552][  0]LogConfig: Setting CVar [[r.DOF.Scatter.ForegroundCompositing:1    ; additive foreground scattering]]
[2020.12.18-18.45.10:552][  0]LogConfig: Setting CVar [[r.DOF.Scatter.BackgroundCompositing:2    ; additive background scattering]]
[2020.12.18-18.45.10:552][  0]LogConfig: Setting CVar [[r.DOF.Scatter.EnableBokehSettings:1      ; bokeh simulation when scattering]]
[2020.12.18-18.45.10:552][  0]LogConfig: Setting CVar [[r.DOF.Scatter.MaxSpriteRatio:0.1         ; only a maximum of 10% of scattered bokeh]]
[2020.12.18-18.45.10:552][  0]LogConfig: Setting CVar [[r.DOF.Recombine.Quality:1                ; cheap slight out of focus]]
[2020.12.18-18.45.10:552][  0]LogConfig: Setting CVar [[r.DOF.Recombine.EnableBokehSettings:0    ; no bokeh simulation on slight out of focus]]
[2020.12.18-18.45.10:552][  0]LogConfig: Setting CVar [[r.DOF.TemporalAAQuality:1                ; more stable temporal accumulation]]
[2020.12.18-18.45.10:552][  0]LogConfig: Setting CVar [[r.DOF.Kernel.MaxForegroundRadius:0.025]]
[2020.12.18-18.45.10:552][  0]LogConfig: Setting CVar [[r.DOF.Kernel.MaxBackgroundRadius:0.025]]
[2020.12.18-18.45.10:552][  0]LogConfig: Applying CVar settings from Section [TextureQuality@3] File [C:/Users/seanp/Documents/GitHub/MechaBane/MechaBane/MechaBane/Saved/Config/Windows/Scalability.ini]
[2020.12.18-18.45.10:552][  0]LogConfig: Setting CVar [[r.Streaming.MipBias:0]]
[2020.12.18-18.45.10:552][  0]LogConfig: Setting CVar [[r.Streaming.AmortizeCPUToGPUCopy:0]]
[2020.12.18-18.45.10:552][  0]LogConfig: Setting CVar [[r.Streaming.MaxNumTexturesToStreamPerFrame:0]]
[2020.12.18-18.45.10:552][  0]LogConfig: Setting CVar [[r.Streaming.Boost:1]]
[2020.12.18-18.45.10:552][  0]LogConfig: Setting CVar [[r.MaxAnisotropy:8]]
[2020.12.18-18.45.10:552][  0]LogConfig: Setting CVar [[r.VT.MaxAnisotropy:8]]
[2020.12.18-18.45.10:552][  0]LogConfig: Setting CVar [[r.Streaming.LimitPoolSizeToVRAM:0]]
[2020.12.18-18.45.10:552][  0]LogConfig: Setting CVar [[r.Streaming.PoolSize:1000]]
[2020.12.18-18.45.10:552][  0]LogConfig: Setting CVar [[r.Streaming.MaxEffectiveScreenSize:0]]
[2020.12.18-18.45.10:552][  0]LogConfig: Applying CVar settings from Section [EffectsQuality@3] File [C:/Users/seanp/Documents/GitHub/MechaBane/MechaBane/MechaBane/Saved/Config/Windows/Scalability.ini]
[2020.12.18-18.45.10:552][  0]LogConfig: Setting CVar [[r.TranslucencyLightingVolumeDim:64]]
[2020.12.18-18.45.10:552][  0]LogConfig: Setting CVar [[r.RefractionQuality:2]]
[2020.12.18-18.45.10:552][  0]LogConfig: Setting CVar [[r.SSR.Quality:3]]
[2020.12.18-18.45.10:552][  0]LogConfig: Setting CVar [[r.SSR.HalfResSceneColor:0]]
[2020.12.18-18.45.10:552][  0]LogConfig: Setting CVar [[r.SceneColorFormat:4]]
[2020.12.18-18.45.10:552][  0]LogConfig: Setting CVar [[r.DetailMode:2]]
[2020.12.18-18.45.10:552][  0]LogConfig: Setting CVar [[r.TranslucencyVolumeBlur:1]]
[2020.12.18-18.45.10:552][  0]LogConfig: Setting CVar [[r.MaterialQualityLevel:1 ; High quality]]
[2020.12.18-18.45.10:552][  0]LogConfig: Setting CVar [[r.SSS.Scale:1]]
[2020.12.18-18.45.10:552][  0]LogConfig: Setting CVar [[r.SSS.SampleSet:2]]
[2020.12.18-18.45.10:552][  0]LogConfig: Setting CVar [[r.SSS.Quality:1]]
[2020.12.18-18.45.10:552][  0]LogConfig: Setting CVar [[r.SSS.HalfRes:0]]
[2020.12.18-18.45.10:552][  0]LogConfig: Setting CVar [[r.SSGI.Quality:3]]
[2020.12.18-18.45.10:552][  0]LogConfig: Setting CVar [[r.EmitterSpawnRateScale:1.0]]
[2020.12.18-18.45.10:552][  0]LogConfig: Setting CVar [[r.ParticleLightQuality:2]]
[2020.12.18-18.45.10:552][  0]LogConfig: Setting CVar [[r.SkyAtmosphere.AerialPerspectiveLUT.FastApplyOnOpaque:1 ; Always have FastSkyLUT 1 in this case to avoid wrong sky]]
[2020.12.18-18.45.10:552][  0]LogConfig: Setting CVar [[r.SkyAtmosphere.AerialPerspectiveLUT.SampleCountPerSlice:1]]
[2020.12.18-18.45.10:552][  0]LogConfig: Setting CVar [[r.SkyAtmosphere.AerialPerspectiveLUT.DepthResolution:16.0]]
[2020.12.18-18.45.10:552][  0]LogConfig: Setting CVar [[r.SkyAtmosphere.FastSkyLUT:1]]
[2020.12.18-18.45.10:552][  0]LogConfig: Setting CVar [[r.SkyAtmosphere.FastSkyLUT.SampleCountMin:4.0]]
[2020.12.18-18.45.10:552][  0]LogConfig: Setting CVar [[r.SkyAtmosphere.FastSkyLUT.SampleCountMax:32.0]]
[2020.12.18-18.45.10:552][  0]LogConfig: Setting CVar [[r.SkyAtmosphere.SampleCountMin:4.0]]
[2020.12.18-18.45.10:552][  0]LogConfig: Setting CVar [[r.SkyAtmosphere.SampleCountMax:32.0]]
[2020.12.18-18.45.10:552][  0]LogConfig: Setting CVar [[r.SkyAtmosphere.TransmittanceLUT.UseSmallFormat:0]]
[2020.12.18-18.45.10:552][  0]LogConfig: Setting CVar [[r.SkyAtmosphere.TransmittanceLUT.SampleCount:10.0]]
[2020.12.18-18.45.10:552][  0]LogConfig: Setting CVar [[r.SkyAtmosphere.MultiScatteringLUT.SampleCount:15.0]]
[2020.12.18-18.45.10:552][  0]LogConfig: Applying CVar settings from Section [FoliageQuality@3] File [C:/Users/seanp/Documents/GitHub/MechaBane/MechaBane/MechaBane/Saved/Config/Windows/Scalability.ini]
[2020.12.18-18.45.10:552][  0]LogConfig: Setting CVar [[foliage.DensityScale:1.0]]
[2020.12.18-18.45.10:552][  0]LogConfig: Setting CVar [[grass.DensityScale:1.0]]
[2020.12.18-18.45.10:552][  0]LogConfig: Applying CVar settings from Section [ShadingQuality@3] File [C:/Users/seanp/Documents/GitHub/MechaBane/MechaBane/MechaBane/Saved/Config/Windows/Scalability.ini]
[2020.12.18-18.45.10:553][  0]LogConfig: Setting CVar [[r.HairStrands.SkyLighting.SampleCount:16]]
[2020.12.18-18.45.10:553][  0]LogConfig: Setting CVar [[r.HairStrands.SkyLighting.JitterIntegration:0]]
[2020.12.18-18.45.10:553][  0]LogConfig: Setting CVar [[r.HairStrands.SkyAO.SampleCount:16]]
[2020.12.18-18.45.10:553][  0]LogConfig: Setting CVar [[r.HairStrands.DeepShadow.SuperSampling:0]]
[2020.12.18-18.45.10:553][  0]LogConfig: Setting CVar [[r.HairStrands.VisibilityPPLL:0]]
[2020.12.18-18.45.10:553][  0]LogConfig: Setting CVar [[r.HairStrands.RasterizationScale:0.5]]
[2020.12.18-18.45.10:553][  0]LogConfig: Setting CVar [[r.HairStrands.VelocityRasterizationScale:1]]
[2020.12.18-18.45.10:553][  0]LogInit: Selected Device Profile: [Windows]
[2020.12.18-18.45.10:553][  0]LogInit: Applying CVar settings loaded from the selected device profile: [Windows]
[2020.12.18-18.45.10:553][  0]LogHAL: Display: Platform has ~ 16 GB [16495521792 / 17179869184 / 16], which maps to Larger [LargestMinGB=32, LargerMinGB=12, DefaultMinGB=8, SmallerMinGB=6, SmallestMinGB=0)
[2020.12.18-18.45.10:554][  0]LogInit: Going up to parent DeviceProfile []
[2020.12.18-18.45.10:554][  0]LogConfig: Applying CVar settings from Section [ViewDistanceQuality@3] File [C:/Users/seanp/Documents/GitHub/MechaBane/MechaBane/MechaBane/Saved/Config/Windows/Scalability.ini]
[2020.12.18-18.45.10:554][  0]LogConfig: Setting CVar [[r.SkeletalMeshLODBias:0]]
[2020.12.18-18.45.10:554][  0]LogConfig: Setting CVar [[r.ViewDistanceScale:1.0]]
[2020.12.18-18.45.10:554][  0]LogConfig: Applying CVar settings from Section [AntiAliasingQuality@3] File [C:/Users/seanp/Documents/GitHub/MechaBane/MechaBane/MechaBane/Saved/Config/Windows/Scalability.ini]
[2020.12.18-18.45.10:554][  0]LogConfig: Setting CVar [[r.PostProcessAAQuality:4]]
[2020.12.18-18.45.10:554][  0]LogConfig: Applying CVar settings from Section [ShadowQuality@3] File [C:/Users/seanp/Documents/GitHub/MechaBane/MechaBane/MechaBane/Saved/Config/Windows/Scalability.ini]
[2020.12.18-18.45.10:554][  0]LogConfig: Setting CVar [[r.LightFunctionQuality:1]]
[2020.12.18-18.45.10:554][  0]LogConfig: Setting CVar [[r.ShadowQuality:5]]
[2020.12.18-18.45.10:554][  0]LogConfig: Setting CVar [[r.Shadow.CSM.MaxCascades:10]]
[2020.12.18-18.45.10:554][  0]LogConfig: Setting CVar [[r.Shadow.MaxResolution:2048]]
[2020.12.18-18.45.10:554][  0]LogConfig: Setting CVar [[r.Shadow.MaxCSMResolution:2048]]
[2020.12.18-18.45.10:554][  0]LogConfig: Setting CVar [[r.Shadow.RadiusThreshold:0.01]]
[2020.12.18-18.45.10:554][  0]LogConfig: Setting CVar [[r.Shadow.DistanceScale:1.0]]
[2020.12.18-18.45.10:554][  0]LogConfig: Setting CVar [[r.Shadow.CSM.TransitionScale:1.0]]
[2020.12.18-18.45.10:554][  0]LogConfig: Setting CVar [[r.Shadow.PreShadowResolutionFactor:1.0]]
[2020.12.18-18.45.10:554][  0]LogConfig: Setting CVar [[r.DistanceFieldShadowing:1]]
[2020.12.18-18.45.10:554][  0]LogConfig: Setting CVar [[r.DistanceFieldAO:1]]
[2020.12.18-18.45.10:554][  0]LogConfig: Setting CVar [[r.AOQuality:2]]
[2020.12.18-18.45.10:554][  0]LogConfig: Setting CVar [[r.VolumetricFog:1]]
[2020.12.18-18.45.10:554][  0]LogConfig: Setting CVar [[r.VolumetricFog.GridPixelSize:8]]
[2020.12.18-18.45.10:554][  0]LogConfig: Setting CVar [[r.VolumetricFog.GridSizeZ:128]]
[2020.12.18-18.45.10:554][  0]LogConfig: Setting CVar [[r.VolumetricFog.HistoryMissSupersampleCount:4]]
[2020.12.18-18.45.10:554][  0]LogConfig: Setting CVar [[r.LightMaxDrawDistanceScale:1]]
[2020.12.18-18.45.10:554][  0]LogConfig: Setting CVar [[r.CapsuleShadows:1]]
[2020.12.18-18.45.10:554][  0]LogConfig: Applying CVar settings from Section [PostProcessQuality@3] File [C:/Users/seanp/Documents/GitHub/MechaBane/MechaBane/MechaBane/Saved/Config/Windows/Scalability.ini]
[2020.12.18-18.45.10:554][  0]LogConfig: Setting CVar [[r.MotionBlurQuality:4]]
[2020.12.18-18.45.10:554][  0]LogConfig: Setting CVar [[r.AmbientOcclusionMipLevelFactor:0.4]]
[2020.12.18-18.45.10:554][  0]LogConfig: Setting CVar [[r.AmbientOcclusionMaxQuality:100]]
[2020.12.18-18.45.10:554][  0]LogConfig: Setting CVar [[r.AmbientOcclusionLevels:-1]]
[2020.12.18-18.45.10:554][  0]LogConfig: Setting CVar [[r.AmbientOcclusionRadiusScale:1.0]]
[2020.12.18-18.45.10:554][  0]LogConfig: Setting CVar [[r.DepthOfFieldQuality:2]]
[2020.12.18-18.45.10:554][  0]LogConfig: Setting CVar [[r.RenderTargetPoolMin:400]]
[2020.12.18-18.45.10:555][  0]LogConfig: Setting CVar [[r.LensFlareQuality:2]]
[2020.12.18-18.45.10:555][  0]LogConfig: Setting CVar [[r.SceneColorFringeQuality:1]]
[2020.12.18-18.45.10:555][  0]LogConfig: Setting CVar [[r.EyeAdaptationQuality:2]]
[2020.12.18-18.45.10:555][  0]LogConfig: Setting CVar [[r.BloomQuality:5]]
[2020.12.18-18.45.10:555][  0]LogConfig: Setting CVar [[r.FastBlurThreshold:100]]
[2020.12.18-18.45.10:555][  0]LogConfig: Setting CVar [[r.Upscale.Quality:3]]
[2020.12.18-18.45.10:555][  0]LogConfig: Setting CVar [[r.Tonemapper.GrainQuantization:1]]
[2020.12.18-18.45.10:555][  0]LogConfig: Setting CVar [[r.LightShaftQuality:1]]
[2020.12.18-18.45.10:555][  0]LogConfig: Setting CVar [[r.Filter.SizeScale:1]]
[2020.12.18-18.45.10:555][  0]LogConfig: Setting CVar [[r.Tonemapper.Quality:5]]
[2020.12.18-18.45.10:555][  0]LogConfig: Setting CVar [[r.DOF.Gather.AccumulatorQuality:1        ; higher gathering accumulator quality]]
[2020.12.18-18.45.10:555][  0]LogConfig: Setting CVar [[r.DOF.Gather.PostfilterMethod:1          ; Median3x3 postfilering method]]
[2020.12.18-18.45.10:555][  0]LogConfig: Setting CVar [[r.DOF.Gather.EnableBokehSettings:0       ; no bokeh simulation when gathering]]
[2020.12.18-18.45.10:555][  0]LogConfig: Setting CVar [[r.DOF.Gather.RingCount:4                 ; medium number of samples when gathering]]
[2020.12.18-18.45.10:555][  0]LogConfig: Setting CVar [[r.DOF.Scatter.ForegroundCompositing:1    ; additive foreground scattering]]
[2020.12.18-18.45.10:555][  0]LogConfig: Setting CVar [[r.DOF.Scatter.BackgroundCompositing:2    ; additive background scattering]]
[2020.12.18-18.45.10:555][  0]LogConfig: Setting CVar [[r.DOF.Scatter.EnableBokehSettings:1      ; bokeh simulation when scattering]]
[2020.12.18-18.45.10:555][  0]LogConfig: Setting CVar [[r.DOF.Scatter.MaxSpriteRatio:0.1         ; only a maximum of 10% of scattered bokeh]]
[2020.12.18-18.45.10:555][  0]LogConfig: Setting CVar [[r.DOF.Recombine.Quality:1                ; cheap slight out of focus]]
[2020.12.18-18.45.10:555][  0]LogConfig: Setting CVar [[r.DOF.Recombine.EnableBokehSettings:0    ; no bokeh simulation on slight out of focus]]
[2020.12.18-18.45.10:555][  0]LogConfig: Setting CVar [[r.DOF.TemporalAAQuality:1                ; more stable temporal accumulation]]
[2020.12.18-18.45.10:555][  0]LogConfig: Setting CVar [[r.DOF.Kernel.MaxForegroundRadius:0.025]]
[2020.12.18-18.45.10:555][  0]LogConfig: Setting CVar [[r.DOF.Kernel.MaxBackgroundRadius:0.025]]
[2020.12.18-18.45.10:555][  0]LogConfig: Applying CVar settings from Section [TextureQuality@3] File [C:/Users/seanp/Documents/GitHub/MechaBane/MechaBane/MechaBane/Saved/Config/Windows/Scalability.ini]
[2020.12.18-18.45.10:555][  0]LogConfig: Setting CVar [[r.Streaming.MipBias:0]]
[2020.12.18-18.45.10:555][  0]LogConfig: Setting CVar [[r.Streaming.AmortizeCPUToGPUCopy:0]]
[2020.12.18-18.45.10:555][  0]LogConfig: Setting CVar [[r.Streaming.MaxNumTexturesToStreamPerFrame:0]]
[2020.12.18-18.45.10:555][  0]LogConfig: Setting CVar [[r.Streaming.Boost:1]]
[2020.12.18-18.45.10:555][  0]LogConfig: Setting CVar [[r.MaxAnisotropy:8]]
[2020.12.18-18.45.10:555][  0]LogConfig: Setting CVar [[r.VT.MaxAnisotropy:8]]
[2020.12.18-18.45.10:555][  0]LogConfig: Setting CVar [[r.Streaming.LimitPoolSizeToVRAM:0]]
[2020.12.18-18.45.10:555][  0]LogConfig: Setting CVar [[r.Streaming.PoolSize:1000]]
[2020.12.18-18.45.10:555][  0]LogConfig: Setting CVar [[r.Streaming.MaxEffectiveScreenSize:0]]
[2020.12.18-18.45.10:555][  0]LogConfig: Applying CVar settings from Section [EffectsQuality@3] File [C:/Users/seanp/Documents/GitHub/MechaBane/MechaBane/MechaBane/Saved/Config/Windows/Scalability.ini]
[2020.12.18-18.45.10:555][  0]LogConfig: Setting CVar [[r.TranslucencyLightingVolumeDim:64]]
[2020.12.18-18.45.10:555][  0]LogConfig: Setting CVar [[r.RefractionQuality:2]]
[2020.12.18-18.45.10:555][  0]LogConfig: Setting CVar [[r.SSR.Quality:3]]
[2020.12.18-18.45.10:555][  0]LogConfig: Setting CVar [[r.SSR.HalfResSceneColor:0]]
[2020.12.18-18.45.10:555][  0]LogConfig: Setting CVar [[r.SceneColorFormat:4]]
[2020.12.18-18.45.10:555][  0]LogConfig: Setting CVar [[r.DetailMode:2]]
[2020.12.18-18.45.10:555][  0]LogConfig: Setting CVar [[r.TranslucencyVolumeBlur:1]]
[2020.12.18-18.45.10:555][  0]LogConfig: Setting CVar [[r.MaterialQualityLevel:1 ; High quality]]
[2020.12.18-18.45.10:555][  0]LogConfig: Setting CVar [[r.SSS.Scale:1]]
[2020.12.18-18.45.10:555][  0]LogConfig: Setting CVar [[r.SSS.SampleSet:2]]
[2020.12.18-18.45.10:555][  0]LogConfig: Setting CVar [[r.SSS.Quality:1]]
[2020.12.18-18.45.10:555][  0]LogConfig: Setting CVar [[r.SSS.HalfRes:0]]
[2020.12.18-18.45.10:555][  0]LogConfig: Setting CVar [[r.SSGI.Quality:3]]
[2020.12.18-18.45.10:555][  0]LogConfig: Setting CVar [[r.EmitterSpawnRateScale:1.0]]
[2020.12.18-18.45.10:555][  0]LogConfig: Setting CVar [[r.ParticleLightQuality:2]]
[2020.12.18-18.45.10:555][  0]LogConfig: Setting CVar [[r.SkyAtmosphere.AerialPerspectiveLUT.FastApplyOnOpaque:1 ; Always have FastSkyLUT 1 in this case to avoid wrong sky]]
[2020.12.18-18.45.10:555][  0]LogConfig: Setting CVar [[r.SkyAtmosphere.AerialPerspectiveLUT.SampleCountPerSlice:1]]
[2020.12.18-18.45.10:555][  0]LogConfig: Setting CVar [[r.SkyAtmosphere.AerialPerspectiveLUT.DepthResolution:16.0]]
[2020.12.18-18.45.10:555][  0]LogConfig: Setting CVar [[r.SkyAtmosphere.FastSkyLUT:1]]
[2020.12.18-18.45.10:555][  0]LogConfig: Setting CVar [[r.SkyAtmosphere.FastSkyLUT.SampleCountMin:4.0]]
[2020.12.18-18.45.10:555][  0]LogConfig: Setting CVar [[r.SkyAtmosphere.FastSkyLUT.SampleCountMax:32.0]]
[2020.12.18-18.45.10:555][  0]LogConfig: Setting CVar [[r.SkyAtmosphere.SampleCountMin:4.0]]
[2020.12.18-18.45.10:555][  0]LogConfig: Setting CVar [[r.SkyAtmosphere.SampleCountMax:32.0]]
[2020.12.18-18.45.10:555][  0]LogConfig: Setting CVar [[r.SkyAtmosphere.TransmittanceLUT.UseSmallFormat:0]]
[2020.12.18-18.45.10:555][  0]LogConfig: Setting CVar [[r.SkyAtmosphere.TransmittanceLUT.SampleCount:10.0]]
[2020.12.18-18.45.10:555][  0]LogConfig: Setting CVar [[r.SkyAtmosphere.MultiScatteringLUT.SampleCount:15.0]]
[2020.12.18-18.45.10:555][  0]LogConfig: Applying CVar settings from Section [FoliageQuality@3] File [C:/Users/seanp/Documents/GitHub/MechaBane/MechaBane/MechaBane/Saved/Config/Windows/Scalability.ini]
[2020.12.18-18.45.10:555][  0]LogConfig: Setting CVar [[foliage.DensityScale:1.0]]
[2020.12.18-18.45.10:555][  0]LogConfig: Setting CVar [[grass.DensityScale:1.0]]
[2020.12.18-18.45.10:555][  0]LogConfig: Applying CVar settings from Section [ShadingQuality@3] File [C:/Users/seanp/Documents/GitHub/MechaBane/MechaBane/MechaBane/Saved/Config/Windows/Scalability.ini]
[2020.12.18-18.45.10:555][  0]LogConfig: Setting CVar [[r.HairStrands.SkyLighting.SampleCount:16]]
[2020.12.18-18.45.10:555][  0]LogConfig: Setting CVar [[r.HairStrands.SkyLighting.JitterIntegration:0]]
[2020.12.18-18.45.10:555][  0]LogConfig: Setting CVar [[r.HairStrands.SkyAO.SampleCount:16]]
[2020.12.18-18.45.10:555][  0]LogConfig: Setting CVar [[r.HairStrands.DeepShadow.SuperSampling:0]]
[2020.12.18-18.45.10:555][  0]LogConfig: Setting CVar [[r.HairStrands.VisibilityPPLL:0]]
[2020.12.18-18.45.10:555][  0]LogConfig: Setting CVar [[r.HairStrands.RasterizationScale:0.5]]
[2020.12.18-18.45.10:555][  0]LogConfig: Setting CVar [[r.HairStrands.VelocityRasterizationScale:1]]
[2020.12.18-18.45.10:555][  0]LogConfig: Applying CVar settings from Section [Startup] File [../../../Engine/Config/ConsoleVariables.ini]
[2020.12.18-18.45.10:556][  0]LogConfig: Setting CVar [[net.UseAdaptiveNetUpdateFrequency:0]]
[2020.12.18-18.45.10:556][  0]LogConfig: Setting CVar [[p.chaos.AllowCreatePhysxBodies:1]]
[2020.12.18-18.45.10:556][  0]LogConfig: Setting CVar [[fx.SkipVectorVMBackendOptimizations:1]]
[2020.12.18-18.45.10:556][  0]LogConfig: Applying CVar settings from Section [ConsoleVariables] File [C:/Users/seanp/Documents/GitHub/MechaBane/MechaBane/MechaBane/Saved/Config/Windows/Engine.ini]
[2020.12.18-18.45.10:556][  0]LogInit: Computer: LAPTOP-304JBCSU
[2020.12.18-18.45.10:556][  0]LogInit: User: seanp
[2020.12.18-18.45.10:556][  0]LogInit: CPU Page size=4096, Cores=8
[2020.12.18-18.45.10:556][  0]LogInit: High frequency timer resolution =10.000000 MHz
[2020.12.18-18.45.10:556][  0]LogMemory: Memory total: Physical=15.4GB (16GB approx)
[2020.12.18-18.45.10:556][  0]LogMemory: Platform Memory Stats for Windows
[2020.12.18-18.45.10:556][  0]LogMemory: Process Physical Memory: 116.70 MB used, 116.71 MB peak
[2020.12.18-18.45.10:556][  0]LogMemory: Process Virtual Memory: 106.36 MB used, 106.36 MB peak
[2020.12.18-18.45.10:556][  0]LogMemory: Physical Memory: 8063.66 MB used,  7667.70 MB free, 15731.36 MB total
[2020.12.18-18.45.10:556][  0]LogMemory: Virtual Memory: 5193.13 MB used,  134212536.00 MB free, 134217728.00 MB total
[2020.12.18-18.45.10:563][  0]LogWindows: WindowsPlatformFeatures enabled
[2020.12.18-18.45.10:739][  0]LogInit: Physics initialised using underlying interface: PhysX
[2020.12.18-18.45.10:744][  0]LogInit: Using OS detected language (en-US).
[2020.12.18-18.45.10:744][  0]LogInit: Using OS detected locale (en-US).
[2020.12.18-18.45.10:763][  0]LogTextLocalizationManager: No specific localization for 'en-US' exists, so the 'en' localization will be used.
[2020.12.18-18.45.11:018][  0]LogInit: Setting process to per monitor DPI aware
[2020.12.18-18.45.11:103][  0]LogSlate: New Slate User Created.  User Index 0, Is Virtual User: 0
[2020.12.18-18.45.11:103][  0]LogSlate: Slate User Registered.  User Index 0, Is Virtual User: 0
[2020.12.18-18.45.12:279][  0]LogHMD: Failed to initialize OpenVR with code 110
[2020.12.18-18.45.12:279][  0]LogD3D11RHI: D3D11 min allowed feature level: 11_0
[2020.12.18-18.45.12:279][  0]LogD3D11RHI: D3D11 max allowed feature level: 11_0
[2020.12.18-18.45.12:279][  0]LogD3D11RHI: D3D11 adapters:
[2020.12.18-18.45.12:380][  0]LogD3D11RHI:    0. 'NVIDIA GeForce GTX 1660 Ti' (Feature Level 11_0)
[2020.12.18-18.45.12:380][  0]LogD3D11RHI:       5991/0/7865 MB DedicatedVideo/DedicatedSystem/SharedSystem, Outputs:2, VendorId:0x10de
[2020.12.18-18.45.12:429][  0]LogD3D11RHI:    1. 'AMD Radeon(TM) Graphics' (Feature Level 11_0)
[2020.12.18-18.45.12:429][  0]LogD3D11RHI:       496/0/7865 MB DedicatedVideo/DedicatedSystem/SharedSystem, Outputs:0, VendorId:0x1002
[2020.12.18-18.45.12:432][  0]LogD3D11RHI:    2. 'Microsoft Basic Render Driver' (Feature Level 11_0)
[2020.12.18-18.45.12:432][  0]LogD3D11RHI:       0/0/7865 MB DedicatedVideo/DedicatedSystem/SharedSystem, Outputs:0, VendorId:0x1414
[2020.12.18-18.45.12:432][  0]LogD3D11RHI: Chosen D3D11 Adapter: 0
[2020.12.18-18.45.12:453][  0]LogD3D11RHI: Creating new Direct3DDevice
[2020.12.18-18.45.12:453][  0]LogD3D11RHI:     GPU DeviceId: 0x2191 (for the marketing name, search the web for "GPU Device Id")
[2020.12.18-18.45.12:453][  0]LogWindows: EnumDisplayDevices:
[2020.12.18-18.45.12:454][  0]LogWindows:    0. 'AMD Radeon(TM) Graphics' (P:1 D:1)
[2020.12.18-18.45.12:454][  0]LogWindows:    1. 'AMD Radeon(TM) Graphics' (P:0 D:0)
[2020.12.18-18.45.12:454][  0]LogWindows:    2. 'AMD Radeon(TM) Graphics' (P:0 D:0)
[2020.12.18-18.45.12:455][  0]LogWindows:    3. 'NVIDIA GeForce GTX 1660 Ti' (P:0 D:1)
[2020.12.18-18.45.12:455][  0]LogWindows:    4. 'NVIDIA GeForce GTX 1660 Ti' (P:0 D:0)
[2020.12.18-18.45.12:455][  0]LogWindows:    5. 'NVIDIA GeForce GTX 1660 Ti' (P:0 D:0)
[2020.12.18-18.45.12:455][  0]LogWindows:    6. 'NVIDIA GeForce GTX 1660 Ti' (P:0 D:0)
[2020.12.18-18.45.12:455][  0]LogWindows: DebugString: PrimaryIsNotTheChoosenAdapter PrimaryIsNotTheChoosenAdapter PrimaryIsNotTheChoosenAdapter FoundDriverCount:4 
[2020.12.18-18.45.12:456][  0]LogD3D11RHI:     Adapter Name: NVIDIA GeForce GTX 1660 Ti
[2020.12.18-18.45.12:456][  0]LogD3D11RHI:   Driver Version: 452.41 (internal:27.21.14.5241, unified:452.41)
[2020.12.18-18.45.12:456][  0]LogD3D11RHI:      Driver Date: 9-23-2020
[2020.12.18-18.45.12:456][  0]LogRHI: Texture pool is 4193 MB (70% of 5991 MB)
[2020.12.18-18.45.12:509][  0]LogD3D11RHI: RHI has support for 64 bit atomics
[2020.12.18-18.45.12:510][  0]LogD3D11RHI: Async texture creation enabled
[2020.12.18-18.45.12:510][  0]LogD3D11RHI: Array index from any shader is supported
[2020.12.18-18.45.12:534][  0]LogD3D11RHI: GPU Timing Frequency: 1000.000000 (Debug: 2 1)
[2020.12.18-18.45.12:962][  0]LogTargetPlatformManager: Display: Loaded TargetPlatform 'AllDesktop'
[2020.12.18-18.45.13:003][  0]LogTargetPlatformManager: Display: Loaded TargetPlatform 'Android'
[2020.12.18-18.45.13:003][  0]LogTargetPlatformManager: Display: Loaded TargetPlatform 'Android_ASTC'
[2020.12.18-18.45.13:003][  0]LogTargetPlatformManager: Display: Loaded TargetPlatform 'Android_DXT'
[2020.12.18-18.45.13:003][  0]LogTargetPlatformManager: Display: Loaded TargetPlatform 'Android_ETC2'
[2020.12.18-18.45.13:003][  0]LogTargetPlatformManager: Display: Loaded TargetPlatform 'AndroidClient'
[2020.12.18-18.45.13:003][  0]LogTargetPlatformManager: Display: Loaded TargetPlatform 'Android_ASTCClient'
[2020.12.18-18.45.13:003][  0]LogTargetPlatformManager: Display: Loaded TargetPlatform 'Android_DXTClient'
[2020.12.18-18.45.13:003][  0]LogTargetPlatformManager: Display: Loaded TargetPlatform 'Android_ETC2Client'
[2020.12.18-18.45.13:003][  0]LogTargetPlatformManager: Display: Loaded TargetPlatform 'Android_Multi'
[2020.12.18-18.45.13:003][  0]LogTargetPlatformManager: Display: Loaded TargetPlatform 'Android_MultiClient'
[2020.12.18-18.45.13:087][  0]LogTargetPlatformManager: Display: Loaded TargetPlatform 'IOSClient'
[2020.12.18-18.45.13:087][  0]LogTargetPlatformManager: Display: Loaded TargetPlatform 'IOS'
[2020.12.18-18.45.13:108][  0]LogTargetPlatformManager: Display: Loaded TargetPlatform 'Linux'
[2020.12.18-18.45.13:132][  0]LogTargetPlatformManager: Display: Loaded TargetPlatform 'LinuxNoEditor'
[2020.12.18-18.45.13:157][  0]LogTargetPlatformManager: Display: Loaded TargetPlatform 'LinuxClient'
[2020.12.18-18.45.13:181][  0]LogTargetPlatformManager: Display: Loaded TargetPlatform 'LinuxServer'
[2020.12.18-18.45.13:205][  0]LogTargetPlatformManager: Display: Loaded TargetPlatform 'LinuxAArch64NoEditor'
[2020.12.18-18.45.13:229][  0]LogTargetPlatformManager: Display: Loaded TargetPlatform 'LinuxAArch64Client'
[2020.12.18-18.45.13:255][  0]LogTargetPlatformManager: Display: Loaded TargetPlatform 'LinuxAArch64Server'
[2020.12.18-18.45.13:302][  0]LogTargetPlatformManager: Display: Loaded TargetPlatform 'Lumin'
[2020.12.18-18.45.13:302][  0]LogTargetPlatformManager: Display: Loaded TargetPlatform 'LuminClient'
[2020.12.18-18.45.13:331][  0]LogTargetPlatformManager: Display: Loaded TargetPlatform 'TVOSClient'
[2020.12.18-18.45.13:331][  0]LogTargetPlatformManager: Display: Loaded TargetPlatform 'TVOS'
[2020.12.18-18.45.13:355][  0]LogTargetPlatformManager: Display: Loaded TargetPlatform 'WindowsNoEditor'
[2020.12.18-18.45.13:368][  0]LogTargetPlatformManager: Display: Loaded TargetPlatform 'Windows'
[2020.12.18-18.45.13:393][  0]LogTargetPlatformManager: Display: Loaded TargetPlatform 'WindowsClient'
[2020.12.18-18.45.13:417][  0]LogTargetPlatformManager: Display: Loaded TargetPlatform 'WindowsServer'
[2020.12.18-18.45.13:417][  0]LogTargetPlatformManager: Display: Building Assets For Windows
[2020.12.18-18.45.13:660][  0]LogAudioDebug: Display: Lib vorbis DLL was dynamically loaded.
[2020.12.18-18.45.14:676][  0]LogShaderCompilers: Guid format shader working directory is -31 characters bigger than the processId version (../../../../../../Users/seanp/Documents/GitHub/MechaBane/MechaBane/MechaBane/Intermediate/Shaders/WorkingDirectory/23808/).
[2020.12.18-18.45.14:676][  0]LogShaderCompilers: Cleaned the shader compiler working directory 'C:/Users/seanp/AppData/Local/Temp/UnrealShaderWorkingDir/EC96AB5D470D3C71AD42BF968B1559DC/'.
[2020.12.18-18.45.14:677][  0]LogXGEController: Cleaning working directory: C:/Users/seanp/AppData/Local/Temp/UnrealXGEWorkingDir/
[2020.12.18-18.45.14:677][  0]LogXGEController: Cannot use XGE Controller as Incredibuild is not installed on this machine.
[2020.12.18-18.45.14:677][  0]LogShaderCompilers: Cannot use XGE Shader Compiler as Incredibuild is not installed on this machine.
[2020.12.18-18.45.14:677][  0]LogShaderCompilers: Display: Using Local Shader Compiler.
[2020.12.18-18.45.15:524][  0]LogDerivedDataCache: Display: Max Cache Size: 512 MB
[2020.12.18-18.45.15:591][  0]LogDerivedDataCache: Loaded boot cache 0.07s 75MB C:/Users/seanp/AppData/Local/UnrealEngine/4.25/DerivedDataCache/Boot.ddc.
[2020.12.18-18.45.15:591][  0]LogDerivedDataCache: Display: Loaded Boot cache: C:/Users/seanp/AppData/Local/UnrealEngine/4.25/DerivedDataCache/Boot.ddc
[2020.12.18-18.45.15:592][  0]LogDerivedDataCache: FDerivedDataBackendGraph:  Pak pak cache file ../../../../../../Users/seanp/Documents/GitHub/MechaBane/MechaBane/MechaBane/DerivedDataCache/DDC.ddp not found, will not use a pak cache.
[2020.12.18-18.45.15:592][  0]LogDerivedDataCache: Unable to find inner node Pak for hierarchical cache Hierarchy.
[2020.12.18-18.45.15:592][  0]LogDerivedDataCache: FDerivedDataBackendGraph:  CompressedPak pak cache file ../../../../../../Users/seanp/Documents/GitHub/MechaBane/MechaBane/MechaBane/DerivedDataCache/Compressed.ddp not found, will not use a pak cache.
[2020.12.18-18.45.15:592][  0]LogDerivedDataCache: Unable to find inner node CompressedPak for hierarchical cache Hierarchy.
[2020.12.18-18.45.15:603][  0]LogDerivedDataCache: Display: Pak cache opened for reading ../../../Engine/DerivedDataCache/Compressed.ddp.
[2020.12.18-18.45.15:603][  0]LogDerivedDataCache: FDerivedDataBackendGraph:  EnterprisePak pak cache file ../../../Enterprise/DerivedDataCache/Compressed.ddp not found, will not use a pak cache.
[2020.12.18-18.45.15:604][  0]LogDerivedDataCache: Unable to find inner node EnterprisePak for hierarchical cache Hierarchy.
[2020.12.18-18.45.15:605][  0]LogDerivedDataCache: Using Local data cache path C:/Users/seanp/AppData/Local/UnrealEngine/Common/DerivedDataCache: Writable
[2020.12.18-18.45.15:605][  0]LogDerivedDataCache: Shared data cache path not found in *engine.ini, will not use an Shared cache.
[2020.12.18-18.45.15:605][  0]LogDerivedDataCache: Unable to find inner node Shared for hierarchical cache Hierarchy.
[2020.12.18-18.45.15:654][  0]LogSlate: Using FreeType 2.10.0
[2020.12.18-18.45.15:667][  0]LogSlate: SlateFontServices - WITH_FREETYPE: 1, WITH_HARFBUZZ: 1
[2020.12.18-18.45.15:708][  0]LogAssetRegistry: FAssetRegistry took 0.0044 seconds to start up
[2020.12.18-18.45.15:996][  0]LogInit: Selected Device Profile: [Windows]
[2020.12.18-18.45.16:546][  0]LogMeshReduction: Using QuadricMeshReduction for automatic static mesh reduction
[2020.12.18-18.45.16:546][  0]LogMeshReduction: Using SimplygonMeshReduction for automatic skeletal mesh reduction
[2020.12.18-18.45.16:546][  0]LogMeshReduction: Using ProxyLODMeshReduction for automatic mesh merging
[2020.12.18-18.45.16:546][  0]LogMeshReduction: No distributed automatic mesh merging module available
[2020.12.18-18.45.16:546][  0]LogMeshMerging: No distributed automatic mesh merging module available
[2020.12.18-18.45.16:593][  0]LogNetVersion: MechaBane 1.0.0, NetCL: 13144385, EngineNetVer: 14, GameNetVer: 0 (Checksum: 1886164590)
[2020.12.18-18.45.17:143][  0]LogAISub: UAISubsystem::UAISubsystem AISubsystem (000002CE7472E9C0), frame # 0
[2020.12.18-18.45.17:143][  0]LogAISub: UAISubsystem::UAISubsystem AIPerceptionSystem (000002CE746087C0), frame # 0
[2020.12.18-18.45.17:146][  0]LogAISub: UAISubsystem::UAISubsystem EnvQueryManager (000002CE74625C00), frame # 0
[2020.12.18-18.45.17:216][  0]LogPackageLocalizationCache: Processed 20 localized package path(s) for 1 prioritized culture(s) in 0.059438 seconds
[2020.12.18-18.45.17:222][  0]LogUObjectArray: 15917 objects as part of root set at end of initial load.
[2020.12.18-18.45.17:222][  0]LogUObjectAllocator: 3965568 out of 0 bytes used by permanent object pool.
[2020.12.18-18.45.17:222][  0]LogUObjectArray: CloseDisregardForGC: 0/0 objects in disregard for GC pool
[2020.12.18-18.45.18:691][  0]LogTcpMessaging: Initializing TcpMessaging bridge
[2020.12.18-18.45.18:700][  0]LogUdpMessaging: Initializing bridge on interface 0.0.0.0:0 to multicast group 230.0.0.1:6666.
[2020.12.18-18.45.18:934][  0]SourceControl: Source control is disabled
[2020.12.18-18.45.18:934][  0]SourceControl: Source control is disabled
[2020.12.18-18.45.19:047][  0]SourceControl: Source control is disabled
[2020.12.18-18.45.19:055][  0]SourceControl: Source control is disabled
[2020.12.18-18.45.19:086][  0]SourceControl: Source control is disabled
[2020.12.18-18.45.20:726][  0]LogAndroidPermission: UAndroidPermissionCallbackProxy::GetInstance
[2020.12.18-18.45.20:793][  0]LogAudioCaptureCore: Display: No Audio Capture implementations found. Audio input will be silent.
[2020.12.18-18.45.20:793][  0]LogAudioCaptureCore: Display: No Audio Capture implementations found. Audio input will be silent.
[2020.12.18-18.45.20:925][  0]LogOcInput: OculusInput pre-init called
[2020.12.18-18.45.20:946][  0]LogWindows: Failed to load 'OVRPlugin.dll' (GetLastError=126)
[2020.12.18-18.45.20:947][  0]LogWindows: File 'OVRPlugin.dll' does not exist
[2020.12.18-18.45.21:144][  0]LogEngine: Initializing Engine...
[2020.12.18-18.45.21:145][  0]LogHMD: Failed to initialize OpenVR with code 110
[2020.12.18-18.45.21:145][  0]LogMagicLeap: Warning: VR disabled because ZI is not enabled.  To enable, in the editor, Edit -> Project Settings -> Plugins -> Magic Leap Plugin -> Enable Zero Iteration
[2020.12.18-18.45.21:148][  0]LogStats: UGameplayTagsManager::InitializeManager -  0.001 s
[2020.12.18-18.45.21:283][  0]LogInit: Initializing FReadOnlyCVARCache
[2020.12.18-18.45.21:308][  0]LogAIModule: Creating AISystem for world Untitled
[2020.12.18-18.45.21:308][  0]LogAISub: UAISubsystem::UAISubsystem EnvQueryManager (000002CE7BD1C600), frame # 0
[2020.12.18-18.45.21:308][  0]LogAISub: UAISubsystem::UAISubsystem AIPerceptionSystem (000002CE7BD2D800), frame # 0
[2020.12.18-18.45.21:331][  0]LogAudioMixer: Display: Audio Mixer Platform Settings:
[2020.12.18-18.45.21:331][  0]LogAudioMixer: Display: 	Sample Rate:						  48000
[2020.12.18-18.45.21:331][  0]LogAudioMixer: Display: 	Callback Buffer Frame Size Requested: 1024
[2020.12.18-18.45.21:331][  0]LogAudioMixer: Display: 	Callback Buffer Frame Size To Use:	  1024
[2020.12.18-18.45.21:331][  0]LogAudioMixer: Display: 	Number of buffers to queue:			  2
[2020.12.18-18.45.21:331][  0]LogAudioMixer: Display: 	Max Channels (voices):				  32
[2020.12.18-18.45.21:331][  0]LogAudioMixer: Display: 	Number of Async Source Workers:		  0
[2020.12.18-18.45.21:331][  0]LogAudio: Display: AudioDevice MaxSources: 32
[2020.12.18-18.45.21:332][  0]LogAudio: Display: Using built-in audio occlusion.
[2020.12.18-18.45.21:332][  0]LogAudioMixer: Display: Initializing audio mixer.
[2020.12.18-18.45.21:357][  0]LogAudioMixer: Display: 0: FrontLeft
[2020.12.18-18.45.21:357][  0]LogAudioMixer: Display: 1: FrontRight
[2020.12.18-18.45.21:411][  0]LogAudioMixer: Display: Using Audio Device Speakers (USB Audio Device)
[2020.12.18-18.45.21:413][  0]LogAudioMixer: Display: Initializing Sound Submixes...
[2020.12.18-18.45.21:416][  0]LogAudioMixer: Display: Creating Master Submix 'MasterSubmixDefault'
[2020.12.18-18.45.21:416][  0]LogAudioMixer: Display: Creating Master Submix 'MasterReverbSubmixDefault'
[2020.12.18-18.45.21:418][  0]LogAudioMixer: Display: Creating Master Submix 'MasterEQSubmixDefault'
[2020.12.18-18.45.21:419][  0]LogInit: FAudioDevice initialized.
[2020.12.18-18.45.21:420][  0]LogNetVersion: Set ProjectVersion to 1.0.0.0. Version Checksum will be recalculated on next use.
[2020.12.18-18.45.21:465][  0]LogDerivedDataCache: Saved boot cache 0.05s 75MB C:/Users/seanp/AppData/Local/UnrealEngine/4.25/DerivedDataCache/Boot.ddc.
[2020.12.18-18.45.21:465][  0]LogInit: Texture streaming: Enabled
[2020.12.18-18.45.21:542][  0]LogEngineSessionManager: EngineSessionManager initialized
[2020.12.18-18.45.21:542][  0]LogEditorSessionSummary: Verbose: Initializing EditorSessionSummaryWriter for editor session tracking
[2020.12.18-18.45.21:546][  0]LogEditorSessionSummary: EditorSessionSummaryWriter initialized
[2020.12.18-18.45.21:614][  0]LogInit: Transaction tracking system initialized
[2020.12.18-18.45.21:774][  0]BlueprintLog: New page: Editor Load
[2020.12.18-18.45.22:394][  0]LocalizationService: Localization service is disabled
[2020.12.18-18.45.22:959][  0]LogCook: Display: Max memory allowance for cook 16384mb min free memory 0mb
[2020.12.18-18.45.22:959][  0]LogCook: Display: Mobile HDR setting 1
[2020.12.18-18.45.23:447][  0]LogFileCache: Scanning file cache for directory 'C:/Users/seanp/Documents/GitHub/MechaBane/MechaBane/MechaBane/Content/' took 0.02s
[2020.12.18-18.45.23:649][  0]SourceControl: Source control is disabled
[2020.12.18-18.45.23:649][  0]LogUnrealEdMisc: Loading editor; pre map load, took 17.663
[2020.12.18-18.45.23:649][  0]Cmd: MAP LOAD FILE="../../../../../../Users/seanp/Documents/GitHub/MechaBane/MechaBane/MechaBane/Content/Maps/Level1.umap" TEMPLATE=0 SHOWPROGRESS=1 FEATURELEVEL=3
[2020.12.18-18.45.23:650][  0]LightingResults: New page: Lighting Build
[2020.12.18-18.45.23:652][  0]LogWorld: UWorld::CleanupWorld for Untitled, bSessionEnded=true, bCleanupResources=true
[2020.12.18-18.45.23:653][  0]LogSlate: InvalidateAllWidgets triggered.  All widgets were invalidated
[2020.12.18-18.45.23:653][  0]MapCheck: New page: Map Check
[2020.12.18-18.45.23:653][  0]LightingResults: New page: Lighting Build
[2020.12.18-18.45.23:667][  0]LogAISub: UAISubsystem::~UAISubsystem EnvQueryManager (000002CE7BD1C600), frame # 0
[2020.12.18-18.45.23:667][  0]LogAISub: UAISubsystem::~UAISubsystem AIPerceptionSystem (000002CE7BD2D800), frame # 0
[2020.12.18-18.45.23:668][  0]LogUObjectHash: Compacting FUObjectHashTables data took   0.68ms
[2020.12.18-18.45.25:115][  0]LogBlueprint: Warning: Node '/Game/SciFiWeapLight/Sound/Rifle/Rifle_Fire_Cue.Rifle_Fire_Cue:SoundCueGraph_11.EdGraphNode_Comment_1' missing NodeGuid because of upgrade from old package version, this can cause deterministic cooking issues please resave package.
[2020.12.18-18.45.25:115][  0]LogBlueprint: Warning: Node '/Game/SciFiWeapLight/Sound/Rifle/Rifle_Fire_Cue.Rifle_Fire_Cue:SoundCueGraph_11.EdGraphNode_Comment_3' missing NodeGuid because of upgrade from old package version, this can cause deterministic cooking issues please resave package.
[2020.12.18-18.45.25:115][  0]LogBlueprint: Warning: Node '/Game/SciFiWeapLight/Sound/Rifle/Rifle_Fire_Cue.Rifle_Fire_Cue:SoundCueGraph_11.SoundCueGraphNode_132' missing NodeGuid because of upgrade from old package version, this can cause deterministic cooking issues please resave package.
[2020.12.18-18.45.25:115][  0]LogBlueprint: Warning: Node '/Game/SciFiWeapLight/Sound/Rifle/Rifle_Fire_Cue.Rifle_Fire_Cue:SoundCueGraph_11.SoundCueGraphNode_139' missing NodeGuid because of upgrade from old package version, this can cause deterministic cooking issues please resave package.
[2020.12.18-18.45.25:115][  0]LogBlueprint: Warning: Node '/Game/SciFiWeapLight/Sound/Rifle/Rifle_Fire_Cue.Rifle_Fire_Cue:SoundCueGraph_11.SoundCueGraphNode_3' missing NodeGuid because of upgrade from old package version, this can cause deterministic cooking issues please resave package.
[2020.12.18-18.45.25:116][  0]LogBlueprint: Warning: Node '/Game/SciFiWeapLight/Sound/Rifle/Rifle_Fire_Cue.Rifle_Fire_Cue:SoundCueGraph_11.SoundCueGraphNode_40' missing NodeGuid because of upgrade from old package version, this can cause deterministic cooking issues please resave package.
[2020.12.18-18.45.25:116][  0]LogBlueprint: Warning: Node '/Game/SciFiWeapLight/Sound/Rifle/Rifle_Fire_Cue.Rifle_Fire_Cue:SoundCueGraph_11.SoundCueGraphNode_41' missing NodeGuid because of upgrade from old package version, this can cause deterministic cooking issues please resave package.
[2020.12.18-18.45.25:116][  0]LogBlueprint: Warning: Node '/Game/SciFiWeapLight/Sound/Rifle/Rifle_Fire_Cue.Rifle_Fire_Cue:SoundCueGraph_11.SoundCueGraphNode_42' missing NodeGuid because of upgrade from old package version, this can cause deterministic cooking issues please resave package.
[2020.12.18-18.45.25:116][  0]LogBlueprint: Warning: Node '/Game/SciFiWeapLight/Sound/Rifle/Rifle_Fire_Cue.Rifle_Fire_Cue:SoundCueGraph_11.SoundCueGraphNode_43' missing NodeGuid because of upgrade from old package version, this can cause deterministic cooking issues please resave package.
[2020.12.18-18.45.25:116][  0]LogBlueprint: Warning: Node '/Game/SciFiWeapLight/Sound/Rifle/Rifle_Fire_Cue.Rifle_Fire_Cue:SoundCueGraph_11.SoundCueGraphNode_44' missing NodeGuid because of upgrade from old package version, this can cause deterministic cooking issues please resave package.
[2020.12.18-18.45.25:116][  0]LogBlueprint: Warning: Node '/Game/SciFiWeapLight/Sound/Rifle/Rifle_Fire_Cue.Rifle_Fire_Cue:SoundCueGraph_11.SoundCueGraphNode_45' missing NodeGuid because of upgrade from old package version, this can cause deterministic cooking issues please resave package.
[2020.12.18-18.45.25:116][  0]LogBlueprint: Warning: Node '/Game/SciFiWeapLight/Sound/Rifle/Rifle_Fire_Cue.Rifle_Fire_Cue:SoundCueGraph_11.SoundCueGraphNode_46' missing NodeGuid because of upgrade from old package version, this can cause deterministic cooking issues please resave package.
[2020.12.18-18.45.25:116][  0]LogBlueprint: Warning: Node '/Game/SciFiWeapLight/Sound/Rifle/Rifle_Fire_Cue.Rifle_Fire_Cue:SoundCueGraph_11.SoundCueGraphNode_47' missing NodeGuid because of upgrade from old package version, this can cause deterministic cooking issues please resave package.
[2020.12.18-18.45.25:116][  0]LogBlueprint: Warning: Node '/Game/SciFiWeapLight/Sound/Rifle/Rifle_Fire_Cue.Rifle_Fire_Cue:SoundCueGraph_11.SoundCueGraphNode_48' missing NodeGuid because of upgrade from old package version, this can cause deterministic cooking issues please resave package.
[2020.12.18-18.45.25:116][  0]LogBlueprint: Warning: Node '/Game/SciFiWeapLight/Sound/Rifle/Rifle_Fire_Cue.Rifle_Fire_Cue:SoundCueGraph_11.SoundCueGraphNode_49' missing NodeGuid because of upgrade from old package version, this can cause deterministic cooking issues please resave package.
[2020.12.18-18.45.25:116][  0]LogBlueprint: Warning: Node '/Game/SciFiWeapLight/Sound/Rifle/Rifle_Fire_Cue.Rifle_Fire_Cue:SoundCueGraph_11.SoundCueGraphNode_50' missing NodeGuid because of upgrade from old package version, this can cause deterministic cooking issues please resave package.
[2020.12.18-18.45.25:116][  0]LogBlueprint: Warning: Node '/Game/SciFiWeapLight/Sound/Rifle/Rifle_Fire_Cue.Rifle_Fire_Cue:SoundCueGraph_11.SoundCueGraphNode_51' missing NodeGuid because of upgrade from old package version, this can cause deterministic cooking issues please resave package.
[2020.12.18-18.45.25:116][  0]LogBlueprint: Warning: Node '/Game/SciFiWeapLight/Sound/Rifle/Rifle_Fire_Cue.Rifle_Fire_Cue:SoundCueGraph_11.SoundCueGraphNode_90' missing NodeGuid because of upgrade from old package version, this can cause deterministic cooking issues please resave package.
[2020.12.18-18.45.25:116][  0]LogBlueprint: Warning: Node '/Game/SciFiWeapLight/Sound/Rifle/Rifle_Fire_Cue.Rifle_Fire_Cue:SoundCueGraph_11.SoundCueGraphNode_Root_11' missing NodeGuid because of upgrade from old package version, this can cause deterministic cooking issues please resave package.
[2020.12.18-18.45.25:529][  0]LogAIModule: Creating AISystem for world Level1
[2020.12.18-18.45.25:530][  0]LogAISub: UAISubsystem::UAISubsystem EnvQueryManager (000002CE150BFE00), frame # 0
[2020.12.18-18.45.25:530][  0]LogAISub: UAISubsystem::UAISubsystem AIPerceptionSystem (000002CE150EDD00), frame # 0
[2020.12.18-18.45.25:735][  0]LogEditorServer: Finished looking for orphan Actors (0.001 secs)
[2020.12.18-18.45.25:859][  0]LogUObjectHash: Compacting FUObjectHashTables data took   1.49ms
[2020.12.18-18.45.25:860][  0]Cmd: MAP CHECKDEP NOCLEARLOG
[2020.12.18-18.45.25:861][  0]MapCheck: Map check complete: 0 Error(s), 0 Warning(s), took 0.91ms to complete.
[2020.12.18-18.45.25:861][  0]LogFileHelpers: Loading map 'Level1' took 2.212
[2020.12.18-18.45.25:872][  0]LogUnrealEdMisc: Total Editor Startup Time, took 19.887
[2020.12.18-18.45.26:414][  0]LogSlate: Updating window title bar state: overlay mode, drag disabled, window buttons hidden, title bar hidden
[2020.12.18-18.45.26:421][  0]LogSlate: Updating window title bar state: overlay mode, drag disabled, window buttons hidden, title bar hidden
[2020.12.18-18.45.26:429][  0]LogSlate: Updating window title bar state: overlay mode, drag disabled, window buttons hidden, title bar hidden
[2020.12.18-18.45.26:436][  0]LogSlate: Updating window title bar state: overlay mode, drag disabled, window buttons hidden, title bar hidden
[2020.12.18-18.45.26:470][  0]LogCollectionManager: Loaded 0 collections in 0.001747 seconds
[2020.12.18-18.45.26:496][  0]LogFileCache: Scanning file cache for directory 'C:/Users/seanp/Documents/GitHub/MechaBane/MechaBane/MechaBane/Saved/Collections/' took 0.00s
[2020.12.18-18.45.26:496][  0]LogFileCache: Scanning file cache for directory 'C:/Users/seanp/Documents/GitHub/MechaBane/MechaBane/MechaBane/Content/Developers/seanp/Collections/' took 0.00s
[2020.12.18-18.45.26:496][  0]LogFileCache: Scanning file cache for directory 'C:/Users/seanp/Documents/GitHub/MechaBane/MechaBane/MechaBane/Content/Collections/' took 0.00s
[2020.12.18-18.45.26:496][  0]LogContentBrowser: Native class hierarchy populated in 0.0101 seconds. Added 3433 classes and 824 folders.
[2020.12.18-18.45.26:503][  0]LogContentBrowser: Native class hierarchy updated for 'WidgetCarousel' in 0.0002 seconds. Added 0 classes and 0 folders.
[2020.12.18-18.45.26:634][  0]LogContentBrowser: Native class hierarchy updated for 'AddContentDialog' in 0.0003 seconds. Added 0 classes and 0 folders.
[2020.12.18-18.45.26:638][  0]LogContentBrowser: Native class hierarchy updated for 'SceneOutliner' in 0.0003 seconds. Added 2 classes and 0 folders.
[2020.12.18-18.45.27:060][  0]LogContentBrowser: Native class hierarchy updated for 'HierarchicalLODOutliner' in 0.0003 seconds. Added 0 classes and 0 folders.
[2020.12.18-18.45.27:061][  0]LogLoad: (Engine Initialization) Total time: 21.07 seconds
[2020.12.18-18.45.27:061][  0]LogLoad: (Engine Initialization) Total Blueprint compile time: 0.00 seconds
[2020.12.18-18.45.27:377][  0]LogRenderer: Reallocating scene render targets to support 64x64 Format 10 NumSamples 1 (Frame:1).
[2020.12.18-18.45.27:377][  0]LogAssetRegistry: Asset discovery search completed in 11.6703 seconds
[2020.12.18-18.45.27:381][  0]LogCollectionManager: Fixed up redirectors for 0 collections in 0.000004 seconds (updated 0 objects)
[2020.12.18-18.45.27:382][  0]LogContentStreaming: Texture pool size now 1000 MB
[2020.12.18-18.45.27:418][  0]LogSlate: Took 0.000829 seconds to synchronously load lazily loaded font '../../../Engine/Content/Slate/Fonts/Roboto-Regular.ttf' (155K)
[2020.12.18-18.45.27:420][  0]LogSlate: Took 0.000745 seconds to synchronously load lazily loaded font '../../../Engine/Content/Slate/Fonts/Roboto-Bold.ttf' (160K)
[2020.12.18-18.45.27:425][  0]LogSlate: Took 0.000465 seconds to synchronously load lazily loaded font '../../../Engine/Content/Editor/Slate/Fonts/FontAwesome.ttf' (139K)
[2020.12.18-18.45.27:517][  0]LogRenderer: Reallocating scene render targets to support 740x396 Format 10 NumSamples 1 (Frame:1).
[2020.12.18-18.45.27:517][  0]LogSlate: Took 0.000548 seconds to synchronously load lazily loaded font '../../../Engine/Content/Slate/Fonts/Roboto-Light.ttf' (167K)
[2020.12.18-18.45.28:547][  4]LogSlate: Took 0.000218 seconds to synchronously load lazily loaded font '../../../Engine/Content/Slate/Fonts/Roboto-Light.ttf' (167K)
[2020.12.18-18.45.31:317][ 15]LogRenderer: Reallocating scene render targets to support 864x448 Format 10 NumSamples 1 (Frame:5).
[2020.12.18-18.45.55:247][426]LogEditorViewport: Clicking on Actor (LMB): StaticMeshActor (SM_Light22)
[2020.12.18-18.45.55:660][445]Cmd: DUPLICATE
[2020.12.18-18.45.55:660][445]Cmd: ACTOR DUPLICATE
[2020.12.18-18.45.56:800][509]Cmd: TRANSACTION UNDO
[2020.12.18-18.45.56:800][509]LogEditorTransaction: Undo Duplicate Actors
[2020.12.18-18.46.15:746][579]Cmd: DUPLICATE
[2020.12.18-18.46.15:746][579]Cmd: ACTOR DUPLICATE
[2020.12.18-18.46.21:057][894]Cmd: DUPLICATE
[2020.12.18-18.46.21:057][894]Cmd: ACTOR DUPLICATE
[2020.12.18-18.46.25:259][143]Cmd: DUPLICATE
[2020.12.18-18.46.25:259][143]Cmd: ACTOR DUPLICATE
[2020.12.18-18.46.28:267][321]Cmd: DUPLICATE
[2020.12.18-18.46.28:267][321]Cmd: ACTOR DUPLICATE
[2020.12.18-18.46.31:407][506]Cmd: DUPLICATE
[2020.12.18-18.46.31:407][506]Cmd: ACTOR DUPLICATE
[2020.12.18-18.46.33:851][650]Cmd: DUPLICATE
[2020.12.18-18.46.33:851][650]Cmd: ACTOR DUPLICATE
[2020.12.18-18.46.47:742][161]LogEditorViewport: Clicking on Actor (LMB): PointLight (PointLight)
[2020.12.18-18.46.49:336][247]LogEditorViewport: Clicking on Actor (CTRL LMB): PointLight (PointLight2)
[2020.12.18-18.46.51:641][383]LogEditorViewport: Clicking on Actor (CTRL LMB): PointLight (PointLight3)
[2020.12.18-18.46.52:882][456]LogEditorViewport: Clicking on Actor (CTRL LMB): PointLight (PointLight4)
[2020.12.18-18.46.55:002][580]LogEditorViewport: Clicking on Actor (CTRL LMB): PointLight (PointLight5)
[2020.12.18-18.46.57:837][747]LogEditorViewport: Clicking on Actor (CTRL LMB): PointLight (PointLight6)
[2020.12.18-18.46.58:999][815]LogEditorViewport: Clicking on Actor (CTRL LMB): PointLight (PointLight7)
[2020.12.18-18.48.17:196][484]Cmd: TRANSACTION UNDO
[2020.12.18-18.48.17:196][484]LogEditorTransaction: Undo Move Actors
[2020.12.18-18.48.19:882][632]Cmd: TRANSACTION UNDO
[2020.12.18-18.48.19:882][632]LogEditorTransaction: Undo Move Actors
[2020.12.18-18.48.20:527][670]Cmd: DUPLICATE
[2020.12.18-18.48.20:527][670]Cmd: ACTOR DUPLICATE
[2020.12.18-18.48.35:414][386]Cmd: DUPLICATE
[2020.12.18-18.48.35:414][386]Cmd: ACTOR DUPLICATE
[2020.12.18-18.48.51:594][306]Cmd: SELECT NONE
[2020.12.18-18.48.53:406][412]LogEditorViewport: Clicking on Actor (LMB): PointLight (PointLight21)
[2020.12.18-18.48.58:882][717]LogEditorViewport: Clicking on Actor (CTRL LMB): PointLight (PointLight14)
[2020.12.18-18.49.07:122][181]LogEditorViewport: Clicking on Actor (CTRL LMB): PointLight (PointLight7)
[2020.12.18-18.49.08:567][266]Cmd: DUPLICATE
[2020.12.18-18.49.08:567][266]Cmd: ACTOR DUPLICATE
[2020.12.18-18.49.20:195][916]Cmd: DUPLICATE
[2020.12.18-18.49.20:195][916]Cmd: ACTOR DUPLICATE
[2020.12.18-18.49.24:908][194]Cmd: DUPLICATE
[2020.12.18-18.49.24:908][194]Cmd: ACTOR DUPLICATE
[2020.12.18-18.49.27:917][371]Cmd: DUPLICATE
[2020.12.18-18.49.27:917][371]Cmd: ACTOR DUPLICATE
[2020.12.18-18.49.30:910][547]Cmd: DUPLICATE
[2020.12.18-18.49.30:910][547]Cmd: ACTOR DUPLICATE
[2020.12.18-18.49.34:488][758]Cmd: DUPLICATE
[2020.12.18-18.49.34:488][758]Cmd: ACTOR DUPLICATE
[2020.12.18-18.49.37:596][941]Cmd: DUPLICATE
[2020.12.18-18.49.37:596][941]Cmd: ACTOR DUPLICATE
[2020.12.18-18.49.41:042][144]Cmd: DUPLICATE
[2020.12.18-18.49.41:042][144]Cmd: ACTOR DUPLICATE
[2020.12.18-18.49.44:550][351]Cmd: DUPLICATE
[2020.12.18-18.49.44:550][351]Cmd: ACTOR DUPLICATE
[2020.12.18-18.50.00:491][240]LogEditorViewport: Clicking on Actor (LMB): PointLight (PointLight23)
[2020.12.18-18.50.00:854][260]Cmd: DUPLICATE
[2020.12.18-18.50.00:854][260]Cmd: ACTOR DUPLICATE
[2020.12.18-18.50.12:683][839]Cmd: DUPLICATE
[2020.12.18-18.50.12:683][839]Cmd: ACTOR DUPLICATE
[2020.12.18-18.50.23:887][454]Cmd: DUPLICATE
[2020.12.18-18.50.23:887][454]Cmd: ACTOR DUPLICATE
[2020.12.18-18.50.27:132][645]Cmd: DUPLICATE
[2020.12.18-18.50.27:132][645]Cmd: ACTOR DUPLICATE
[2020.12.18-18.50.28:986][753]Cmd: DUPLICATE
[2020.12.18-18.50.28:986][753]Cmd: ACTOR DUPLICATE
[2020.12.18-18.50.31:208][883]Cmd: DUPLICATE
[2020.12.18-18.50.31:209][883]Cmd: ACTOR DUPLICATE
[2020.12.18-18.50.34:226][ 61]Cmd: DUPLICATE
[2020.12.18-18.50.34:226][ 61]Cmd: ACTOR DUPLICATE
[2020.12.18-18.50.36:626][202]Cmd: DUPLICATE
[2020.12.18-18.50.36:626][202]Cmd: ACTOR DUPLICATE
[2020.12.18-18.50.39:705][383]Cmd: DUPLICATE
[2020.12.18-18.50.39:705][383]Cmd: ACTOR DUPLICATE
[2020.12.18-18.50.43:205][590]Cmd: DUPLICATE
[2020.12.18-18.50.43:205][590]Cmd: ACTOR DUPLICATE
[2020.12.18-18.50.45:061][698]Cmd: SELECT NONE
[2020.12.18-18.50.50:625][962]LogEditorViewport: Clicking on Actor (LMB): PointLight (PointLight49)
[2020.12.18-18.50.50:903][977]Cmd: DUPLICATE
[2020.12.18-18.50.50:903][977]Cmd: ACTOR DUPLICATE
[2020.12.18-18.50.54:804][208]Cmd: DUPLICATE
[2020.12.18-18.50.54:804][208]Cmd: ACTOR DUPLICATE
[2020.12.18-18.50.57:600][372]Cmd: DUPLICATE
[2020.12.18-18.50.57:601][372]Cmd: ACTOR DUPLICATE
[2020.12.18-18.51.02:589][668]Cmd: DUPLICATE
[2020.12.18-18.51.02:589][668]Cmd: ACTOR DUPLICATE
[2020.12.18-18.51.04:707][792]Cmd: DUPLICATE
[2020.12.18-18.51.04:707][792]Cmd: ACTOR DUPLICATE
[2020.12.18-18.51.07:464][954]Cmd: DUPLICATE
[2020.12.18-18.51.07:464][954]Cmd: ACTOR DUPLICATE
[2020.12.18-18.51.11:137][171]Cmd: DUPLICATE
[2020.12.18-18.51.11:137][171]Cmd: ACTOR DUPLICATE
[2020.12.18-18.51.21:392][743]LogEditorViewport: Clicking on Actor (LMB): PointLight (PointLight49)
[2020.12.18-18.51.21:957][775]Cmd: DUPLICATE
[2020.12.18-18.51.21:957][775]Cmd: ACTOR DUPLICATE
[2020.12.18-18.51.40:326][845]Cmd: DUPLICATE
[2020.12.18-18.51.40:326][845]Cmd: ACTOR DUPLICATE
[2020.12.18-18.51.45:113][129]Cmd: DUPLICATE
[2020.12.18-18.51.45:113][129]Cmd: ACTOR DUPLICATE
[2020.12.18-18.51.48:703][341]Cmd: DUPLICATE
[2020.12.18-18.51.48:703][341]Cmd: ACTOR DUPLICATE
[2020.12.18-18.51.51:667][515]Cmd: DUPLICATE
[2020.12.18-18.51.51:667][515]Cmd: ACTOR DUPLICATE
[2020.12.18-18.51.54:334][672]Cmd: DUPLICATE
[2020.12.18-18.51.54:334][672]Cmd: ACTOR DUPLICATE
[2020.12.18-18.52.09:061][409]LogEditorViewport: Clicking on Actor (LMB): PointLight (PointLight66)
[2020.12.18-18.52.09:535][436]Cmd: DUPLICATE
[2020.12.18-18.52.09:535][436]Cmd: ACTOR DUPLICATE
[2020.12.18-18.52.16:319][826]Cmd: DUPLICATE
[2020.12.18-18.52.16:319][826]Cmd: ACTOR DUPLICATE
[2020.12.18-18.52.21:580][137]Cmd: DUPLICATE
[2020.12.18-18.52.21:580][137]Cmd: ACTOR DUPLICATE
[2020.12.18-18.52.24:259][294]Cmd: DUPLICATE
[2020.12.18-18.52.24:259][294]Cmd: ACTOR DUPLICATE
[2020.12.18-18.52.26:675][436]Cmd: DUPLICATE
[2020.12.18-18.52.26:675][436]Cmd: ACTOR DUPLICATE
[2020.12.18-18.52.30:229][646]Cmd: DUPLICATE
[2020.12.18-18.52.30:229][646]Cmd: ACTOR DUPLICATE
[2020.12.18-18.52.32:461][777]Cmd: DUPLICATE
[2020.12.18-18.52.32:461][777]Cmd: ACTOR DUPLICATE
[2020.12.18-18.52.46:122][519]Cmd: SELECT NONE
[2020.12.18-18.52.47:560][605]LogEditorViewport: Clicking on Actor (LMB): PointLight (PointLight78)
[2020.12.18-18.52.47:806][618]Cmd: DUPLICATE
[2020.12.18-18.52.47:806][618]Cmd: ACTOR DUPLICATE
[2020.12.18-18.53.02:434][459]Cmd: DUPLICATE
[2020.12.18-18.53.02:434][459]Cmd: ACTOR DUPLICATE
[2020.12.18-18.53.04:698][584]Cmd: DUPLICATE
[2020.12.18-18.53.04:698][584]Cmd: ACTOR DUPLICATE
[2020.12.18-18.53.07:129][726]Cmd: DUPLICATE
[2020.12.18-18.53.07:129][726]Cmd: ACTOR DUPLICATE
[2020.12.18-18.53.09:396][858]Cmd: DUPLICATE
[2020.12.18-18.53.09:396][858]Cmd: ACTOR DUPLICATE
[2020.12.18-18.53.12:284][ 27]Cmd: DUPLICATE
[2020.12.18-18.53.12:284][ 27]Cmd: ACTOR DUPLICATE
[2020.12.18-18.53.14:073][131]Cmd: DUPLICATE
[2020.12.18-18.53.14:073][131]Cmd: ACTOR DUPLICATE
[2020.12.18-18.53.16:480][272]Cmd: DUPLICATE
[2020.12.18-18.53.16:480][272]Cmd: ACTOR DUPLICATE
[2020.12.18-18.53.17:970][358]Cmd: SELECT NONE
[2020.12.18-18.53.27:653][928]LogEditorViewport: Clicking on Actor (LMB): PointLight (PointLight79)
[2020.12.18-18.53.28:139][955]Cmd: DUPLICATE
[2020.12.18-18.53.28:139][955]Cmd: ACTOR DUPLICATE
[2020.12.18-18.53.41:668][735]Cmd: DUPLICATE
[2020.12.18-18.53.41:668][735]Cmd: ACTOR DUPLICATE
[2020.12.18-18.53.44:213][880]Cmd: DUPLICATE
[2020.12.18-18.53.44:213][880]Cmd: ACTOR DUPLICATE
[2020.12.18-18.53.48:242][118]Cmd: DUPLICATE
[2020.12.18-18.53.48:242][118]Cmd: ACTOR DUPLICATE
[2020.12.18-18.53.51:989][339]Cmd: DUPLICATE
[2020.12.18-18.53.51:989][339]Cmd: ACTOR DUPLICATE
[2020.12.18-18.53.54:945][513]Cmd: DUPLICATE
[2020.12.18-18.53.54:945][513]Cmd: ACTOR DUPLICATE
[2020.12.18-18.53.57:834][683]Cmd: DUPLICATE
[2020.12.18-18.53.57:834][683]Cmd: ACTOR DUPLICATE
[2020.12.18-18.54.01:058][873]Cmd: DUPLICATE
[2020.12.18-18.54.01:058][873]Cmd: ACTOR DUPLICATE
[2020.12.18-18.54.03:838][ 37]Cmd: DUPLICATE
[2020.12.18-18.54.03:838][ 37]Cmd: ACTOR DUPLICATE
[2020.12.18-18.54.05:854][155]Cmd: SELECT NONE
[2020.12.18-18.54.18:226][801]LogEditorViewport: Clicking on Actor (LMB): PointLight (PointLight65)
[2020.12.18-18.54.18:529][816]Cmd: DUPLICATE
[2020.12.18-18.54.18:529][816]Cmd: ACTOR DUPLICATE
[2020.12.18-18.54.36:044][820]Cmd: DUPLICATE
[2020.12.18-18.54.36:044][820]Cmd: ACTOR DUPLICATE
[2020.12.18-18.54.40:097][ 56]Cmd: DUPLICATE
[2020.12.18-18.54.40:097][ 56]Cmd: ACTOR DUPLICATE
[2020.12.18-18.54.43:857][277]Cmd: DUPLICATE
[2020.12.18-18.54.43:857][277]Cmd: ACTOR DUPLICATE
[2020.12.18-18.54.45:688][382]Cmd: DUPLICATE
[2020.12.18-18.54.45:688][382]Cmd: ACTOR DUPLICATE
[2020.12.18-18.54.49:388][600]Cmd: DUPLICATE
[2020.12.18-18.54.49:388][600]Cmd: ACTOR DUPLICATE
[2020.12.18-18.54.52:274][770]Cmd: DUPLICATE
[2020.12.18-18.54.52:274][770]Cmd: ACTOR DUPLICATE
[2020.12.18-18.54.55:035][932]Cmd: DUPLICATE
[2020.12.18-18.54.55:035][932]Cmd: ACTOR DUPLICATE
[2020.12.18-18.54.57:715][ 90]Cmd: DUPLICATE
[2020.12.18-18.54.57:715][ 90]Cmd: ACTOR DUPLICATE
[2020.12.18-18.55.00:679][265]Cmd: DUPLICATE
[2020.12.18-18.55.00:679][265]Cmd: ACTOR DUPLICATE
[2020.12.18-18.55.03:152][410]Cmd: DUPLICATE
[2020.12.18-18.55.03:152][410]Cmd: ACTOR DUPLICATE
[2020.12.18-18.55.07:709][680]Cmd: DUPLICATE
[2020.12.18-18.55.07:709][680]Cmd: ACTOR DUPLICATE
[2020.12.18-18.55.10:741][859]Cmd: DUPLICATE
[2020.12.18-18.55.10:741][859]Cmd: ACTOR DUPLICATE
[2020.12.18-18.55.12:835][982]Cmd: DUPLICATE
[2020.12.18-18.55.12:835][982]Cmd: ACTOR DUPLICATE
[2020.12.18-18.55.15:160][119]Cmd: SELECT NONE
[2020.12.18-18.55.35:481][271]Cmd: SELECT NONE
[2020.12.18-18.55.38:265][408]LogUObjectHash: Compacting FUObjectHashTables data took   1.55ms
[2020.12.18-18.55.38:336][408]Cmd: OBJ SAVEPACKAGE PACKAGE="/Game/Maps/Level1" FILE="../../../../../../Users/seanp/Documents/GitHub/MechaBane/MechaBane/MechaBane/Content/Maps/Level1.umap" SILENT=true AUTOSAVING=false KEEPDIRTY=false
[2020.12.18-18.55.38:369][408]LogUObjectHash: Compacting FUObjectHashTables data took   0.79ms
[2020.12.18-18.55.39:632][408]LogSavePackage: Moving '../../../../../../Users/seanp/Documents/GitHub/MechaBane/MechaBane/MechaBane/Saved/Level1117751EB49995094D0EB12A2F28CCF8F.tmp' to '../../../../../../Users/seanp/Documents/GitHub/MechaBane/MechaBane/MechaBane/Content/Maps/Level1.umap'
[2020.12.18-18.55.39:668][408]LogFileHelpers: Saving map 'Level1' took 1.333
[2020.12.18-18.55.39:668][408]Cmd: OBJ SAVEPACKAGE PACKAGE="/Game/Maps/Level1_BuiltData" FILE="../../../../../../Users/seanp/Documents/GitHub/MechaBane/MechaBane/MechaBane/Content/Maps/Level1_BuiltData.uasset" SILENT=true
[2020.12.18-18.55.45:101][408]LogSavePackage: Moving '../../../../../../Users/seanp/Documents/GitHub/MechaBane/MechaBane/MechaBane/Saved/Level1_BuiltData7C54B59A4FBE73AC269A6DB04622D4D9.tmp' to '../../../../../../Users/seanp/Documents/GitHub/MechaBane/MechaBane/MechaBane/Content/Maps/Level1_BuiltData.uasset'
[2020.12.18-18.55.45:174][408]AssetCheck: New page: Asset Save: multiple assets
[2020.12.18-18.55.45:174][408]LogContentValidation: Display: Validating World /Game/Maps/Level1.Level1
[2020.12.18-18.55.45:174][408]LogContentValidation: Display: Validating MapBuildDataRegistry /Game/Maps/Level1_BuiltData.Level1_BuiltData
[2020.12.18-21.06.29:106][239]LogRenderer: Reallocating scene render targets to support 864x476 Format 10 NumSamples 1 (Frame:33694).
