Log file open, 10/31/20 21:56:48
LogInit: Display: Running engine for game: MechaBane
LogPlatformFile: Not using cached read wrapper
LogTaskGraph: Started task graph with 5 named threads and 47 total threads with 3 sets of task threads.
LogStats: Stats thread started at 0.533699
LogD3D11RHI: Loaded GFSDK_Aftermath_Lib.x64.dll
LogICUInternationalization: ICU TimeZone Detection - Raw Offset: -6:00, Platform Override: ''
LogPluginManager: Mounting plugin Paper2D
LogPluginManager: Mounting plugin AISupport
LogPluginManager: Mounting plugin LightPropagationVolume
LogPluginManager: Mounting plugin CameraShakePreviewer
LogPluginManager: Mounting plugin ActorLayerUtilities
LogPluginManager: Mounting plugin AnimationSharing
LogPluginManager: Mounting plugin CLionSourceCodeAccess
LogPluginManager: Mounting plugin CodeLiteSourceCodeAccess
LogPluginManager: Mounting plugin GitSourceControl
LogPluginManager: Mounting plugin KDevelopSourceCodeAccess
LogPluginManager: Mounting plugin NullSourceCodeAccess
LogPluginManager: Mounting plugin PerforceSourceControl
LogPluginManager: Mounting plugin PlasticSourceControl
LogPluginManager: Mounting plugin RiderSourceCodeAccess
LogPluginManager: Mounting plugin SubversionSourceControl
LogPluginManager: Mounting plugin UObjectPlugin
LogPluginManager: Mounting plugin VisualStudioCodeSourceCodeAccess
LogPluginManager: Mounting plugin VisualStudioSourceCodeAccess
LogPluginManager: Mounting plugin XCodeSourceCodeAccess
LogPluginManager: Mounting plugin AssetManagerEditor
LogPluginManager: Mounting plugin CryptoKeys
LogPluginManager: Mounting plugin CurveEditorTools
LogPluginManager: Mounting plugin DataValidation
LogPluginManager: Mounting plugin EditorScriptingUtilities
LogPluginManager: Mounting plugin FacialAnimation
LogPluginManager: Mounting plugin GameplayTagsEditor
LogPluginManager: Mounting plugin GeometryMode
LogPluginManager: Mounting plugin MacGraphicsSwitching
LogPluginManager: Mounting plugin MaterialAnalyzer
LogPluginManager: Mounting plugin MobileLauncherProfileWizard
LogPluginManager: Mounting plugin PluginBrowser
LogPluginManager: Mounting plugin SpeedTreeImporter
LogPluginManager: Mounting plugin DatasmithContent
LogPluginManager: Mounting plugin VariantManagerContent
LogPluginManager: Mounting plugin AlembicImporter
LogPluginManager: Mounting plugin AutomationUtils
LogPluginManager: Mounting plugin BackChannel
LogPluginManager: Mounting plugin ChaosCloth
LogPluginManager: Mounting plugin ChaosClothEditor
LogPluginManager: Mounting plugin ChaosEditor
LogPluginManager: Mounting plugin ChaosNiagara
LogPluginManager: Mounting plugin ChaosSolverPlugin
LogPluginManager: Mounting plugin CharacterAI
LogPluginManager: Mounting plugin GeometryCache
LogPluginManager: Mounting plugin GeometryCollectionPlugin
LogPluginManager: Mounting plugin GeometryProcessing
LogPluginManager: Mounting plugin PlanarCut
LogPluginManager: Mounting plugin PlatformCrypto
LogPluginManager: Mounting plugin ProxyLODPlugin
LogPluginManager: Mounting plugin SkeletalReduction
LogPluginManager: Mounting plugin Niagara
LogPluginManager: Mounting plugin MagicLeap
LogPluginManager: Mounting plugin MagicLeapLightEstimation
LogPluginManager: Mounting plugin MagicLeapMedia
LogPluginManager: Mounting plugin MagicLeapPassableWorld
LogPluginManager: Mounting plugin MLSDK
LogPluginManager: Mounting plugin AndroidMedia
LogPluginManager: Mounting plugin AvfMedia
LogPluginManager: Mounting plugin ImgMedia
LogPluginManager: Mounting plugin MediaCompositing
LogPluginManager: Mounting plugin MediaPlayerEditor
LogPluginManager: Mounting plugin WebMMedia
LogPluginManager: Mounting plugin WmfMedia
LogPluginManager: Mounting plugin MeshPainting
LogPluginManager: Mounting plugin TcpMessaging
LogPluginManager: Mounting plugin UdpMessaging
LogPluginManager: Mounting plugin ActorSequence
LogPluginManager: Mounting plugin LevelSequenceEditor
LogPluginManager: Mounting plugin MatineeToLevelSequence
LogPluginManager: Mounting plugin MovieRenderPipeline
LogPluginManager: Mounting plugin TemplateSequence
LogPluginManager: Mounting plugin NetcodeUnitTest
LogPluginManager: Mounting plugin NUTUnrealEngine4
LogPluginManager: Mounting plugin OnlineSubsystemGooglePlay
LogPluginManager: Mounting plugin OnlineSubsystemIOS
LogPluginManager: Mounting plugin OnlineSubsystem
LogPluginManager: Mounting plugin OnlineSubsystemNull
LogPluginManager: Mounting plugin OnlineSubsystemUtils
LogPluginManager: Mounting plugin LauncherChunkInstaller
LogPluginManager: Mounting plugin AndroidDeviceProfileSelector
LogPluginManager: Mounting plugin AndroidMoviePlayer
LogPluginManager: Mounting plugin AndroidPermission
LogPluginManager: Mounting plugin AppleImageUtils
LogPluginManager: Mounting plugin AppleMoviePlayer
LogPluginManager: Mounting plugin ArchVisCharacter
LogPluginManager: Mounting plugin AssetTags
LogPluginManager: Mounting plugin AudioCapture
LogPluginManager: Mounting plugin CableComponent
LogPluginManager: Mounting plugin CustomMeshComponent
LogPluginManager: Mounting plugin EditableMesh
LogPluginManager: Mounting plugin ExampleDeviceProfileSelector
LogPluginManager: Mounting plugin GoogleCloudMessaging
LogPluginManager: Mounting plugin GooglePAD
LogPluginManager: Mounting plugin IOSDeviceProfileSelector
LogPluginManager: Mounting plugin LinuxDeviceProfileSelector
LogPluginManager: Mounting plugin LocationServicesBPLibrary
LogPluginManager: Mounting plugin MobilePatchingUtils
LogPluginManager: Mounting plugin OculusVR
LogPluginManager: Mounting plugin PhysXVehicles
LogPluginManager: Mounting plugin PostSplashScreen
LogPluginManager: Mounting plugin ProceduralMeshComponent
LogPluginManager: Mounting plugin RuntimePhysXCooking
LogPluginManager: Mounting plugin SignificanceManager
LogPluginManager: Mounting plugin SoundFields
LogPluginManager: Mounting plugin SteamVR
LogPluginManager: Mounting plugin Synthesis
LogPluginManager: Mounting plugin WebMMoviePlayer
LogPluginManager: Mounting plugin WindowsMoviePlayer
LogPluginManager: Mounting plugin ScreenshotTools
LogInit: Using libcurl 7.55.1-DEV
LogInit:  - built for x86_64-pc-win32
LogInit:  - supports SSL with OpenSSL/1.1.1
LogInit:  - supports HTTP deflate (compression) using libz 1.2.8
LogInit:  - other features:
LogInit:      CURL_VERSION_SSL
LogInit:      CURL_VERSION_LIBZ
LogInit:      CURL_VERSION_IPV6
LogInit:      CURL_VERSION_ASYNCHDNS
LogInit:      CURL_VERSION_LARGEFILE
LogInit:      CURL_VERSION_IDN
LogInit:  CurlRequestOptions (configurable via config and command line):
LogInit:  - bVerifyPeer = true  - Libcurl will verify peer certificate
LogInit:  - bUseHttpProxy = false  - Libcurl will NOT use HTTP proxy
LogInit:  - bDontReuseConnections = false  - Libcurl will reuse connections
LogInit:  - MaxHostConnections = 16  - Libcurl will limit the number of connections to a host
LogInit:  - LocalHostAddr = Default
LogInit:  - BufferSize = 65536
LogOnline: OSS: Creating online subsystem instance for: NULL
LogInit: WinSock: version 1.1 (2.2), MaxSocks=32767, MaxUdp=65467
LogOnline: OSS: TryLoadSubsystemAndSetDefault: Loaded subsystem for module [NULL]
LogInit: Build: ++UE4+Release-4.25-CL-14469661
LogInit: Engine Version: 4.25.4-14469661+++UE4+Release-4.25
LogInit: Compatible Engine Version: 4.25.0-13144385+++UE4+Release-4.25
LogInit: Net CL: 13144385
LogInit: OS: Windows 10 (Release 1909) (), CPU: AMD Ryzen 7 4800H with Radeon Graphics         , GPU: AMD Radeon(TM) Graphics
LogInit: Compiled (64-bit): Oct 11 2020 08:10:49
LogInit: Compiled with Visual C++: 19.24.28315.00
LogInit: Build Configuration: Development
LogInit: Branch Name: ++UE4+Release-4.25
LogInit: Command Line: 
LogInit: Base Directory: C:/Program Files/Epic Games/UE_4.25/Engine/Binaries/Win64/
LogInit: Allocator: TBB
LogInit: Installed Engine Build: 1
LogDevObjectVersion: Number of dev versions registered: 26
LogDevObjectVersion:   Dev-Blueprints (B0D832E4-1F89-4F0D-ACCF-7EB736FD4AA2): 10
LogDevObjectVersion:   Dev-Build (E1C64328-A22C-4D53-A36C-8E866417BD8C): 0
LogDevObjectVersion:   Dev-Core (375EC13C-06E4-48FB-B500-84F0262A717E): 4
LogDevObjectVersion:   Dev-Editor (E4B068ED-F494-42E9-A231-DA0B2E46BB41): 38
LogDevObjectVersion:   Dev-Framework (CFFC743F-43B0-4480-9391-14DF171D2073): 37
LogDevObjectVersion:   Dev-Mobile (B02B49B5-BB20-44E9-A304-32B752E40360): 2
LogDevObjectVersion:   Dev-Networking (A4E4105C-59A1-49B5-A7C5-40C4547EDFEE): 0
LogDevObjectVersion:   Dev-Online (39C831C9-5AE6-47DC-9A44-9C173E1C8E7C): 0
LogDevObjectVersion:   Dev-Physics (78F01B33-EBEA-4F98-B9B4-84EACCB95AA2): 4
LogDevObjectVersion:   Dev-Platform (6631380F-2D4D-43E0-8009-CF276956A95A): 0
LogDevObjectVersion:   Dev-Rendering (12F88B9F-8875-4AFC-A67C-D90C383ABD29): 43
LogDevObjectVersion:   Dev-Sequencer (7B5AE74C-D270-4C10-A958-57980B212A5A): 12
LogDevObjectVersion:   Dev-VR (D7296918-1DD6-4BDD-9DE2-64A83CC13884): 3
LogDevObjectVersion:   Dev-LoadTimes (C2A15278-BFE7-4AFE-6C17-90FF531DF755): 1
LogDevObjectVersion:   Private-Geometry (6EACA3D4-40EC-4CC1-B786-8BED09428FC5): 3
LogDevObjectVersion:   Dev-AnimPhys (29E575DD-E0A3-4627-9D10-D276232CDCEA): 17
LogDevObjectVersion:   Dev-Anim (AF43A65D-7FD3-4947-9873-3E8ED9C1BB05): 7
LogDevObjectVersion:   Dev-ReflectionCapture (6B266CEC-1EC7-4B8F-A30B-E4D90942FC07): 1
LogDevObjectVersion:   Dev-Automation (0DF73D61-A23F-47EA-B727-89E90C41499A): 1
LogDevObjectVersion:   FortniteMain (601D1886-AC64-4F84-AA16-D3DE0DEAC7D6): 31
LogDevObjectVersion:   Dev-Enterprise (9DFFBCD6-494F-0158-E221-12823C92A888): 10
LogDevObjectVersion:   Dev-Niagara (F2AED0AC-9AFE-416F-8664-AA7FFA26D6FC): 1
LogDevObjectVersion:   Dev-Destruction (174F1F0B-B4C6-45A5-B13F-2EE8D0FB917D): 10
LogDevObjectVersion:   Dev-Physics-Ext (35F94A83-E258-406C-A318-09F59610247C): 37
LogDevObjectVersion:   Dev-PhysicsMaterial-Chaos (B68FC16E-8B1B-42E2-B453-215C058844FE): 1
LogDevObjectVersion:   Dev-CineCamera (B2E18506-4273-CFC2-A54E-F4BB758BBA07): 1
LogInit: Presizing for max 25165824 objects, including 0 objects not considered by GC, pre-allocating 0 bytes for permanent pool.
LogConfig: Applying CVar settings from Section [/Script/Engine.StreamingSettings] File [C:/Users/seanp/Documents/GitHub/MechaBane/MechaBane/Saved/Config/Windows/Engine.ini]
LogConfig: Setting CVar [[s.MinBulkDataSizeForAsyncLoading:131072]]
LogConfig: Setting CVar [[s.AsyncLoadingThreadEnabled:0]]
LogConfig: Setting CVar [[s.EventDrivenLoaderEnabled:1]]
LogConfig: Setting CVar [[s.WarnIfTimeLimitExceeded:0]]
LogConfig: Setting CVar [[s.TimeLimitExceededMultiplier:1.5]]
LogConfig: Setting CVar [[s.TimeLimitExceededMinTime:0.005]]
LogConfig: Setting CVar [[s.UseBackgroundLevelStreaming:1]]
LogConfig: Setting CVar [[s.PriorityAsyncLoadingExtraTime:15.0]]
LogConfig: Setting CVar [[s.LevelStreamingActorsUpdateTimeLimit:5.0]]
LogConfig: Setting CVar [[s.PriorityLevelStreamingActorsUpdateExtraTime:5.0]]
LogConfig: Setting CVar [[s.LevelStreamingComponentsRegistrationGranularity:10]]
LogConfig: Setting CVar [[s.UnregisterComponentsTimeLimit:1.0]]
LogConfig: Setting CVar [[s.LevelStreamingComponentsUnregistrationGranularity:5]]
LogConfig: Setting CVar [[s.FlushStreamingOnExit:1]]
LogInit: Object subsystem initialized
LogConfig: Setting CVar [[con.DebugEarlyDefault:1]]
LogConfig: Setting CVar [[r.setres:1280x720]]
[2020.11.01-02.56.49:682][  0]LogConfig: Setting CVar [[r.VSync:0]]
[2020.11.01-02.56.49:682][  0]LogConfig: Setting CVar [[r.RHICmdBypass:0]]
[2020.11.01-02.56.49:682][  0]LogConfig: Applying CVar settings from Section [/Script/Engine.RendererSettings] File [C:/Users/seanp/Documents/GitHub/MechaBane/MechaBane/Saved/Config/Windows/Engine.ini]
[2020.11.01-02.56.49:682][  0]LogConfig: Setting CVar [[r.GPUCrashDebugging:0]]
[2020.11.01-02.56.49:682][  0]LogConfig: Applying CVar settings from Section [/Script/Engine.RendererOverrideSettings] File [C:/Users/seanp/Documents/GitHub/MechaBane/MechaBane/Saved/Config/Windows/Engine.ini]
[2020.11.01-02.56.49:682][  0]LogConfig: Applying CVar settings from Section [/Script/Engine.StreamingSettings] File [C:/Users/seanp/Documents/GitHub/MechaBane/MechaBane/Saved/Config/Windows/Engine.ini]
[2020.11.01-02.56.49:682][  0]LogConfig: Setting CVar [[s.MinBulkDataSizeForAsyncLoading:131072]]
[2020.11.01-02.56.49:682][  0]LogConfig: Setting CVar [[s.AsyncLoadingThreadEnabled:0]]
[2020.11.01-02.56.49:682][  0]LogConfig: Setting CVar [[s.EventDrivenLoaderEnabled:1]]
[2020.11.01-02.56.49:682][  0]LogConfig: Setting CVar [[s.WarnIfTimeLimitExceeded:0]]
[2020.11.01-02.56.49:682][  0]LogConfig: Setting CVar [[s.TimeLimitExceededMultiplier:1.5]]
[2020.11.01-02.56.49:682][  0]LogConfig: Setting CVar [[s.TimeLimitExceededMinTime:0.005]]
[2020.11.01-02.56.49:682][  0]LogConfig: Setting CVar [[s.UseBackgroundLevelStreaming:1]]
[2020.11.01-02.56.49:682][  0]LogConfig: Setting CVar [[s.PriorityAsyncLoadingExtraTime:15.0]]
[2020.11.01-02.56.49:682][  0]LogConfig: Setting CVar [[s.LevelStreamingActorsUpdateTimeLimit:5.0]]
[2020.11.01-02.56.49:682][  0]LogConfig: Setting CVar [[s.PriorityLevelStreamingActorsUpdateExtraTime:5.0]]
[2020.11.01-02.56.49:682][  0]LogConfig: Setting CVar [[s.LevelStreamingComponentsRegistrationGranularity:10]]
[2020.11.01-02.56.49:682][  0]LogConfig: Setting CVar [[s.UnregisterComponentsTimeLimit:1.0]]
[2020.11.01-02.56.49:682][  0]LogConfig: Setting CVar [[s.LevelStreamingComponentsUnregistrationGranularity:5]]
[2020.11.01-02.56.49:682][  0]LogConfig: Setting CVar [[s.FlushStreamingOnExit:1]]
[2020.11.01-02.56.49:682][  0]LogConfig: Applying CVar settings from Section [/Script/Engine.GarbageCollectionSettings] File [C:/Users/seanp/Documents/GitHub/MechaBane/MechaBane/Saved/Config/Windows/Engine.ini]
[2020.11.01-02.56.49:682][  0]LogConfig: Setting CVar [[gc.MaxObjectsNotConsideredByGC:1]]
[2020.11.01-02.56.49:682][  0]LogConfig: Setting CVar [[gc.SizeOfPermanentObjectPool:0]]
[2020.11.01-02.56.49:682][  0]LogConfig: Setting CVar [[gc.FlushStreamingOnGC:0]]
[2020.11.01-02.56.49:682][  0]LogConfig: Setting CVar [[gc.NumRetriesBeforeForcingGC:10]]
[2020.11.01-02.56.49:682][  0]LogConfig: Setting CVar [[gc.AllowParallelGC:1]]
[2020.11.01-02.56.49:682][  0]LogConfig: Setting CVar [[gc.TimeBetweenPurgingPendingKillObjects:61.1]]
[2020.11.01-02.56.49:682][  0]LogConfig: Setting CVar [[gc.MaxObjectsInEditor:25165824]]
[2020.11.01-02.56.49:682][  0]LogConfig: Setting CVar [[gc.IncrementalBeginDestroyEnabled:1]]
[2020.11.01-02.56.49:682][  0]LogConfig: Setting CVar [[gc.CreateGCClusters:1]]
[2020.11.01-02.56.49:682][  0]LogConfig: Setting CVar [[gc.MinGCClusterSize:5]]
[2020.11.01-02.56.49:682][  0]LogConfig: Setting CVar [[gc.ActorClusteringEnabled:0]]
[2020.11.01-02.56.49:682][  0]LogConfig: Setting CVar [[gc.BlueprintClusteringEnabled:0]]
[2020.11.01-02.56.49:682][  0]LogConfig: Setting CVar [[gc.UseDisregardForGCOnDedicatedServers:0]]
[2020.11.01-02.56.49:682][  0]LogConfig: Applying CVar settings from Section [/Script/Engine.NetworkSettings] File [C:/Users/seanp/Documents/GitHub/MechaBane/MechaBane/Saved/Config/Windows/Engine.ini]
[2020.11.01-02.56.49:682][  0]LogConfig: Applying CVar settings from Section [/Script/UnrealEd.CookerSettings] File [C:/Users/seanp/Documents/GitHub/MechaBane/MechaBane/Saved/Config/Windows/Engine.ini]
[2020.11.01-02.56.49:687][  0]LogConfig: Applying CVar settings from Section [ViewDistanceQuality@3] File [C:/Users/seanp/Documents/GitHub/MechaBane/MechaBane/Saved/Config/Windows/Scalability.ini]
[2020.11.01-02.56.49:688][  0]LogConfig: Setting CVar [[r.SkeletalMeshLODBias:0]]
[2020.11.01-02.56.49:688][  0]LogConfig: Setting CVar [[r.ViewDistanceScale:1.0]]
[2020.11.01-02.56.49:688][  0]LogConfig: Applying CVar settings from Section [AntiAliasingQuality@3] File [C:/Users/seanp/Documents/GitHub/MechaBane/MechaBane/Saved/Config/Windows/Scalability.ini]
[2020.11.01-02.56.49:688][  0]LogConfig: Setting CVar [[r.PostProcessAAQuality:4]]
[2020.11.01-02.56.49:688][  0]LogConfig: Applying CVar settings from Section [ShadowQuality@3] File [C:/Users/seanp/Documents/GitHub/MechaBane/MechaBane/Saved/Config/Windows/Scalability.ini]
[2020.11.01-02.56.49:688][  0]LogConfig: Setting CVar [[r.LightFunctionQuality:1]]
[2020.11.01-02.56.49:688][  0]LogConfig: Setting CVar [[r.ShadowQuality:5]]
[2020.11.01-02.56.49:688][  0]LogConfig: Setting CVar [[r.Shadow.CSM.MaxCascades:10]]
[2020.11.01-02.56.49:688][  0]LogConfig: Setting CVar [[r.Shadow.MaxResolution:2048]]
[2020.11.01-02.56.49:688][  0]LogConfig: Setting CVar [[r.Shadow.MaxCSMResolution:2048]]
[2020.11.01-02.56.49:688][  0]LogConfig: Setting CVar [[r.Shadow.RadiusThreshold:0.01]]
[2020.11.01-02.56.49:688][  0]LogConfig: Setting CVar [[r.Shadow.DistanceScale:1.0]]
[2020.11.01-02.56.49:688][  0]LogConfig: Setting CVar [[r.Shadow.CSM.TransitionScale:1.0]]
[2020.11.01-02.56.49:688][  0]LogConfig: Setting CVar [[r.Shadow.PreShadowResolutionFactor:1.0]]
[2020.11.01-02.56.49:688][  0]LogConfig: Setting CVar [[r.DistanceFieldShadowing:1]]
[2020.11.01-02.56.49:688][  0]LogConfig: Setting CVar [[r.DistanceFieldAO:1]]
[2020.11.01-02.56.49:688][  0]LogConfig: Setting CVar [[r.AOQuality:2]]
[2020.11.01-02.56.49:688][  0]LogConfig: Setting CVar [[r.VolumetricFog:1]]
[2020.11.01-02.56.49:688][  0]LogConfig: Setting CVar [[r.VolumetricFog.GridPixelSize:8]]
[2020.11.01-02.56.49:688][  0]LogConfig: Setting CVar [[r.VolumetricFog.GridSizeZ:128]]
[2020.11.01-02.56.49:688][  0]LogConfig: Setting CVar [[r.VolumetricFog.HistoryMissSupersampleCount:4]]
[2020.11.01-02.56.49:688][  0]LogConfig: Setting CVar [[r.LightMaxDrawDistanceScale:1]]
[2020.11.01-02.56.49:688][  0]LogConfig: Setting CVar [[r.CapsuleShadows:1]]
[2020.11.01-02.56.49:688][  0]LogConfig: Applying CVar settings from Section [PostProcessQuality@3] File [C:/Users/seanp/Documents/GitHub/MechaBane/MechaBane/Saved/Config/Windows/Scalability.ini]
[2020.11.01-02.56.49:688][  0]LogConfig: Setting CVar [[r.MotionBlurQuality:4]]
[2020.11.01-02.56.49:688][  0]LogConfig: Setting CVar [[r.AmbientOcclusionMipLevelFactor:0.4]]
[2020.11.01-02.56.49:688][  0]LogConfig: Setting CVar [[r.AmbientOcclusionMaxQuality:100]]
[2020.11.01-02.56.49:688][  0]LogConfig: Setting CVar [[r.AmbientOcclusionLevels:-1]]
[2020.11.01-02.56.49:688][  0]LogConfig: Setting CVar [[r.AmbientOcclusionRadiusScale:1.0]]
[2020.11.01-02.56.49:688][  0]LogConfig: Setting CVar [[r.DepthOfFieldQuality:2]]
[2020.11.01-02.56.49:688][  0]LogConfig: Setting CVar [[r.RenderTargetPoolMin:400]]
[2020.11.01-02.56.49:688][  0]LogConfig: Setting CVar [[r.LensFlareQuality:2]]
[2020.11.01-02.56.49:688][  0]LogConfig: Setting CVar [[r.SceneColorFringeQuality:1]]
[2020.11.01-02.56.49:688][  0]LogConfig: Setting CVar [[r.EyeAdaptationQuality:2]]
[2020.11.01-02.56.49:688][  0]LogConfig: Setting CVar [[r.BloomQuality:5]]
[2020.11.01-02.56.49:688][  0]LogConfig: Setting CVar [[r.FastBlurThreshold:100]]
[2020.11.01-02.56.49:688][  0]LogConfig: Setting CVar [[r.Upscale.Quality:3]]
[2020.11.01-02.56.49:688][  0]LogConfig: Setting CVar [[r.Tonemapper.GrainQuantization:1]]
[2020.11.01-02.56.49:688][  0]LogConfig: Setting CVar [[r.LightShaftQuality:1]]
[2020.11.01-02.56.49:688][  0]LogConfig: Setting CVar [[r.Filter.SizeScale:1]]
[2020.11.01-02.56.49:688][  0]LogConfig: Setting CVar [[r.Tonemapper.Quality:5]]
[2020.11.01-02.56.49:688][  0]LogConfig: Setting CVar [[r.DOF.Gather.AccumulatorQuality:1        ; higher gathering accumulator quality]]
[2020.11.01-02.56.49:688][  0]LogConfig: Setting CVar [[r.DOF.Gather.PostfilterMethod:1          ; Median3x3 postfilering method]]
[2020.11.01-02.56.49:688][  0]LogConfig: Setting CVar [[r.DOF.Gather.EnableBokehSettings:0       ; no bokeh simulation when gathering]]
[2020.11.01-02.56.49:688][  0]LogConfig: Setting CVar [[r.DOF.Gather.RingCount:4                 ; medium number of samples when gathering]]
[2020.11.01-02.56.49:688][  0]LogConfig: Setting CVar [[r.DOF.Scatter.ForegroundCompositing:1    ; additive foreground scattering]]
[2020.11.01-02.56.49:688][  0]LogConfig: Setting CVar [[r.DOF.Scatter.BackgroundCompositing:2    ; additive background scattering]]
[2020.11.01-02.56.49:688][  0]LogConfig: Setting CVar [[r.DOF.Scatter.EnableBokehSettings:1      ; bokeh simulation when scattering]]
[2020.11.01-02.56.49:688][  0]LogConfig: Setting CVar [[r.DOF.Scatter.MaxSpriteRatio:0.1         ; only a maximum of 10% of scattered bokeh]]
[2020.11.01-02.56.49:688][  0]LogConfig: Setting CVar [[r.DOF.Recombine.Quality:1                ; cheap slight out of focus]]
[2020.11.01-02.56.49:688][  0]LogConfig: Setting CVar [[r.DOF.Recombine.EnableBokehSettings:0    ; no bokeh simulation on slight out of focus]]
[2020.11.01-02.56.49:688][  0]LogConfig: Setting CVar [[r.DOF.TemporalAAQuality:1                ; more stable temporal accumulation]]
[2020.11.01-02.56.49:688][  0]LogConfig: Setting CVar [[r.DOF.Kernel.MaxForegroundRadius:0.025]]
[2020.11.01-02.56.49:688][  0]LogConfig: Setting CVar [[r.DOF.Kernel.MaxBackgroundRadius:0.025]]
[2020.11.01-02.56.49:688][  0]LogConfig: Applying CVar settings from Section [TextureQuality@3] File [C:/Users/seanp/Documents/GitHub/MechaBane/MechaBane/Saved/Config/Windows/Scalability.ini]
[2020.11.01-02.56.49:688][  0]LogConfig: Setting CVar [[r.Streaming.MipBias:0]]
[2020.11.01-02.56.49:688][  0]LogConfig: Setting CVar [[r.Streaming.AmortizeCPUToGPUCopy:0]]
[2020.11.01-02.56.49:688][  0]LogConfig: Setting CVar [[r.Streaming.MaxNumTexturesToStreamPerFrame:0]]
[2020.11.01-02.56.49:688][  0]LogConfig: Setting CVar [[r.Streaming.Boost:1]]
[2020.11.01-02.56.49:688][  0]LogConfig: Setting CVar [[r.MaxAnisotropy:8]]
[2020.11.01-02.56.49:688][  0]LogConfig: Setting CVar [[r.VT.MaxAnisotropy:8]]
[2020.11.01-02.56.49:688][  0]LogConfig: Setting CVar [[r.Streaming.LimitPoolSizeToVRAM:0]]
[2020.11.01-02.56.49:688][  0]LogConfig: Setting CVar [[r.Streaming.PoolSize:1000]]
[2020.11.01-02.56.49:688][  0]LogConfig: Setting CVar [[r.Streaming.MaxEffectiveScreenSize:0]]
[2020.11.01-02.56.49:688][  0]LogConfig: Applying CVar settings from Section [EffectsQuality@3] File [C:/Users/seanp/Documents/GitHub/MechaBane/MechaBane/Saved/Config/Windows/Scalability.ini]
[2020.11.01-02.56.49:688][  0]LogConfig: Setting CVar [[r.TranslucencyLightingVolumeDim:64]]
[2020.11.01-02.56.49:688][  0]LogConfig: Setting CVar [[r.RefractionQuality:2]]
[2020.11.01-02.56.49:688][  0]LogConfig: Setting CVar [[r.SSR.Quality:3]]
[2020.11.01-02.56.49:688][  0]LogConfig: Setting CVar [[r.SSR.HalfResSceneColor:0]]
[2020.11.01-02.56.49:688][  0]LogConfig: Setting CVar [[r.SceneColorFormat:4]]
[2020.11.01-02.56.49:688][  0]LogConfig: Setting CVar [[r.DetailMode:2]]
[2020.11.01-02.56.49:688][  0]LogConfig: Setting CVar [[r.TranslucencyVolumeBlur:1]]
[2020.11.01-02.56.49:688][  0]LogConfig: Setting CVar [[r.MaterialQualityLevel:1 ; High quality]]
[2020.11.01-02.56.49:688][  0]LogConfig: Setting CVar [[r.SSS.Scale:1]]
[2020.11.01-02.56.49:688][  0]LogConfig: Setting CVar [[r.SSS.SampleSet:2]]
[2020.11.01-02.56.49:688][  0]LogConfig: Setting CVar [[r.SSS.Quality:1]]
[2020.11.01-02.56.49:688][  0]LogConfig: Setting CVar [[r.SSS.HalfRes:0]]
[2020.11.01-02.56.49:688][  0]LogConfig: Setting CVar [[r.SSGI.Quality:3]]
[2020.11.01-02.56.49:688][  0]LogConfig: Setting CVar [[r.EmitterSpawnRateScale:1.0]]
[2020.11.01-02.56.49:688][  0]LogConfig: Setting CVar [[r.ParticleLightQuality:2]]
[2020.11.01-02.56.49:688][  0]LogConfig: Setting CVar [[r.SkyAtmosphere.AerialPerspectiveLUT.FastApplyOnOpaque:1 ; Always have FastSkyLUT 1 in this case to avoid wrong sky]]
[2020.11.01-02.56.49:688][  0]LogConfig: Setting CVar [[r.SkyAtmosphere.AerialPerspectiveLUT.SampleCountPerSlice:1]]
[2020.11.01-02.56.49:688][  0]LogConfig: Setting CVar [[r.SkyAtmosphere.AerialPerspectiveLUT.DepthResolution:16.0]]
[2020.11.01-02.56.49:688][  0]LogConfig: Setting CVar [[r.SkyAtmosphere.FastSkyLUT:1]]
[2020.11.01-02.56.49:688][  0]LogConfig: Setting CVar [[r.SkyAtmosphere.FastSkyLUT.SampleCountMin:4.0]]
[2020.11.01-02.56.49:688][  0]LogConfig: Setting CVar [[r.SkyAtmosphere.FastSkyLUT.SampleCountMax:32.0]]
[2020.11.01-02.56.49:688][  0]LogConfig: Setting CVar [[r.SkyAtmosphere.SampleCountMin:4.0]]
[2020.11.01-02.56.49:688][  0]LogConfig: Setting CVar [[r.SkyAtmosphere.SampleCountMax:32.0]]
[2020.11.01-02.56.49:688][  0]LogConfig: Setting CVar [[r.SkyAtmosphere.TransmittanceLUT.UseSmallFormat:0]]
[2020.11.01-02.56.49:688][  0]LogConfig: Setting CVar [[r.SkyAtmosphere.TransmittanceLUT.SampleCount:10.0]]
[2020.11.01-02.56.49:688][  0]LogConfig: Setting CVar [[r.SkyAtmosphere.MultiScatteringLUT.SampleCount:15.0]]
[2020.11.01-02.56.49:688][  0]LogConfig: Applying CVar settings from Section [FoliageQuality@3] File [C:/Users/seanp/Documents/GitHub/MechaBane/MechaBane/Saved/Config/Windows/Scalability.ini]
[2020.11.01-02.56.49:688][  0]LogConfig: Setting CVar [[foliage.DensityScale:1.0]]
[2020.11.01-02.56.49:688][  0]LogConfig: Setting CVar [[grass.DensityScale:1.0]]
[2020.11.01-02.56.49:689][  0]LogConfig: Applying CVar settings from Section [ShadingQuality@3] File [C:/Users/seanp/Documents/GitHub/MechaBane/MechaBane/Saved/Config/Windows/Scalability.ini]
[2020.11.01-02.56.49:689][  0]LogConfig: Setting CVar [[r.HairStrands.SkyLighting.SampleCount:16]]
[2020.11.01-02.56.49:689][  0]LogConfig: Setting CVar [[r.HairStrands.SkyLighting.JitterIntegration:0]]
[2020.11.01-02.56.49:689][  0]LogConfig: Setting CVar [[r.HairStrands.SkyAO.SampleCount:16]]
[2020.11.01-02.56.49:689][  0]LogConfig: Setting CVar [[r.HairStrands.DeepShadow.SuperSampling:0]]
[2020.11.01-02.56.49:689][  0]LogConfig: Setting CVar [[r.HairStrands.VisibilityPPLL:0]]
[2020.11.01-02.56.49:689][  0]LogConfig: Setting CVar [[r.HairStrands.RasterizationScale:0.5]]
[2020.11.01-02.56.49:689][  0]LogConfig: Setting CVar [[r.HairStrands.VelocityRasterizationScale:1]]
[2020.11.01-02.56.49:689][  0]LogInit: Selected Device Profile: [Windows]
[2020.11.01-02.56.49:689][  0]LogInit: Applying CVar settings loaded from the selected device profile: [Windows]
[2020.11.01-02.56.49:690][  0]LogHAL: Display: Platform has ~ 16 GB [16495521792 / 17179869184 / 16], which maps to Larger [LargestMinGB=32, LargerMinGB=12, DefaultMinGB=8, SmallerMinGB=6, SmallestMinGB=0)
[2020.11.01-02.56.49:690][  0]LogInit: Going up to parent DeviceProfile []
[2020.11.01-02.56.49:690][  0]LogConfig: Applying CVar settings from Section [ViewDistanceQuality@3] File [C:/Users/seanp/Documents/GitHub/MechaBane/MechaBane/Saved/Config/Windows/Scalability.ini]
[2020.11.01-02.56.49:690][  0]LogConfig: Setting CVar [[r.SkeletalMeshLODBias:0]]
[2020.11.01-02.56.49:690][  0]LogConfig: Setting CVar [[r.ViewDistanceScale:1.0]]
[2020.11.01-02.56.49:690][  0]LogConfig: Applying CVar settings from Section [AntiAliasingQuality@3] File [C:/Users/seanp/Documents/GitHub/MechaBane/MechaBane/Saved/Config/Windows/Scalability.ini]
[2020.11.01-02.56.49:690][  0]LogConfig: Setting CVar [[r.PostProcessAAQuality:4]]
[2020.11.01-02.56.49:690][  0]LogConfig: Applying CVar settings from Section [ShadowQuality@3] File [C:/Users/seanp/Documents/GitHub/MechaBane/MechaBane/Saved/Config/Windows/Scalability.ini]
[2020.11.01-02.56.49:690][  0]LogConfig: Setting CVar [[r.LightFunctionQuality:1]]
[2020.11.01-02.56.49:690][  0]LogConfig: Setting CVar [[r.ShadowQuality:5]]
[2020.11.01-02.56.49:690][  0]LogConfig: Setting CVar [[r.Shadow.CSM.MaxCascades:10]]
[2020.11.01-02.56.49:690][  0]LogConfig: Setting CVar [[r.Shadow.MaxResolution:2048]]
[2020.11.01-02.56.49:690][  0]LogConfig: Setting CVar [[r.Shadow.MaxCSMResolution:2048]]
[2020.11.01-02.56.49:690][  0]LogConfig: Setting CVar [[r.Shadow.RadiusThreshold:0.01]]
[2020.11.01-02.56.49:690][  0]LogConfig: Setting CVar [[r.Shadow.DistanceScale:1.0]]
[2020.11.01-02.56.49:690][  0]LogConfig: Setting CVar [[r.Shadow.CSM.TransitionScale:1.0]]
[2020.11.01-02.56.49:690][  0]LogConfig: Setting CVar [[r.Shadow.PreShadowResolutionFactor:1.0]]
[2020.11.01-02.56.49:690][  0]LogConfig: Setting CVar [[r.DistanceFieldShadowing:1]]
[2020.11.01-02.56.49:690][  0]LogConfig: Setting CVar [[r.DistanceFieldAO:1]]
[2020.11.01-02.56.49:690][  0]LogConfig: Setting CVar [[r.AOQuality:2]]
[2020.11.01-02.56.49:690][  0]LogConfig: Setting CVar [[r.VolumetricFog:1]]
[2020.11.01-02.56.49:690][  0]LogConfig: Setting CVar [[r.VolumetricFog.GridPixelSize:8]]
[2020.11.01-02.56.49:690][  0]LogConfig: Setting CVar [[r.VolumetricFog.GridSizeZ:128]]
[2020.11.01-02.56.49:690][  0]LogConfig: Setting CVar [[r.VolumetricFog.HistoryMissSupersampleCount:4]]
[2020.11.01-02.56.49:690][  0]LogConfig: Setting CVar [[r.LightMaxDrawDistanceScale:1]]
[2020.11.01-02.56.49:690][  0]LogConfig: Setting CVar [[r.CapsuleShadows:1]]
[2020.11.01-02.56.49:690][  0]LogConfig: Applying CVar settings from Section [PostProcessQuality@3] File [C:/Users/seanp/Documents/GitHub/MechaBane/MechaBane/Saved/Config/Windows/Scalability.ini]
[2020.11.01-02.56.49:690][  0]LogConfig: Setting CVar [[r.MotionBlurQuality:4]]
[2020.11.01-02.56.49:690][  0]LogConfig: Setting CVar [[r.AmbientOcclusionMipLevelFactor:0.4]]
[2020.11.01-02.56.49:690][  0]LogConfig: Setting CVar [[r.AmbientOcclusionMaxQuality:100]]
[2020.11.01-02.56.49:690][  0]LogConfig: Setting CVar [[r.AmbientOcclusionLevels:-1]]
[2020.11.01-02.56.49:690][  0]LogConfig: Setting CVar [[r.AmbientOcclusionRadiusScale:1.0]]
[2020.11.01-02.56.49:690][  0]LogConfig: Setting CVar [[r.DepthOfFieldQuality:2]]
[2020.11.01-02.56.49:690][  0]LogConfig: Setting CVar [[r.RenderTargetPoolMin:400]]
[2020.11.01-02.56.49:690][  0]LogConfig: Setting CVar [[r.LensFlareQuality:2]]
[2020.11.01-02.56.49:690][  0]LogConfig: Setting CVar [[r.SceneColorFringeQuality:1]]
[2020.11.01-02.56.49:690][  0]LogConfig: Setting CVar [[r.EyeAdaptationQuality:2]]
[2020.11.01-02.56.49:690][  0]LogConfig: Setting CVar [[r.BloomQuality:5]]
[2020.11.01-02.56.49:690][  0]LogConfig: Setting CVar [[r.FastBlurThreshold:100]]
[2020.11.01-02.56.49:690][  0]LogConfig: Setting CVar [[r.Upscale.Quality:3]]
[2020.11.01-02.56.49:690][  0]LogConfig: Setting CVar [[r.Tonemapper.GrainQuantization:1]]
[2020.11.01-02.56.49:690][  0]LogConfig: Setting CVar [[r.LightShaftQuality:1]]
[2020.11.01-02.56.49:690][  0]LogConfig: Setting CVar [[r.Filter.SizeScale:1]]
[2020.11.01-02.56.49:690][  0]LogConfig: Setting CVar [[r.Tonemapper.Quality:5]]
[2020.11.01-02.56.49:690][  0]LogConfig: Setting CVar [[r.DOF.Gather.AccumulatorQuality:1        ; higher gathering accumulator quality]]
[2020.11.01-02.56.49:690][  0]LogConfig: Setting CVar [[r.DOF.Gather.PostfilterMethod:1          ; Median3x3 postfilering method]]
[2020.11.01-02.56.49:690][  0]LogConfig: Setting CVar [[r.DOF.Gather.EnableBokehSettings:0       ; no bokeh simulation when gathering]]
[2020.11.01-02.56.49:690][  0]LogConfig: Setting CVar [[r.DOF.Gather.RingCount:4                 ; medium number of samples when gathering]]
[2020.11.01-02.56.49:690][  0]LogConfig: Setting CVar [[r.DOF.Scatter.ForegroundCompositing:1    ; additive foreground scattering]]
[2020.11.01-02.56.49:691][  0]LogConfig: Setting CVar [[r.DOF.Scatter.BackgroundCompositing:2    ; additive background scattering]]
[2020.11.01-02.56.49:691][  0]LogConfig: Setting CVar [[r.DOF.Scatter.EnableBokehSettings:1      ; bokeh simulation when scattering]]
[2020.11.01-02.56.49:691][  0]LogConfig: Setting CVar [[r.DOF.Scatter.MaxSpriteRatio:0.1         ; only a maximum of 10% of scattered bokeh]]
[2020.11.01-02.56.49:691][  0]LogConfig: Setting CVar [[r.DOF.Recombine.Quality:1                ; cheap slight out of focus]]
[2020.11.01-02.56.49:691][  0]LogConfig: Setting CVar [[r.DOF.Recombine.EnableBokehSettings:0    ; no bokeh simulation on slight out of focus]]
[2020.11.01-02.56.49:691][  0]LogConfig: Setting CVar [[r.DOF.TemporalAAQuality:1                ; more stable temporal accumulation]]
[2020.11.01-02.56.49:691][  0]LogConfig: Setting CVar [[r.DOF.Kernel.MaxForegroundRadius:0.025]]
[2020.11.01-02.56.49:691][  0]LogConfig: Setting CVar [[r.DOF.Kernel.MaxBackgroundRadius:0.025]]
[2020.11.01-02.56.49:691][  0]LogConfig: Applying CVar settings from Section [TextureQuality@3] File [C:/Users/seanp/Documents/GitHub/MechaBane/MechaBane/Saved/Config/Windows/Scalability.ini]
[2020.11.01-02.56.49:691][  0]LogConfig: Setting CVar [[r.Streaming.MipBias:0]]
[2020.11.01-02.56.49:691][  0]LogConfig: Setting CVar [[r.Streaming.AmortizeCPUToGPUCopy:0]]
[2020.11.01-02.56.49:691][  0]LogConfig: Setting CVar [[r.Streaming.MaxNumTexturesToStreamPerFrame:0]]
[2020.11.01-02.56.49:691][  0]LogConfig: Setting CVar [[r.Streaming.Boost:1]]
[2020.11.01-02.56.49:691][  0]LogConfig: Setting CVar [[r.MaxAnisotropy:8]]
[2020.11.01-02.56.49:691][  0]LogConfig: Setting CVar [[r.VT.MaxAnisotropy:8]]
[2020.11.01-02.56.49:691][  0]LogConfig: Setting CVar [[r.Streaming.LimitPoolSizeToVRAM:0]]
[2020.11.01-02.56.49:691][  0]LogConfig: Setting CVar [[r.Streaming.PoolSize:1000]]
[2020.11.01-02.56.49:691][  0]LogConfig: Setting CVar [[r.Streaming.MaxEffectiveScreenSize:0]]
[2020.11.01-02.56.49:691][  0]LogConfig: Applying CVar settings from Section [EffectsQuality@3] File [C:/Users/seanp/Documents/GitHub/MechaBane/MechaBane/Saved/Config/Windows/Scalability.ini]
[2020.11.01-02.56.49:691][  0]LogConfig: Setting CVar [[r.TranslucencyLightingVolumeDim:64]]
[2020.11.01-02.56.49:691][  0]LogConfig: Setting CVar [[r.RefractionQuality:2]]
[2020.11.01-02.56.49:691][  0]LogConfig: Setting CVar [[r.SSR.Quality:3]]
[2020.11.01-02.56.49:691][  0]LogConfig: Setting CVar [[r.SSR.HalfResSceneColor:0]]
[2020.11.01-02.56.49:691][  0]LogConfig: Setting CVar [[r.SceneColorFormat:4]]
[2020.11.01-02.56.49:691][  0]LogConfig: Setting CVar [[r.DetailMode:2]]
[2020.11.01-02.56.49:691][  0]LogConfig: Setting CVar [[r.TranslucencyVolumeBlur:1]]
[2020.11.01-02.56.49:691][  0]LogConfig: Setting CVar [[r.MaterialQualityLevel:1 ; High quality]]
[2020.11.01-02.56.49:691][  0]LogConfig: Setting CVar [[r.SSS.Scale:1]]
[2020.11.01-02.56.49:691][  0]LogConfig: Setting CVar [[r.SSS.SampleSet:2]]
[2020.11.01-02.56.49:691][  0]LogConfig: Setting CVar [[r.SSS.Quality:1]]
[2020.11.01-02.56.49:691][  0]LogConfig: Setting CVar [[r.SSS.HalfRes:0]]
[2020.11.01-02.56.49:691][  0]LogConfig: Setting CVar [[r.SSGI.Quality:3]]
[2020.11.01-02.56.49:691][  0]LogConfig: Setting CVar [[r.EmitterSpawnRateScale:1.0]]
[2020.11.01-02.56.49:691][  0]LogConfig: Setting CVar [[r.ParticleLightQuality:2]]
[2020.11.01-02.56.49:691][  0]LogConfig: Setting CVar [[r.SkyAtmosphere.AerialPerspectiveLUT.FastApplyOnOpaque:1 ; Always have FastSkyLUT 1 in this case to avoid wrong sky]]
[2020.11.01-02.56.49:691][  0]LogConfig: Setting CVar [[r.SkyAtmosphere.AerialPerspectiveLUT.SampleCountPerSlice:1]]
[2020.11.01-02.56.49:691][  0]LogConfig: Setting CVar [[r.SkyAtmosphere.AerialPerspectiveLUT.DepthResolution:16.0]]
[2020.11.01-02.56.49:691][  0]LogConfig: Setting CVar [[r.SkyAtmosphere.FastSkyLUT:1]]
[2020.11.01-02.56.49:691][  0]LogConfig: Setting CVar [[r.SkyAtmosphere.FastSkyLUT.SampleCountMin:4.0]]
[2020.11.01-02.56.49:691][  0]LogConfig: Setting CVar [[r.SkyAtmosphere.FastSkyLUT.SampleCountMax:32.0]]
[2020.11.01-02.56.49:691][  0]LogConfig: Setting CVar [[r.SkyAtmosphere.SampleCountMin:4.0]]
[2020.11.01-02.56.49:691][  0]LogConfig: Setting CVar [[r.SkyAtmosphere.SampleCountMax:32.0]]
[2020.11.01-02.56.49:691][  0]LogConfig: Setting CVar [[r.SkyAtmosphere.TransmittanceLUT.UseSmallFormat:0]]
[2020.11.01-02.56.49:691][  0]LogConfig: Setting CVar [[r.SkyAtmosphere.TransmittanceLUT.SampleCount:10.0]]
[2020.11.01-02.56.49:691][  0]LogConfig: Setting CVar [[r.SkyAtmosphere.MultiScatteringLUT.SampleCount:15.0]]
[2020.11.01-02.56.49:691][  0]LogConfig: Applying CVar settings from Section [FoliageQuality@3] File [C:/Users/seanp/Documents/GitHub/MechaBane/MechaBane/Saved/Config/Windows/Scalability.ini]
[2020.11.01-02.56.49:691][  0]LogConfig: Setting CVar [[foliage.DensityScale:1.0]]
[2020.11.01-02.56.49:691][  0]LogConfig: Setting CVar [[grass.DensityScale:1.0]]
[2020.11.01-02.56.49:691][  0]LogConfig: Applying CVar settings from Section [ShadingQuality@3] File [C:/Users/seanp/Documents/GitHub/MechaBane/MechaBane/Saved/Config/Windows/Scalability.ini]
[2020.11.01-02.56.49:691][  0]LogConfig: Setting CVar [[r.HairStrands.SkyLighting.SampleCount:16]]
[2020.11.01-02.56.49:691][  0]LogConfig: Setting CVar [[r.HairStrands.SkyLighting.JitterIntegration:0]]
[2020.11.01-02.56.49:691][  0]LogConfig: Setting CVar [[r.HairStrands.SkyAO.SampleCount:16]]
[2020.11.01-02.56.49:691][  0]LogConfig: Setting CVar [[r.HairStrands.DeepShadow.SuperSampling:0]]
[2020.11.01-02.56.49:691][  0]LogConfig: Setting CVar [[r.HairStrands.VisibilityPPLL:0]]
[2020.11.01-02.56.49:691][  0]LogConfig: Setting CVar [[r.HairStrands.RasterizationScale:0.5]]
[2020.11.01-02.56.49:691][  0]LogConfig: Setting CVar [[r.HairStrands.VelocityRasterizationScale:1]]
[2020.11.01-02.56.49:691][  0]LogConfig: Applying CVar settings from Section [Startup] File [../../../Engine/Config/ConsoleVariables.ini]
[2020.11.01-02.56.49:692][  0]LogConfig: Setting CVar [[net.UseAdaptiveNetUpdateFrequency:0]]
[2020.11.01-02.56.49:692][  0]LogConfig: Setting CVar [[p.chaos.AllowCreatePhysxBodies:1]]
[2020.11.01-02.56.49:692][  0]LogConfig: Setting CVar [[fx.SkipVectorVMBackendOptimizations:1]]
[2020.11.01-02.56.49:692][  0]LogConfig: Applying CVar settings from Section [ConsoleVariables] File [C:/Users/seanp/Documents/GitHub/MechaBane/MechaBane/Saved/Config/Windows/Engine.ini]
[2020.11.01-02.56.49:692][  0]LogInit: Computer: LAPTOP-304JBCSU
[2020.11.01-02.56.49:692][  0]LogInit: User: seanp
[2020.11.01-02.56.49:692][  0]LogInit: CPU Page size=4096, Cores=8
[2020.11.01-02.56.49:692][  0]LogInit: High frequency timer resolution =10.000000 MHz
[2020.11.01-02.56.49:692][  0]LogMemory: Memory total: Physical=15.4GB (16GB approx)
[2020.11.01-02.56.49:692][  0]LogMemory: Platform Memory Stats for Windows
[2020.11.01-02.56.49:692][  0]LogMemory: Process Physical Memory: 116.27 MB used, 116.28 MB peak
[2020.11.01-02.56.49:692][  0]LogMemory: Process Virtual Memory: 100.15 MB used, 100.15 MB peak
[2020.11.01-02.56.49:692][  0]LogMemory: Physical Memory: 6622.66 MB used,  9108.70 MB free, 15731.36 MB total
[2020.11.01-02.56.49:692][  0]LogMemory: Virtual Memory: 5186.86 MB used,  134212544.00 MB free, 134217728.00 MB total
[2020.11.01-02.56.49:699][  0]LogWindows: WindowsPlatformFeatures enabled
[2020.11.01-02.56.50:841][  0]LogInit: Physics initialised using underlying interface: PhysX
[2020.11.01-02.56.50:844][  0]LogInit: Using OS detected language (en-US).
[2020.11.01-02.56.50:844][  0]LogInit: Using OS detected locale (en-US).
[2020.11.01-02.56.50:862][  0]LogTextLocalizationManager: No specific localization for 'en-US' exists, so the 'en' localization will be used.
[2020.11.01-02.56.51:103][  0]LogInit: Setting process to per monitor DPI aware
[2020.11.01-02.56.51:165][  0]LogSlate: New Slate User Created.  User Index 0, Is Virtual User: 0
[2020.11.01-02.56.51:165][  0]LogSlate: Slate User Registered.  User Index 0, Is Virtual User: 0
[2020.11.01-02.56.51:438][  0]LogHMD: Failed to initialize OpenVR with code 110
[2020.11.01-02.56.51:439][  0]LogD3D11RHI: D3D11 min allowed feature level: 11_0
[2020.11.01-02.56.51:439][  0]LogD3D11RHI: D3D11 max allowed feature level: 11_0
[2020.11.01-02.56.51:439][  0]LogD3D11RHI: D3D11 adapters:
[2020.11.01-02.56.51:555][  0]LogD3D11RHI:    0. 'NVIDIA GeForce GTX 1660 Ti' (Feature Level 11_0)
[2020.11.01-02.56.51:555][  0]LogD3D11RHI:       5991/0/7865 MB DedicatedVideo/DedicatedSystem/SharedSystem, Outputs:2, VendorId:0x10de
[2020.11.01-02.56.51:600][  0]LogD3D11RHI:    1. 'AMD Radeon(TM) Graphics' (Feature Level 11_0)
[2020.11.01-02.56.51:600][  0]LogD3D11RHI:       496/0/7865 MB DedicatedVideo/DedicatedSystem/SharedSystem, Outputs:0, VendorId:0x1002
[2020.11.01-02.56.51:603][  0]LogD3D11RHI:    2. 'Microsoft Basic Render Driver' (Feature Level 11_0)
[2020.11.01-02.56.51:603][  0]LogD3D11RHI:       0/0/7865 MB DedicatedVideo/DedicatedSystem/SharedSystem, Outputs:0, VendorId:0x1414
[2020.11.01-02.56.51:603][  0]LogD3D11RHI: Chosen D3D11 Adapter: 0
[2020.11.01-02.56.51:622][  0]LogD3D11RHI: Creating new Direct3DDevice
[2020.11.01-02.56.51:622][  0]LogD3D11RHI:     GPU DeviceId: 0x2191 (for the marketing name, search the web for "GPU Device Id")
[2020.11.01-02.56.51:622][  0]LogWindows: EnumDisplayDevices:
[2020.11.01-02.56.51:623][  0]LogWindows:    0. 'AMD Radeon(TM) Graphics' (P:1 D:1)
[2020.11.01-02.56.51:623][  0]LogWindows:    1. 'AMD Radeon(TM) Graphics' (P:0 D:0)
[2020.11.01-02.56.51:624][  0]LogWindows:    2. 'AMD Radeon(TM) Graphics' (P:0 D:0)
[2020.11.01-02.56.51:624][  0]LogWindows:    3. 'NVIDIA GeForce GTX 1660 Ti' (P:0 D:1)
[2020.11.01-02.56.51:624][  0]LogWindows:    4. 'NVIDIA GeForce GTX 1660 Ti' (P:0 D:0)
[2020.11.01-02.56.51:624][  0]LogWindows:    5. 'NVIDIA GeForce GTX 1660 Ti' (P:0 D:0)
[2020.11.01-02.56.51:624][  0]LogWindows:    6. 'NVIDIA GeForce GTX 1660 Ti' (P:0 D:0)
[2020.11.01-02.56.51:625][  0]LogWindows: DebugString: PrimaryIsNotTheChoosenAdapter PrimaryIsNotTheChoosenAdapter PrimaryIsNotTheChoosenAdapter FoundDriverCount:4 
[2020.11.01-02.56.51:625][  0]LogD3D11RHI:     Adapter Name: NVIDIA GeForce GTX 1660 Ti
[2020.11.01-02.56.51:625][  0]LogD3D11RHI:   Driver Version: 451.67 (internal:27.21.14.5167, unified:451.67)
[2020.11.01-02.56.51:625][  0]LogD3D11RHI:      Driver Date: 7-5-2020
[2020.11.01-02.56.51:625][  0]LogRHI: Texture pool is 4193 MB (70% of 5991 MB)
[2020.11.01-02.56.51:670][  0]LogD3D11RHI: RHI has support for 64 bit atomics
[2020.11.01-02.56.51:670][  0]LogD3D11RHI: Async texture creation enabled
[2020.11.01-02.56.51:670][  0]LogD3D11RHI: Array index from any shader is supported
[2020.11.01-02.56.51:688][  0]LogD3D11RHI: GPU Timing Frequency: 1000.000000 (Debug: 2 1)
[2020.11.01-02.56.52:325][  0]LogTargetPlatformManager: Display: Loaded TargetPlatform 'AllDesktop'
[2020.11.01-02.56.52:365][  0]LogTargetPlatformManager: Display: Loaded TargetPlatform 'Android'
[2020.11.01-02.56.52:365][  0]LogTargetPlatformManager: Display: Loaded TargetPlatform 'Android_ASTC'
[2020.11.01-02.56.52:365][  0]LogTargetPlatformManager: Display: Loaded TargetPlatform 'Android_DXT'
[2020.11.01-02.56.52:365][  0]LogTargetPlatformManager: Display: Loaded TargetPlatform 'Android_ETC2'
[2020.11.01-02.56.52:365][  0]LogTargetPlatformManager: Display: Loaded TargetPlatform 'AndroidClient'
[2020.11.01-02.56.52:365][  0]LogTargetPlatformManager: Display: Loaded TargetPlatform 'Android_ASTCClient'
[2020.11.01-02.56.52:365][  0]LogTargetPlatformManager: Display: Loaded TargetPlatform 'Android_DXTClient'
[2020.11.01-02.56.52:365][  0]LogTargetPlatformManager: Display: Loaded TargetPlatform 'Android_ETC2Client'
[2020.11.01-02.56.52:365][  0]LogTargetPlatformManager: Display: Loaded TargetPlatform 'Android_Multi'
[2020.11.01-02.56.52:365][  0]LogTargetPlatformManager: Display: Loaded TargetPlatform 'Android_MultiClient'
[2020.11.01-02.56.52:447][  0]LogTargetPlatformManager: Display: Loaded TargetPlatform 'IOSClient'
[2020.11.01-02.56.52:447][  0]LogTargetPlatformManager: Display: Loaded TargetPlatform 'IOS'
[2020.11.01-02.56.52:475][  0]LogTargetPlatformManager: Display: Loaded TargetPlatform 'Linux'
[2020.11.01-02.56.52:500][  0]LogTargetPlatformManager: Display: Loaded TargetPlatform 'LinuxNoEditor'
[2020.11.01-02.56.52:525][  0]LogTargetPlatformManager: Display: Loaded TargetPlatform 'LinuxClient'
[2020.11.01-02.56.52:550][  0]LogTargetPlatformManager: Display: Loaded TargetPlatform 'LinuxServer'
[2020.11.01-02.56.52:574][  0]LogTargetPlatformManager: Display: Loaded TargetPlatform 'LinuxAArch64NoEditor'
[2020.11.01-02.56.52:600][  0]LogTargetPlatformManager: Display: Loaded TargetPlatform 'LinuxAArch64Client'
[2020.11.01-02.56.52:624][  0]LogTargetPlatformManager: Display: Loaded TargetPlatform 'LinuxAArch64Server'
[2020.11.01-02.56.52:666][  0]LogTargetPlatformManager: Display: Loaded TargetPlatform 'Lumin'
[2020.11.01-02.56.52:666][  0]LogTargetPlatformManager: Display: Loaded TargetPlatform 'LuminClient'
[2020.11.01-02.56.52:693][  0]LogTargetPlatformManager: Display: Loaded TargetPlatform 'TVOSClient'
[2020.11.01-02.56.52:693][  0]LogTargetPlatformManager: Display: Loaded TargetPlatform 'TVOS'
[2020.11.01-02.56.52:717][  0]LogTargetPlatformManager: Display: Loaded TargetPlatform 'WindowsNoEditor'
[2020.11.01-02.56.52:744][  0]LogTargetPlatformManager: Display: Loaded TargetPlatform 'Windows'
[2020.11.01-02.56.52:767][  0]LogTargetPlatformManager: Display: Loaded TargetPlatform 'WindowsClient'
[2020.11.01-02.56.52:791][  0]LogTargetPlatformManager: Display: Loaded TargetPlatform 'WindowsServer'
[2020.11.01-02.56.52:791][  0]LogTargetPlatformManager: Display: Building Assets For Windows
[2020.11.01-02.56.53:162][  0]LogAudioDebug: Display: Lib vorbis DLL was dynamically loaded.
[2020.11.01-02.56.53:887][  0]LogShaderCompilers: Guid format shader working directory is -21 characters bigger than the processId version (../../../../../../Users/seanp/Documents/GitHub/MechaBane/MechaBane/Intermediate/Shaders/WorkingDirectory/34896/).
[2020.11.01-02.56.53:887][  0]LogShaderCompilers: Cleaned the shader compiler working directory 'C:/Users/seanp/AppData/Local/Temp/UnrealShaderWorkingDir/C5F5DAD34A6DF7EE8504E0A748DD2677/'.
[2020.11.01-02.56.53:888][  0]LogXGEController: Cleaning working directory: C:/Users/seanp/AppData/Local/Temp/UnrealXGEWorkingDir/
[2020.11.01-02.56.53:888][  0]LogXGEController: Cannot use XGE Controller as Incredibuild is not installed on this machine.
[2020.11.01-02.56.53:888][  0]LogShaderCompilers: Cannot use XGE Shader Compiler as Incredibuild is not installed on this machine.
[2020.11.01-02.56.53:888][  0]LogShaderCompilers: Display: Using Local Shader Compiler.
[2020.11.01-02.56.54:685][  0]LogDerivedDataCache: Display: Max Cache Size: 512 MB
[2020.11.01-02.56.54:768][  0]LogDerivedDataCache: Loaded boot cache 0.08s 99MB C:/Users/seanp/AppData/Local/UnrealEngine/4.25/DerivedDataCache/Boot.ddc.
[2020.11.01-02.56.54:768][  0]LogDerivedDataCache: Display: Loaded Boot cache: C:/Users/seanp/AppData/Local/UnrealEngine/4.25/DerivedDataCache/Boot.ddc
[2020.11.01-02.56.54:768][  0]LogDerivedDataCache: FDerivedDataBackendGraph:  Pak pak cache file ../../../../../../Users/seanp/Documents/GitHub/MechaBane/MechaBane/DerivedDataCache/DDC.ddp not found, will not use a pak cache.
[2020.11.01-02.56.54:768][  0]LogDerivedDataCache: Unable to find inner node Pak for hierarchical cache Hierarchy.
[2020.11.01-02.56.54:768][  0]LogDerivedDataCache: FDerivedDataBackendGraph:  CompressedPak pak cache file ../../../../../../Users/seanp/Documents/GitHub/MechaBane/MechaBane/DerivedDataCache/Compressed.ddp not found, will not use a pak cache.
[2020.11.01-02.56.54:768][  0]LogDerivedDataCache: Unable to find inner node CompressedPak for hierarchical cache Hierarchy.
[2020.11.01-02.56.54:779][  0]LogDerivedDataCache: Display: Pak cache opened for reading ../../../Engine/DerivedDataCache/Compressed.ddp.
[2020.11.01-02.56.54:779][  0]LogDerivedDataCache: FDerivedDataBackendGraph:  EnterprisePak pak cache file ../../../Enterprise/DerivedDataCache/Compressed.ddp not found, will not use a pak cache.
[2020.11.01-02.56.54:779][  0]LogDerivedDataCache: Unable to find inner node EnterprisePak for hierarchical cache Hierarchy.
[2020.11.01-02.56.54:780][  0]LogDerivedDataCache: Using Local data cache path C:/Users/seanp/AppData/Local/UnrealEngine/Common/DerivedDataCache: Writable
[2020.11.01-02.56.54:780][  0]LogDerivedDataCache: Shared data cache path not found in *engine.ini, will not use an Shared cache.
[2020.11.01-02.56.54:781][  0]LogDerivedDataCache: Unable to find inner node Shared for hierarchical cache Hierarchy.
[2020.11.01-02.56.54:823][  0]LogSlate: Using FreeType 2.10.0
[2020.11.01-02.56.54:825][  0]LogSlate: SlateFontServices - WITH_FREETYPE: 1, WITH_HARFBUZZ: 1
[2020.11.01-02.56.54:863][  0]LogAssetRegistry: FAssetRegistry took 0.0027 seconds to start up
[2020.11.01-02.56.55:099][  0]LogInit: Selected Device Profile: [Windows]
[2020.11.01-02.56.55:693][  0]LogMeshReduction: Using QuadricMeshReduction for automatic static mesh reduction
[2020.11.01-02.56.55:693][  0]LogMeshReduction: Using SimplygonMeshReduction for automatic skeletal mesh reduction
[2020.11.01-02.56.55:693][  0]LogMeshReduction: Using ProxyLODMeshReduction for automatic mesh merging
[2020.11.01-02.56.55:693][  0]LogMeshReduction: No distributed automatic mesh merging module available
[2020.11.01-02.56.55:693][  0]LogMeshMerging: No distributed automatic mesh merging module available
[2020.11.01-02.56.55:731][  0]LogNetVersion: MechaBane 1.0.0, NetCL: 13144385, EngineNetVer: 14, GameNetVer: 0 (Checksum: 1886164590)
[2020.11.01-02.56.56:191][  0]LogAISub: UAISubsystem::UAISubsystem AISubsystem (00000231EE64E980), frame # 0
[2020.11.01-02.56.56:191][  0]LogAISub: UAISubsystem::UAISubsystem AIPerceptionSystem (00000231EE4F6980), frame # 0
[2020.11.01-02.56.56:194][  0]LogAISub: UAISubsystem::UAISubsystem EnvQueryManager (00000231EE64A600), frame # 0
[2020.11.01-02.56.56:242][  0]LogPackageLocalizationCache: Processed 19 localized package path(s) for 1 prioritized culture(s) in 0.039020 seconds
[2020.11.01-02.56.56:246][  0]LogUObjectArray: 15917 objects as part of root set at end of initial load.
[2020.11.01-02.56.56:246][  0]LogUObjectAllocator: 3965568 out of 0 bytes used by permanent object pool.
[2020.11.01-02.56.56:246][  0]LogUObjectArray: CloseDisregardForGC: 0/0 objects in disregard for GC pool
[2020.11.01-02.56.59:163][  0]LogTcpMessaging: Initializing TcpMessaging bridge
[2020.11.01-02.56.59:198][  0]LogUdpMessaging: Initializing bridge on interface 0.0.0.0:0 to multicast group 230.0.0.1:6666.
[2020.11.01-02.56.59:924][  0]SourceControl: Source control is disabled
[2020.11.01-02.56.59:924][  0]SourceControl: Source control is disabled
[2020.11.01-02.57.00:055][  0]SourceControl: Source control is disabled
[2020.11.01-02.57.00:096][  0]SourceControl: Source control is disabled
[2020.11.01-02.57.00:150][  0]SourceControl: Source control is disabled
[2020.11.01-02.57.02:729][  0]LogAndroidPermission: UAndroidPermissionCallbackProxy::GetInstance
[2020.11.01-02.57.02:834][  0]LogAudioCaptureCore: Display: No Audio Capture implementations found. Audio input will be silent.
[2020.11.01-02.57.02:834][  0]LogAudioCaptureCore: Display: No Audio Capture implementations found. Audio input will be silent.
[2020.11.01-02.57.03:127][  0]LogOcInput: OculusInput pre-init called
[2020.11.01-02.57.03:205][  0]LogWindows: Failed to load 'OVRPlugin.dll' (GetLastError=126)
[2020.11.01-02.57.03:205][  0]LogWindows: File 'OVRPlugin.dll' does not exist
[2020.11.01-02.57.03:482][  0]LogEngine: Initializing Engine...
[2020.11.01-02.57.03:484][  0]LogHMD: Failed to initialize OpenVR with code 110
[2020.11.01-02.57.03:484][  0]LogMagicLeap: Warning: VR disabled because ZI is not enabled.  To enable, in the editor, Edit -> Project Settings -> Plugins -> Magic Leap Plugin -> Enable Zero Iteration
[2020.11.01-02.57.03:485][  0]LogStats: UGameplayTagsManager::InitializeManager -  0.000 s
[2020.11.01-02.57.03:611][  0]LogInit: Initializing FReadOnlyCVARCache
[2020.11.01-02.57.03:658][  0]LogAIModule: Creating AISystem for world Untitled
[2020.11.01-02.57.03:658][  0]LogAISub: UAISubsystem::UAISubsystem EnvQueryManager (00000231F5F97C00), frame # 0
[2020.11.01-02.57.03:658][  0]LogAISub: UAISubsystem::UAISubsystem AIPerceptionSystem (00000231F5FDE0C0), frame # 0
[2020.11.01-02.57.03:679][  0]LogAudioMixer: Display: Audio Mixer Platform Settings:
[2020.11.01-02.57.03:679][  0]LogAudioMixer: Display: 	Sample Rate:						  48000
[2020.11.01-02.57.03:679][  0]LogAudioMixer: Display: 	Callback Buffer Frame Size Requested: 1024
[2020.11.01-02.57.03:679][  0]LogAudioMixer: Display: 	Callback Buffer Frame Size To Use:	  1024
[2020.11.01-02.57.03:679][  0]LogAudioMixer: Display: 	Number of buffers to queue:			  2
[2020.11.01-02.57.03:679][  0]LogAudioMixer: Display: 	Max Channels (voices):				  32
[2020.11.01-02.57.03:679][  0]LogAudioMixer: Display: 	Number of Async Source Workers:		  0
[2020.11.01-02.57.03:679][  0]LogAudio: Display: AudioDevice MaxSources: 32
[2020.11.01-02.57.03:679][  0]LogAudio: Display: Using built-in audio occlusion.
[2020.11.01-02.57.03:679][  0]LogAudioMixer: Display: Initializing audio mixer.
[2020.11.01-02.57.03:747][  0]LogAudioMixer: Display: 0: FrontLeft
[2020.11.01-02.57.03:747][  0]LogAudioMixer: Display: 1: FrontRight
[2020.11.01-02.57.03:797][  0]LogAudioMixer: Display: Using Audio Device Speakers (USB Audio Device)
[2020.11.01-02.57.03:800][  0]LogAudioMixer: Display: Initializing Sound Submixes...
[2020.11.01-02.57.03:804][  0]LogAudioMixer: Display: Creating Master Submix 'MasterSubmixDefault'
[2020.11.01-02.57.03:804][  0]LogAudioMixer: Display: Creating Master Submix 'MasterReverbSubmixDefault'
[2020.11.01-02.57.03:805][  0]LogAudioMixer: Display: Creating Master Submix 'MasterEQSubmixDefault'
[2020.11.01-02.57.03:806][  0]LogInit: FAudioDevice initialized.
[2020.11.01-02.57.03:806][  0]LogNetVersion: Set ProjectVersion to 1.0.0.0. Version Checksum will be recalculated on next use.
[2020.11.01-02.57.03:862][  0]LogDerivedDataCache: Saved boot cache 0.06s 99MB C:/Users/seanp/AppData/Local/UnrealEngine/4.25/DerivedDataCache/Boot.ddc.
[2020.11.01-02.57.03:868][  0]LogInit: Texture streaming: Enabled
[2020.11.01-02.57.03:954][  0]LogEngineSessionManager: EngineSessionManager initialized
[2020.11.01-02.57.03:954][  0]LogEditorSessionSummary: Verbose: Initializing EditorSessionSummaryWriter for editor session tracking
[2020.11.01-02.57.03:956][  0]LogEditorSessionSummary: EditorSessionSummaryWriter initialized
[2020.11.01-02.57.04:045][  0]LogInit: Transaction tracking system initialized
[2020.11.01-02.57.04:270][  0]BlueprintLog: New page: Editor Load
[2020.11.01-02.57.05:378][  0]LocalizationService: Localization service is disabled
[2020.11.01-02.57.06:354][  0]LogCook: Display: Max memory allowance for cook 16384mb min free memory 0mb
[2020.11.01-02.57.06:354][  0]LogCook: Display: Mobile HDR setting 1
[2020.11.01-02.57.06:461][  0]LogFileCache: Scanning file cache for directory 'C:/Users/seanp/Documents/GitHub/MechaBane/MechaBane/Content/' took 0.02s
[2020.11.01-02.57.07:817][  0]SourceControl: Source control is disabled
[2020.11.01-02.57.07:817][  0]LogUnrealEdMisc: Loading editor; pre map load, took 23.353
[2020.11.01-02.57.07:817][  0]Cmd: MAP LOAD FILE="../../../../../../Users/seanp/Documents/GitHub/MechaBane/MechaBane/Content/Maps/Level1.umap" TEMPLATE=0 SHOWPROGRESS=1 FEATURELEVEL=3
[2020.11.01-02.57.07:817][  0]LightingResults: New page: Lighting Build
[2020.11.01-02.57.07:818][  0]LogWorld: UWorld::CleanupWorld for Untitled, bSessionEnded=true, bCleanupResources=true
[2020.11.01-02.57.07:818][  0]LogSlate: InvalidateAllWidgets triggered.  All widgets were invalidated
[2020.11.01-02.57.07:818][  0]MapCheck: New page: Map Check
[2020.11.01-02.57.07:818][  0]LightingResults: New page: Lighting Build
[2020.11.01-02.57.07:839][  0]LogAISub: UAISubsystem::~UAISubsystem EnvQueryManager (00000231F5F97C00), frame # 0
[2020.11.01-02.57.07:839][  0]LogAISub: UAISubsystem::~UAISubsystem AIPerceptionSystem (00000231F5FDE0C0), frame # 0
[2020.11.01-02.57.07:840][  0]LogUObjectHash: Compacting FUObjectHashTables data took   0.96ms
[2020.11.01-02.57.08:603][  0]LogBlueprint: Warning: Node '/Game/SciFiWeapLight/Sound/Rifle/Rifle_Fire_Cue.Rifle_Fire_Cue:SoundCueGraph_11.EdGraphNode_Comment_1' missing NodeGuid because of upgrade from old package version, this can cause deterministic cooking issues please resave package.
[2020.11.01-02.57.08:603][  0]LogBlueprint: Warning: Node '/Game/SciFiWeapLight/Sound/Rifle/Rifle_Fire_Cue.Rifle_Fire_Cue:SoundCueGraph_11.EdGraphNode_Comment_3' missing NodeGuid because of upgrade from old package version, this can cause deterministic cooking issues please resave package.
[2020.11.01-02.57.08:603][  0]LogBlueprint: Warning: Node '/Game/SciFiWeapLight/Sound/Rifle/Rifle_Fire_Cue.Rifle_Fire_Cue:SoundCueGraph_11.SoundCueGraphNode_132' missing NodeGuid because of upgrade from old package version, this can cause deterministic cooking issues please resave package.
[2020.11.01-02.57.08:603][  0]LogBlueprint: Warning: Node '/Game/SciFiWeapLight/Sound/Rifle/Rifle_Fire_Cue.Rifle_Fire_Cue:SoundCueGraph_11.SoundCueGraphNode_139' missing NodeGuid because of upgrade from old package version, this can cause deterministic cooking issues please resave package.
[2020.11.01-02.57.08:603][  0]LogBlueprint: Warning: Node '/Game/SciFiWeapLight/Sound/Rifle/Rifle_Fire_Cue.Rifle_Fire_Cue:SoundCueGraph_11.SoundCueGraphNode_3' missing NodeGuid because of upgrade from old package version, this can cause deterministic cooking issues please resave package.
[2020.11.01-02.57.08:603][  0]LogBlueprint: Warning: Node '/Game/SciFiWeapLight/Sound/Rifle/Rifle_Fire_Cue.Rifle_Fire_Cue:SoundCueGraph_11.SoundCueGraphNode_40' missing NodeGuid because of upgrade from old package version, this can cause deterministic cooking issues please resave package.
[2020.11.01-02.57.08:603][  0]LogBlueprint: Warning: Node '/Game/SciFiWeapLight/Sound/Rifle/Rifle_Fire_Cue.Rifle_Fire_Cue:SoundCueGraph_11.SoundCueGraphNode_41' missing NodeGuid because of upgrade from old package version, this can cause deterministic cooking issues please resave package.
[2020.11.01-02.57.08:603][  0]LogBlueprint: Warning: Node '/Game/SciFiWeapLight/Sound/Rifle/Rifle_Fire_Cue.Rifle_Fire_Cue:SoundCueGraph_11.SoundCueGraphNode_42' missing NodeGuid because of upgrade from old package version, this can cause deterministic cooking issues please resave package.
[2020.11.01-02.57.08:603][  0]LogBlueprint: Warning: Node '/Game/SciFiWeapLight/Sound/Rifle/Rifle_Fire_Cue.Rifle_Fire_Cue:SoundCueGraph_11.SoundCueGraphNode_43' missing NodeGuid because of upgrade from old package version, this can cause deterministic cooking issues please resave package.
[2020.11.01-02.57.08:603][  0]LogBlueprint: Warning: Node '/Game/SciFiWeapLight/Sound/Rifle/Rifle_Fire_Cue.Rifle_Fire_Cue:SoundCueGraph_11.SoundCueGraphNode_44' missing NodeGuid because of upgrade from old package version, this can cause deterministic cooking issues please resave package.
[2020.11.01-02.57.08:603][  0]LogBlueprint: Warning: Node '/Game/SciFiWeapLight/Sound/Rifle/Rifle_Fire_Cue.Rifle_Fire_Cue:SoundCueGraph_11.SoundCueGraphNode_45' missing NodeGuid because of upgrade from old package version, this can cause deterministic cooking issues please resave package.
[2020.11.01-02.57.08:603][  0]LogBlueprint: Warning: Node '/Game/SciFiWeapLight/Sound/Rifle/Rifle_Fire_Cue.Rifle_Fire_Cue:SoundCueGraph_11.SoundCueGraphNode_46' missing NodeGuid because of upgrade from old package version, this can cause deterministic cooking issues please resave package.
[2020.11.01-02.57.08:603][  0]LogBlueprint: Warning: Node '/Game/SciFiWeapLight/Sound/Rifle/Rifle_Fire_Cue.Rifle_Fire_Cue:SoundCueGraph_11.SoundCueGraphNode_47' missing NodeGuid because of upgrade from old package version, this can cause deterministic cooking issues please resave package.
[2020.11.01-02.57.08:603][  0]LogBlueprint: Warning: Node '/Game/SciFiWeapLight/Sound/Rifle/Rifle_Fire_Cue.Rifle_Fire_Cue:SoundCueGraph_11.SoundCueGraphNode_48' missing NodeGuid because of upgrade from old package version, this can cause deterministic cooking issues please resave package.
[2020.11.01-02.57.08:603][  0]LogBlueprint: Warning: Node '/Game/SciFiWeapLight/Sound/Rifle/Rifle_Fire_Cue.Rifle_Fire_Cue:SoundCueGraph_11.SoundCueGraphNode_49' missing NodeGuid because of upgrade from old package version, this can cause deterministic cooking issues please resave package.
[2020.11.01-02.57.08:603][  0]LogBlueprint: Warning: Node '/Game/SciFiWeapLight/Sound/Rifle/Rifle_Fire_Cue.Rifle_Fire_Cue:SoundCueGraph_11.SoundCueGraphNode_50' missing NodeGuid because of upgrade from old package version, this can cause deterministic cooking issues please resave package.
[2020.11.01-02.57.08:603][  0]LogBlueprint: Warning: Node '/Game/SciFiWeapLight/Sound/Rifle/Rifle_Fire_Cue.Rifle_Fire_Cue:SoundCueGraph_11.SoundCueGraphNode_51' missing NodeGuid because of upgrade from old package version, this can cause deterministic cooking issues please resave package.
[2020.11.01-02.57.08:603][  0]LogBlueprint: Warning: Node '/Game/SciFiWeapLight/Sound/Rifle/Rifle_Fire_Cue.Rifle_Fire_Cue:SoundCueGraph_11.SoundCueGraphNode_90' missing NodeGuid because of upgrade from old package version, this can cause deterministic cooking issues please resave package.
[2020.11.01-02.57.08:603][  0]LogBlueprint: Warning: Node '/Game/SciFiWeapLight/Sound/Rifle/Rifle_Fire_Cue.Rifle_Fire_Cue:SoundCueGraph_11.SoundCueGraphNode_Root_11' missing NodeGuid because of upgrade from old package version, this can cause deterministic cooking issues please resave package.
[2020.11.01-02.57.08:776][  0]LogAIModule: Creating AISystem for world Level1
[2020.11.01-02.57.08:777][  0]LogAISub: UAISubsystem::UAISubsystem EnvQueryManager (0000023187B7C600), frame # 0
[2020.11.01-02.57.08:777][  0]LogAISub: UAISubsystem::UAISubsystem AIPerceptionSystem (0000023187B78E00), frame # 0
[2020.11.01-02.57.08:828][  0]LogEditorServer: Finished looking for orphan Actors (0.000 secs)
[2020.11.01-02.57.08:848][  0]LogUObjectHash: Compacting FUObjectHashTables data took   0.98ms
[2020.11.01-02.57.08:853][  0]Cmd: MAP CHECKDEP NOCLEARLOG
[2020.11.01-02.57.08:854][  0]MapCheck: Map check complete: 0 Error(s), 0 Warning(s), took 0.33ms to complete.
[2020.11.01-02.57.08:854][  0]LogFileHelpers: Loading map 'Level1' took 1.037
[2020.11.01-02.57.08:855][  0]LogUnrealEdMisc: Total Editor Startup Time, took 24.391
[2020.11.01-02.57.09:333][  0]LogSlate: Updating window title bar state: overlay mode, drag disabled, window buttons hidden, title bar hidden
[2020.11.01-02.57.09:340][  0]LogSlate: Updating window title bar state: overlay mode, drag disabled, window buttons hidden, title bar hidden
[2020.11.01-02.57.09:346][  0]LogSlate: Updating window title bar state: overlay mode, drag disabled, window buttons hidden, title bar hidden
[2020.11.01-02.57.09:353][  0]LogSlate: Updating window title bar state: overlay mode, drag disabled, window buttons hidden, title bar hidden
[2020.11.01-02.57.09:386][  0]LogCollectionManager: Loaded 0 collections in 0.001527 seconds
[2020.11.01-02.57.09:402][  0]LogFileCache: Scanning file cache for directory 'C:/Users/seanp/Documents/GitHub/MechaBane/MechaBane/Saved/Collections/' took 0.00s
[2020.11.01-02.57.09:402][  0]LogFileCache: Scanning file cache for directory 'C:/Users/seanp/Documents/GitHub/MechaBane/MechaBane/Content/Developers/seanp/Collections/' took 0.00s
[2020.11.01-02.57.09:402][  0]LogFileCache: Scanning file cache for directory 'C:/Users/seanp/Documents/GitHub/MechaBane/MechaBane/Content/Collections/' took 0.00s
[2020.11.01-02.57.09:402][  0]LogContentBrowser: Native class hierarchy populated in 0.0083 seconds. Added 3427 classes and 821 folders.
[2020.11.01-02.57.09:404][  0]LogContentBrowser: Native class hierarchy updated for 'WidgetCarousel' in 0.0002 seconds. Added 0 classes and 0 folders.
[2020.11.01-02.57.09:531][  0]LogContentBrowser: Native class hierarchy updated for 'AddContentDialog' in 0.0003 seconds. Added 0 classes and 0 folders.
[2020.11.01-02.57.09:532][  0]LogContentBrowser: Native class hierarchy updated for 'SceneOutliner' in 0.0003 seconds. Added 2 classes and 0 folders.
[2020.11.01-02.57.09:712][  0]LogSlate: Took 0.000863 seconds to synchronously load lazily loaded font '../../../Engine/Content/Slate/Fonts/Roboto-Regular.ttf' (155K)
[2020.11.01-02.57.09:714][  0]LogSlate: Took 0.000707 seconds to synchronously load lazily loaded font '../../../Engine/Content/Slate/Fonts/Roboto-Bold.ttf' (160K)
[2020.11.01-02.57.09:719][  0]LogSlate: Took 0.000616 seconds to synchronously load lazily loaded font '../../../Engine/Content/Editor/Slate/Fonts/FontAwesome.ttf' (139K)
[2020.11.01-02.57.09:809][  0]LogRenderer: Reallocating scene render targets to support 980x420 Format 10 NumSamples 1 (Frame:1).
[2020.11.01-02.57.10:097][  0]LogContentBrowser: Native class hierarchy updated for 'HierarchicalLODOutliner' in 0.0003 seconds. Added 0 classes and 0 folders.
[2020.11.01-02.57.10:097][  0]LogLoad: (Engine Initialization) Total time: 25.63 seconds
[2020.11.01-02.57.10:097][  0]LogLoad: (Engine Initialization) Total Blueprint compile time: 0.00 seconds
[2020.11.01-02.57.10:162][  0]LogAssetRegistry: Asset discovery search completed in 15.3008 seconds
[2020.11.01-02.57.10:166][  0]LogCollectionManager: Fixed up redirectors for 0 collections in 0.000002 seconds (updated 0 objects)
[2020.11.01-02.57.10:172][  0]LogContentStreaming: Texture pool size now 1000 MB
[2020.11.01-02.57.10:212][  0]LogSlate: Took 0.000609 seconds to synchronously load lazily loaded font '../../../Engine/Content/Slate/Fonts/Roboto-Light.ttf' (167K)
[2020.11.01-02.57.11:160][ 50]LogSlate: Took 0.000210 seconds to synchronously load lazily loaded font '../../../Engine/Content/Slate/Fonts/Roboto-Light.ttf' (167K)
[2020.11.01-02.57.30:743][211]LogAssetEditorSubsystem: Opening Asset editor for Blueprint /Game/BluePrint/Player.Player
[2020.11.01-02.57.30:958][211]LogContentBrowser: Native class hierarchy updated for 'BlueprintGraph' in 0.0006 seconds. Added 125 classes and 0 folders.
[2020.11.01-02.57.31:775][211]LogAssetEditorSubsystem: Opening Asset editor for AnimBlueprint /Game/Characters/HeroFPP/Arms_Anims.Arms_Anims
[2020.11.01-02.57.31:882][211]LogContentBrowser: Native class hierarchy updated for 'SkeletonEditor' in 0.0003 seconds. Added 1 classes and 2 folders.
[2020.11.01-02.57.32:032][211]LogActorComponent: RegisterComponentWithWorld: (/Engine/Transient.World_4:PersistentLevel.AnimationEditorPreviewActor_0.DebugSkelMeshComponent_0) Already registered. Aborting.
[2020.11.01-02.57.32:034][211]LogContentBrowser: Native class hierarchy updated for 'PinnedCommandList' in 0.0003 seconds. Added 1 classes and 0 folders.
[2020.11.01-02.57.32:573][211]LogAssetEditorSubsystem: Opening Asset editor for SkeletalMesh /Game/Characters/HeroFPP/HeroFPP.HeroFPP
[2020.11.01-02.57.32:582][211]LogActorComponent: RegisterComponentWithWorld: (/Engine/Transient.World_6:PersistentLevel.AnimationEditorPreviewActor_0.DebugSkelMeshComponent_0) Already registered. Aborting.
[2020.11.01-02.57.32:822][211]LogAssetEditorSubsystem: Opening Asset editor for Blueprint /Game/BluePrint/Launcher_Projectile.Launcher_Projectile
[2020.11.01-02.57.33:520][211]LogSlate: Took 0.009485 seconds to synchronously load lazily loaded font '../../../Engine/Content/Slate/Fonts/Roboto-BoldCondensed.ttf' (158K)
[2020.11.01-02.57.33:568][212]LogSlate: Took 0.000727 seconds to synchronously load lazily loaded font '../../../Engine/Content/Slate/Fonts/Roboto-Italic.ttf' (157K)
[2020.11.01-02.57.35:612][322]LogWorld: UWorld::CleanupWorld for World_6, bSessionEnded=true, bCleanupResources=true
[2020.11.01-02.57.35:612][322]LogSlate: InvalidateAllWidgets triggered.  All widgets were invalidated
[2020.11.01-02.57.38:429][468]LogContentBrowser: Verbose: The majority of assets in the view are of type: AnimSequence
[2020.11.01-02.57.40:588][587]LogSlate: Window 'Arms_Anims' being destroyed
[2020.11.01-02.58.22:055][ 13]BlueprintLog: New page: Compile Player
[2020.11.01-02.58.22:159][ 13]LogUObjectHash: Compacting FUObjectHashTables data took   4.45ms
[2020.11.01-02.58.22:267][ 13]LogSlate: Took 0.000872 seconds to synchronously load lazily loaded font '../../../Engine/Content/Slate/Fonts/DroidSansMono.ttf' (77K)
[2020.11.01-02.58.22:614][ 31]Cmd: OBJ SAVEPACKAGE PACKAGE="/Game/BluePrint/Player" FILE="../../../../../../Users/seanp/Documents/GitHub/MechaBane/MechaBane/Content/BluePrint/Player.uasset" SILENT=true
[2020.11.01-02.58.22:663][ 31]LogSavePackage: Moving '../../../../../../Users/seanp/Documents/GitHub/MechaBane/MechaBane/Saved/PlayerBDD09A814012E3D12FE6E3B7B57EA933.tmp' to '../../../../../../Users/seanp/Documents/GitHub/MechaBane/MechaBane/Content/BluePrint/Player.uasset'
[2020.11.01-02.58.22:682][ 31]AssetCheck: New page: Asset Save: Player
[2020.11.01-02.58.22:682][ 31]LogContentValidation: Display: Validating Blueprint /Game/BluePrint/Player.Player
[2020.11.01-02.58.23:279][ 67]LogTemp: Repeating last play command: Selected Viewport
[2020.11.01-02.58.23:292][ 67]LogPlayLevel: PlayLevel: No blueprints needed recompiling
[2020.11.01-02.58.23:293][ 67]PIE: New page: PIE session: Level1 (Oct 31, 2020, 4:58:23 PM)
[2020.11.01-02.58.23:294][ 67]LogOnline: OSS: Creating online subsystem instance for: NULL
[2020.11.01-02.58.23:295][ 67]LogOnline: OSS: TryLoadSubsystemAndSetDefault: Loaded subsystem for module [NULL]
[2020.11.01-02.58.23:295][ 67]LogPlayLevel: Creating play world package: /Game/Maps/UEDPIE_0_Level1
[2020.11.01-02.58.23:381][ 67]LogPlayLevel: PIE: StaticDuplicateObject took: (0.085392s)
[2020.11.01-02.58.23:381][ 67]LogAIModule: Creating AISystem for world Level1
[2020.11.01-02.58.23:381][ 67]LogAISub: UAISubsystem::UAISubsystem EnvQueryManager (000002323948FE00), frame # 4067
[2020.11.01-02.58.23:381][ 67]LogAISub: UAISubsystem::UAISubsystem AIPerceptionSystem (0000023245468680), frame # 4067
[2020.11.01-02.58.23:382][ 67]LogPlayLevel: PIE: World Init took: (0.001094s)
[2020.11.01-02.58.23:382][ 67]LogPlayLevel: PIE: Created PIE world by copying editor world from /Game/Maps/Level1.Level1 to /Game/Maps/UEDPIE_0_Level1.Level1 (0.086734s)
[2020.11.01-02.58.23:413][ 67]LogUObjectHash: Compacting FUObjectHashTables data took   3.30ms
[2020.11.01-02.58.23:414][ 67]LogAudioMixer: Display: Audio Mixer Platform Settings:
[2020.11.01-02.58.23:414][ 67]LogAudioMixer: Display: 	Sample Rate:						  48000
[2020.11.01-02.58.23:414][ 67]LogAudioMixer: Display: 	Callback Buffer Frame Size Requested: 1024
[2020.11.01-02.58.23:414][ 67]LogAudioMixer: Display: 	Callback Buffer Frame Size To Use:	  1024
[2020.11.01-02.58.23:414][ 67]LogAudioMixer: Display: 	Number of buffers to queue:			  2
[2020.11.01-02.58.23:414][ 67]LogAudioMixer: Display: 	Max Channels (voices):				  32
[2020.11.01-02.58.23:415][ 67]LogAudioMixer: Display: 	Number of Async Source Workers:		  0
[2020.11.01-02.58.23:415][ 67]LogAudio: Display: AudioDevice MaxSources: 32
[2020.11.01-02.58.23:415][ 67]LogAudio: Display: Using built-in audio occlusion.
[2020.11.01-02.58.23:415][ 67]LogAudioMixer: Display: Initializing audio mixer.
[2020.11.01-02.58.23:420][ 67]LogAudioMixer: Display: 0: FrontLeft
[2020.11.01-02.58.23:420][ 67]LogAudioMixer: Display: 1: FrontRight
[2020.11.01-02.58.23:449][ 67]LogAudioMixer: Display: Using Audio Device Speakers (USB Audio Device)
[2020.11.01-02.58.23:450][ 67]LogAudioMixer: Display: Initializing Sound Submixes...
[2020.11.01-02.58.23:450][ 67]LogAudioMixer: Display: Creating Master Submix 'MasterSubmixDefault'
[2020.11.01-02.58.23:450][ 67]LogAudioMixer: Display: Creating Master Submix 'MasterReverbSubmixDefault'
[2020.11.01-02.58.23:450][ 67]LogAudioMixer: Display: Creating Master Submix 'MasterEQSubmixDefault'
[2020.11.01-02.58.23:474][ 67]LogInit: FAudioDevice initialized.
[2020.11.01-02.58.23:524][ 67]LogSlate: Updating window title bar state: overlay mode, drag disabled, window buttons hidden, title bar hidden
[2020.11.01-02.58.23:524][ 67]LogLoad: Game class is 'Shooter_GM_C'
[2020.11.01-02.58.23:557][ 67]LogWorld: Bringing World /Game/Maps/UEDPIE_0_Level1.Level1 up for play (max tick rate 60) at 2020.10.31-21.58.23
[2020.11.01-02.58.23:559][ 67]LogWorld: Bringing up level for play took: 0.034138
[2020.11.01-02.58.23:560][ 67]LogOnline: OSS: Creating online subsystem instance for: :Context_12
[2020.11.01-02.58.23:574][ 67]LogContentBrowser: Native class hierarchy updated for 'MovieSceneCapture' in 0.0004 seconds. Added 20 classes and 0 folders.
[2020.11.01-02.58.23:579][ 67]PIE: Server logged in
[2020.11.01-02.58.23:582][ 67]PIE: Play in editor total start time 0.29 seconds.
[2020.11.01-02.58.23:634][ 68]LogRenderer: Reallocating scene render targets to support 1368x768 Format 10 NumSamples 1 (Frame:1).
[2020.11.01-02.58.30:644][471]LogCharacterMovement: Player_C_0 is stuck and failed to move! Velocity: X=-3.51 Y=-32.41 Z=0.00 Location: X=98.06 Y=-443.00 Z=120.15 Normal: X=-0.71 Y=0.71 Z=-0.00 PenetrationDepth:0.305 Actor:SM_Crate26_587 Component:StaticMeshComponent0 BoneName:None (0 other events since notify)
[2020.11.01-02.59.34:109][273]LogSlate: Updating window title bar state: overlay mode, drag disabled, window buttons hidden, title bar hidden
[2020.11.01-02.59.34:109][273]LogWorld: BeginTearingDown for /Game/Maps/UEDPIE_0_Level1
[2020.11.01-02.59.34:110][273]LogSlate: Window 'MechaBane Preview [NetMode: Standalone] (64-bit/Windows) ' being destroyed
[2020.11.01-02.59.34:118][273]LogWorld: UWorld::CleanupWorld for Level1, bSessionEnded=true, bCleanupResources=true
[2020.11.01-02.59.34:124][273]LogSlate: InvalidateAllWidgets triggered.  All widgets were invalidated
[2020.11.01-02.59.34:133][273]LogPlayLevel: Display: Shutting down PIE online subsystems
[2020.11.01-02.59.34:139][273]LogSlate: InvalidateAllWidgets triggered.  All widgets were invalidated
[2020.11.01-02.59.34:203][273]LogAISub: UAISubsystem::~UAISubsystem AIPerceptionSystem (0000023245468680), frame # 8273
[2020.11.01-02.59.34:203][273]LogAISub: UAISubsystem::~UAISubsystem EnvQueryManager (000002323948FE00), frame # 8273
[2020.11.01-02.59.34:224][273]LogUObjectHash: Compacting FUObjectHashTables data took   4.78ms
[2020.11.01-02.59.34:252][274]LogPlayLevel: Display: Destroying online subsystem :Context_12
[2020.11.01-03.00.58:109][196]BlueprintLog: New page: Compile Player
[2020.11.01-03.00.58:182][196]LogUObjectHash: Compacting FUObjectHashTables data took   3.92ms
[2020.11.01-03.00.58:643][217]Cmd: OBJ SAVEPACKAGE PACKAGE="/Game/BluePrint/Player" FILE="../../../../../../Users/seanp/Documents/GitHub/MechaBane/MechaBane/Content/BluePrint/Player.uasset" SILENT=true
[2020.11.01-03.00.58:693][217]LogSavePackage: Moving '../../../../../../Users/seanp/Documents/GitHub/MechaBane/MechaBane/Saved/PlayerA2CD05DE456C77F42BF446A0113D3D04.tmp' to '../../../../../../Users/seanp/Documents/GitHub/MechaBane/MechaBane/Content/BluePrint/Player.uasset'
[2020.11.01-03.00.58:708][217]AssetCheck: New page: Asset Save: Player
[2020.11.01-03.00.58:708][217]LogContentValidation: Display: Validating Blueprint /Game/BluePrint/Player.Player
[2020.11.01-03.01.01:073][359]LogTemp: Repeating last play command: Selected Viewport
[2020.11.01-03.01.01:085][359]LogPlayLevel: PlayLevel: No blueprints needed recompiling
[2020.11.01-03.01.01:086][359]PIE: New page: PIE session: Level1 (Oct 31, 2020, 5:01:01 PM)
[2020.11.01-03.01.01:086][359]LogPlayLevel: Creating play world package: /Game/Maps/UEDPIE_0_Level1
[2020.11.01-03.01.01:170][359]LogPlayLevel: PIE: StaticDuplicateObject took: (0.083970s)
[2020.11.01-03.01.01:171][359]LogAIModule: Creating AISystem for world Level1
[2020.11.01-03.01.01:171][359]LogAISub: UAISubsystem::UAISubsystem EnvQueryManager (0000023245090400), frame # 13359
[2020.11.01-03.01.01:171][359]LogAISub: UAISubsystem::UAISubsystem AIPerceptionSystem (0000023265D47240), frame # 13359
[2020.11.01-03.01.01:171][359]LogPlayLevel: PIE: World Init took: (0.001333s)
[2020.11.01-03.01.01:171][359]LogPlayLevel: PIE: Created PIE world by copying editor world from /Game/Maps/Level1.Level1 to /Game/Maps/UEDPIE_0_Level1.Level1 (0.085545s)
[2020.11.01-03.01.01:202][359]LogUObjectHash: Compacting FUObjectHashTables data took   3.65ms
[2020.11.01-03.01.01:204][359]LogAudioMixer: Display: Audio Mixer Platform Settings:
[2020.11.01-03.01.01:204][359]LogAudioMixer: Display: 	Sample Rate:						  48000
[2020.11.01-03.01.01:204][359]LogAudioMixer: Display: 	Callback Buffer Frame Size Requested: 1024
[2020.11.01-03.01.01:204][359]LogAudioMixer: Display: 	Callback Buffer Frame Size To Use:	  1024
[2020.11.01-03.01.01:204][359]LogAudioMixer: Display: 	Number of buffers to queue:			  2
[2020.11.01-03.01.01:204][359]LogAudioMixer: Display: 	Max Channels (voices):				  32
[2020.11.01-03.01.01:204][359]LogAudioMixer: Display: 	Number of Async Source Workers:		  0
[2020.11.01-03.01.01:204][359]LogAudio: Display: AudioDevice MaxSources: 32
[2020.11.01-03.01.01:205][359]LogAudio: Display: Using built-in audio occlusion.
[2020.11.01-03.01.01:205][359]LogAudioMixer: Display: Initializing audio mixer.
[2020.11.01-03.01.01:209][359]LogAudioMixer: Display: 0: FrontLeft
[2020.11.01-03.01.01:209][359]LogAudioMixer: Display: 1: FrontRight
[2020.11.01-03.01.01:236][359]LogAudioMixer: Display: Using Audio Device Speakers (USB Audio Device)
[2020.11.01-03.01.01:237][359]LogAudioMixer: Display: Initializing Sound Submixes...
[2020.11.01-03.01.01:237][359]LogAudioMixer: Display: Creating Master Submix 'MasterSubmixDefault'
[2020.11.01-03.01.01:237][359]LogAudioMixer: Display: Creating Master Submix 'MasterReverbSubmixDefault'
[2020.11.01-03.01.01:237][359]LogAudioMixer: Display: Creating Master Submix 'MasterEQSubmixDefault'
[2020.11.01-03.01.01:256][359]LogInit: FAudioDevice initialized.
[2020.11.01-03.01.01:308][359]LogSlate: Updating window title bar state: overlay mode, drag disabled, window buttons hidden, title bar hidden
[2020.11.01-03.01.01:308][359]LogLoad: Game class is 'Shooter_GM_C'
[2020.11.01-03.01.01:337][359]LogWorld: Bringing World /Game/Maps/UEDPIE_0_Level1.Level1 up for play (max tick rate 60) at 2020.10.31-22.01.01
[2020.11.01-03.01.01:339][359]LogWorld: Bringing up level for play took: 0.029992
[2020.11.01-03.01.01:339][359]LogOnline: OSS: Creating online subsystem instance for: :Context_13
[2020.11.01-03.01.01:345][359]PIE: Server logged in
[2020.11.01-03.01.01:345][359]PIE: Play in editor total start time 0.261 seconds.
[2020.11.01-03.01.02:879][441]LogSlate: Updating window title bar state: overlay mode, drag disabled, window buttons hidden, title bar hidden
[2020.11.01-03.01.02:879][441]LogWorld: BeginTearingDown for /Game/Maps/UEDPIE_0_Level1
[2020.11.01-03.01.02:880][441]LogSlate: Window 'MechaBane Preview [NetMode: Standalone] (64-bit/Windows) ' being destroyed
[2020.11.01-03.01.02:886][441]LogWorld: UWorld::CleanupWorld for Level1, bSessionEnded=true, bCleanupResources=true
[2020.11.01-03.01.02:892][441]LogSlate: InvalidateAllWidgets triggered.  All widgets were invalidated
[2020.11.01-03.01.02:904][441]LogPlayLevel: Display: Shutting down PIE online subsystems
[2020.11.01-03.01.02:910][441]LogSlate: InvalidateAllWidgets triggered.  All widgets were invalidated
[2020.11.01-03.01.02:963][441]LogAISub: UAISubsystem::~UAISubsystem AIPerceptionSystem (0000023265D47240), frame # 13441
[2020.11.01-03.01.02:963][441]LogAISub: UAISubsystem::~UAISubsystem EnvQueryManager (0000023245090400), frame # 13441
[2020.11.01-03.01.02:969][441]LogUObjectHash: Compacting FUObjectHashTables data took   2.68ms
[2020.11.01-03.01.02:992][442]LogPlayLevel: Display: Destroying online subsystem :Context_13
[2020.11.01-03.01.18:802][382]BlueprintLog: New page: Compile Player
[2020.11.01-03.01.18:873][382]LogUObjectHash: Compacting FUObjectHashTables data took   2.76ms
[2020.11.01-03.01.19:461][408]Cmd: OBJ SAVEPACKAGE PACKAGE="/Game/BluePrint/Player" FILE="../../../../../../Users/seanp/Documents/GitHub/MechaBane/MechaBane/Content/BluePrint/Player.uasset" SILENT=true
[2020.11.01-03.01.19:514][408]LogSavePackage: Moving '../../../../../../Users/seanp/Documents/GitHub/MechaBane/MechaBane/Saved/PlayerD806AC6944996D2067649D8D6754307E.tmp' to '../../../../../../Users/seanp/Documents/GitHub/MechaBane/MechaBane/Content/BluePrint/Player.uasset'
[2020.11.01-03.01.19:527][408]AssetCheck: New page: Asset Save: Player
[2020.11.01-03.01.19:527][408]LogContentValidation: Display: Validating Blueprint /Game/BluePrint/Player.Player
[2020.11.01-03.01.23:447][636]BlueprintLog: New page: Compile Player
[2020.11.01-03.01.23:523][636]LogUObjectHash: Compacting FUObjectHashTables data took   4.12ms
[2020.11.01-03.01.24:014][656]Cmd: OBJ SAVEPACKAGE PACKAGE="/Game/BluePrint/Player" FILE="../../../../../../Users/seanp/Documents/GitHub/MechaBane/MechaBane/Content/BluePrint/Player.uasset" SILENT=true
[2020.11.01-03.01.24:063][656]LogSavePackage: Moving '../../../../../../Users/seanp/Documents/GitHub/MechaBane/MechaBane/Saved/PlayerD436DCCC40EABF3CD41CE3BE224A4B0C.tmp' to '../../../../../../Users/seanp/Documents/GitHub/MechaBane/MechaBane/Content/BluePrint/Player.uasset'
[2020.11.01-03.01.24:079][656]AssetCheck: New page: Asset Save: Player
[2020.11.01-03.01.24:079][656]LogContentValidation: Display: Validating Blueprint /Game/BluePrint/Player.Player
[2020.11.01-03.01.24:476][680]LogTemp: Repeating last play command: Selected Viewport
[2020.11.01-03.01.24:489][680]LogPlayLevel: PlayLevel: No blueprints needed recompiling
[2020.11.01-03.01.24:489][680]PIE: New page: PIE session: Level1 (Oct 31, 2020, 5:01:24 PM)
[2020.11.01-03.01.24:489][680]LogPlayLevel: Creating play world package: /Game/Maps/UEDPIE_0_Level1
[2020.11.01-03.01.24:571][680]LogPlayLevel: PIE: StaticDuplicateObject took: (0.081655s)
[2020.11.01-03.01.24:571][680]LogAIModule: Creating AISystem for world Level1
[2020.11.01-03.01.24:572][680]LogAISub: UAISubsystem::UAISubsystem EnvQueryManager (00000232AA56A200), frame # 14680
[2020.11.01-03.01.24:572][680]LogAISub: UAISubsystem::UAISubsystem AIPerceptionSystem (0000023283DA1580), frame # 14680
[2020.11.01-03.01.24:572][680]LogPlayLevel: PIE: World Init took: (0.001129s)
[2020.11.01-03.01.24:572][680]LogPlayLevel: PIE: Created PIE world by copying editor world from /Game/Maps/Level1.Level1 to /Game/Maps/UEDPIE_0_Level1.Level1 (0.082975s)
[2020.11.01-03.01.24:604][680]LogUObjectHash: Compacting FUObjectHashTables data took   3.37ms
[2020.11.01-03.01.24:605][680]LogAudioMixer: Display: Audio Mixer Platform Settings:
[2020.11.01-03.01.24:605][680]LogAudioMixer: Display: 	Sample Rate:						  48000
[2020.11.01-03.01.24:605][680]LogAudioMixer: Display: 	Callback Buffer Frame Size Requested: 1024
[2020.11.01-03.01.24:605][680]LogAudioMixer: Display: 	Callback Buffer Frame Size To Use:	  1024
[2020.11.01-03.01.24:605][680]LogAudioMixer: Display: 	Number of buffers to queue:			  2
[2020.11.01-03.01.24:605][680]LogAudioMixer: Display: 	Max Channels (voices):				  32
[2020.11.01-03.01.24:605][680]LogAudioMixer: Display: 	Number of Async Source Workers:		  0
[2020.11.01-03.01.24:605][680]LogAudio: Display: AudioDevice MaxSources: 32
[2020.11.01-03.01.24:605][680]LogAudio: Display: Using built-in audio occlusion.
[2020.11.01-03.01.24:605][680]LogAudioMixer: Display: Initializing audio mixer.
[2020.11.01-03.01.24:609][680]LogAudioMixer: Display: 0: FrontLeft
[2020.11.01-03.01.24:609][680]LogAudioMixer: Display: 1: FrontRight
[2020.11.01-03.01.24:633][680]LogAudioMixer: Display: Using Audio Device Speakers (USB Audio Device)
[2020.11.01-03.01.24:633][680]LogAudioMixer: Display: Initializing Sound Submixes...
[2020.11.01-03.01.24:634][680]LogAudioMixer: Display: Creating Master Submix 'MasterSubmixDefault'
[2020.11.01-03.01.24:634][680]LogAudioMixer: Display: Creating Master Submix 'MasterReverbSubmixDefault'
[2020.11.01-03.01.24:634][680]LogAudioMixer: Display: Creating Master Submix 'MasterEQSubmixDefault'
[2020.11.01-03.01.24:654][680]LogInit: FAudioDevice initialized.
[2020.11.01-03.01.24:697][680]LogSlate: Updating window title bar state: overlay mode, drag disabled, window buttons hidden, title bar hidden
[2020.11.01-03.01.24:698][680]LogLoad: Game class is 'Shooter_GM_C'
[2020.11.01-03.01.24:730][680]LogWorld: Bringing World /Game/Maps/UEDPIE_0_Level1.Level1 up for play (max tick rate 60) at 2020.10.31-22.01.24
[2020.11.01-03.01.24:732][680]LogWorld: Bringing up level for play took: 0.033139
[2020.11.01-03.01.24:732][680]LogOnline: OSS: Creating online subsystem instance for: :Context_14
[2020.11.01-03.01.24:740][680]PIE: Server logged in
[2020.11.01-03.01.24:743][680]PIE: Play in editor total start time 0.254 seconds.
[2020.11.01-03.01.25:872][728]LogScript: Warning: Runaway loop detected (over 1,000,000 iterations) - see log for stack trace
	Player_C /Game/Maps/UEDPIE_0_Level1.Level1:PersistentLevel.Player_C_0
	Function /Game/BluePrint/Player.Player_C:Fire Rifle:00B5
[2020.11.01-03.01.25:872][728]PIE: Error: Infinite loop detected. Blueprint:  Player Function:  Branch Call Stack:  Show
[2020.11.01-03.01.25:928][728]LogSlate: Updating window title bar state: overlay mode, drag disabled, window buttons hidden, title bar hidden
[2020.11.01-03.01.25:928][728]LogWorld: BeginTearingDown for /Game/Maps/UEDPIE_0_Level1
[2020.11.01-03.01.25:929][728]LogSlate: Window 'MechaBane Preview [NetMode: Standalone] (64-bit/Windows) ' being destroyed
[2020.11.01-03.01.25:935][728]LogWorld: UWorld::CleanupWorld for Level1, bSessionEnded=true, bCleanupResources=true
[2020.11.01-03.01.25:942][728]LogSlate: InvalidateAllWidgets triggered.  All widgets were invalidated
[2020.11.01-03.01.25:954][728]LogPlayLevel: Display: Shutting down PIE online subsystems
[2020.11.01-03.01.25:959][728]LogSlate: InvalidateAllWidgets triggered.  All widgets were invalidated
[2020.11.01-03.01.26:013][728]LogAISub: UAISubsystem::~UAISubsystem AIPerceptionSystem (0000023283DA1580), frame # 14728
[2020.11.01-03.01.26:013][728]LogAISub: UAISubsystem::~UAISubsystem EnvQueryManager (00000232AA56A200), frame # 14728
[2020.11.01-03.01.26:019][728]LogUObjectHash: Compacting FUObjectHashTables data took   2.81ms
[2020.11.01-03.01.26:176][729]LogPlayLevel: Display: Destroying online subsystem :Context_14
[2020.11.01-03.01.28:124][842]LogAssetEditorSubsystem: Opening Asset editor for Blueprint /Engine/EditorBlueprintResources/StandardMacros.StandardMacros
[2020.11.01-03.01.38:062][146]LogSlate: Window 'Message Log' being destroyed
[2020.11.01-03.01.38:067][146]LogSlate: Window 'Message Log' being destroyed
[2020.11.01-03.01.49:128][800]BlueprintLog: New page: Compile Player
[2020.11.01-03.01.49:205][800]LogUObjectHash: Compacting FUObjectHashTables data took   3.48ms
[2020.11.01-03.01.50:888][892]Cmd: OBJ SAVEPACKAGE PACKAGE="/Game/Maps/Level1" FILE="../../../../../../Users/seanp/Documents/GitHub/MechaBane/MechaBane/Content/Maps/Level1.umap" SILENT=true AUTOSAVING=false KEEPDIRTY=false
[2020.11.01-03.01.50:923][892]LogUObjectHash: Compacting FUObjectHashTables data took   3.26ms
[2020.11.01-03.01.51:197][892]LogSavePackage: Moving '../../../../../../Users/seanp/Documents/GitHub/MechaBane/MechaBane/Saved/Level160A2542C40FC03B4137254A323368782.tmp' to '../../../../../../Users/seanp/Documents/GitHub/MechaBane/MechaBane/Content/Maps/Level1.umap'
[2020.11.01-03.01.51:222][892]Cmd: OBJ SAVEPACKAGE PACKAGE="/Game/Maps/Level1_BuiltData" FILE="../../../../../../Users/seanp/Documents/GitHub/MechaBane/MechaBane/Content/Maps/Level1_BuiltData.uasset" SILENT=true
[2020.11.01-03.01.52:513][892]LogSavePackage: Moving '../../../../../../Users/seanp/Documents/GitHub/MechaBane/MechaBane/Saved/Level1_BuiltDataD55011C74D0C140D5F5661853D1F5604.tmp' to '../../../../../../Users/seanp/Documents/GitHub/MechaBane/MechaBane/Content/Maps/Level1_BuiltData.uasset'
[2020.11.01-03.01.52:550][892]AssetCheck: New page: Asset Save: multiple assets
[2020.11.01-03.01.52:550][892]LogContentValidation: Display: Validating World /Game/Maps/Level1.Level1
[2020.11.01-03.01.52:550][892]LogContentValidation: Display: Validating MapBuildDataRegistry /Game/Maps/Level1_BuiltData.Level1_BuiltData
[2020.11.01-03.01.57:312][171]Cmd: OBJ SAVEPACKAGE PACKAGE="/Game/BluePrint/Player" FILE="../../../../../../Users/seanp/Documents/GitHub/MechaBane/MechaBane/Content/BluePrint/Player.uasset" SILENT=true
[2020.11.01-03.01.57:361][171]LogSavePackage: Moving '../../../../../../Users/seanp/Documents/GitHub/MechaBane/MechaBane/Saved/Player6629E00D4B2C34A2377D6BAEFB4E753A.tmp' to '../../../../../../Users/seanp/Documents/GitHub/MechaBane/MechaBane/Content/BluePrint/Player.uasset'
[2020.11.01-03.01.57:375][171]AssetCheck: New page: Asset Save: Player
[2020.11.01-03.01.57:375][171]LogContentValidation: Display: Validating Blueprint /Game/BluePrint/Player.Player
[2020.11.01-03.02.30:064][ 81]BlueprintLog: New page: Compile Player
[2020.11.01-03.02.30:138][ 81]LogUObjectHash: Compacting FUObjectHashTables data took   2.99ms
[2020.11.01-03.02.30:544][ 96]Cmd: OBJ SAVEPACKAGE PACKAGE="/Game/BluePrint/Player" FILE="../../../../../../Users/seanp/Documents/GitHub/MechaBane/MechaBane/Content/BluePrint/Player.uasset" SILENT=true
[2020.11.01-03.02.30:596][ 96]LogSavePackage: Moving '../../../../../../Users/seanp/Documents/GitHub/MechaBane/MechaBane/Saved/PlayerAAE516C540A7E04B81CA73B155E5389A.tmp' to '../../../../../../Users/seanp/Documents/GitHub/MechaBane/MechaBane/Content/BluePrint/Player.uasset'
[2020.11.01-03.02.30:613][ 96]AssetCheck: New page: Asset Save: Player
[2020.11.01-03.02.30:613][ 96]LogContentValidation: Display: Validating Blueprint /Game/BluePrint/Player.Player
[2020.11.01-03.02.31:160][127]LogTemp: Repeating last play command: Selected Viewport
[2020.11.01-03.02.31:172][127]LogPlayLevel: PlayLevel: No blueprints needed recompiling
[2020.11.01-03.02.31:172][127]PIE: New page: PIE session: Level1 (Oct 31, 2020, 5:02:31 PM)
[2020.11.01-03.02.31:172][127]LogPlayLevel: Creating play world package: /Game/Maps/UEDPIE_0_Level1
[2020.11.01-03.02.31:256][127]LogPlayLevel: PIE: StaticDuplicateObject took: (0.083830s)
[2020.11.01-03.02.31:256][127]LogAIModule: Creating AISystem for world Level1
[2020.11.01-03.02.31:256][127]LogAISub: UAISubsystem::UAISubsystem EnvQueryManager (00000232691C0800), frame # 18127
[2020.11.01-03.02.31:257][127]LogAISub: UAISubsystem::UAISubsystem AIPerceptionSystem (00000232C8F4BD80), frame # 18127
[2020.11.01-03.02.31:257][127]LogPlayLevel: PIE: World Init took: (0.001053s)
[2020.11.01-03.02.31:257][127]LogPlayLevel: PIE: Created PIE world by copying editor world from /Game/Maps/Level1.Level1 to /Game/Maps/UEDPIE_0_Level1.Level1 (0.085080s)
[2020.11.01-03.02.31:293][127]LogUObjectHash: Compacting FUObjectHashTables data took   3.56ms
[2020.11.01-03.02.31:294][127]LogAudioMixer: Display: Audio Mixer Platform Settings:
[2020.11.01-03.02.31:294][127]LogAudioMixer: Display: 	Sample Rate:						  48000
[2020.11.01-03.02.31:294][127]LogAudioMixer: Display: 	Callback Buffer Frame Size Requested: 1024
[2020.11.01-03.02.31:294][127]LogAudioMixer: Display: 	Callback Buffer Frame Size To Use:	  1024
[2020.11.01-03.02.31:294][127]LogAudioMixer: Display: 	Number of buffers to queue:			  2
[2020.11.01-03.02.31:294][127]LogAudioMixer: Display: 	Max Channels (voices):				  32
[2020.11.01-03.02.31:294][127]LogAudioMixer: Display: 	Number of Async Source Workers:		  0
[2020.11.01-03.02.31:294][127]LogAudio: Display: AudioDevice MaxSources: 32
[2020.11.01-03.02.31:295][127]LogAudio: Display: Using built-in audio occlusion.
[2020.11.01-03.02.31:295][127]LogAudioMixer: Display: Initializing audio mixer.
[2020.11.01-03.02.31:299][127]LogAudioMixer: Display: 0: FrontLeft
[2020.11.01-03.02.31:299][127]LogAudioMixer: Display: 1: FrontRight
[2020.11.01-03.02.31:325][127]LogAudioMixer: Display: Using Audio Device Speakers (USB Audio Device)
[2020.11.01-03.02.31:326][127]LogAudioMixer: Display: Initializing Sound Submixes...
[2020.11.01-03.02.31:326][127]LogAudioMixer: Display: Creating Master Submix 'MasterSubmixDefault'
[2020.11.01-03.02.31:326][127]LogAudioMixer: Display: Creating Master Submix 'MasterReverbSubmixDefault'
[2020.11.01-03.02.31:326][127]LogAudioMixer: Display: Creating Master Submix 'MasterEQSubmixDefault'
[2020.11.01-03.02.31:348][127]LogInit: FAudioDevice initialized.
[2020.11.01-03.02.31:394][127]LogSlate: Updating window title bar state: overlay mode, drag disabled, window buttons hidden, title bar hidden
[2020.11.01-03.02.31:394][127]LogLoad: Game class is 'Shooter_GM_C'
[2020.11.01-03.02.31:426][127]LogWorld: Bringing World /Game/Maps/UEDPIE_0_Level1.Level1 up for play (max tick rate 60) at 2020.10.31-22.02.31
[2020.11.01-03.02.31:428][127]LogWorld: Bringing up level for play took: 0.032818
[2020.11.01-03.02.31:428][127]LogOnline: OSS: Creating online subsystem instance for: :Context_16
[2020.11.01-03.02.31:435][127]PIE: Server logged in
[2020.11.01-03.02.31:437][127]PIE: Play in editor total start time 0.266 seconds.
[2020.11.01-03.02.34:959][331]LogSlate: Updating window title bar state: overlay mode, drag disabled, window buttons hidden, title bar hidden
[2020.11.01-03.02.34:959][331]LogWorld: BeginTearingDown for /Game/Maps/UEDPIE_0_Level1
[2020.11.01-03.02.34:960][331]LogSlate: Window 'MechaBane Preview [NetMode: Standalone] (64-bit/Windows) ' being destroyed
[2020.11.01-03.02.34:967][331]LogWorld: UWorld::CleanupWorld for Level1, bSessionEnded=true, bCleanupResources=true
[2020.11.01-03.02.34:974][331]LogSlate: InvalidateAllWidgets triggered.  All widgets were invalidated
[2020.11.01-03.02.34:983][331]LogPlayLevel: Display: Shutting down PIE online subsystems
[2020.11.01-03.02.34:988][331]LogSlate: InvalidateAllWidgets triggered.  All widgets were invalidated
[2020.11.01-03.02.35:047][331]LogAISub: UAISubsystem::~UAISubsystem AIPerceptionSystem (00000232C8F4BD80), frame # 18331
[2020.11.01-03.02.35:047][331]LogAISub: UAISubsystem::~UAISubsystem EnvQueryManager (00000232691C0800), frame # 18331
[2020.11.01-03.02.35:053][331]LogUObjectHash: Compacting FUObjectHashTables data took   3.06ms
[2020.11.01-03.02.35:082][332]LogPlayLevel: Display: Destroying online subsystem :Context_16
[2020.11.01-03.03.22:869][148]BlueprintLog: New page: Compile Player
[2020.11.01-03.03.22:948][148]LogUObjectHash: Compacting FUObjectHashTables data took   3.73ms
[2020.11.01-03.03.23:906][195]Cmd: OBJ SAVEPACKAGE PACKAGE="/Game/BluePrint/Player" FILE="../../../../../../Users/seanp/Documents/GitHub/MechaBane/MechaBane/Content/BluePrint/Player.uasset" SILENT=true
[2020.11.01-03.03.23:956][195]LogSavePackage: Moving '../../../../../../Users/seanp/Documents/GitHub/MechaBane/MechaBane/Saved/PlayerF4F9EAC44787E8603BA39CA32267D2FB.tmp' to '../../../../../../Users/seanp/Documents/GitHub/MechaBane/MechaBane/Content/BluePrint/Player.uasset'
[2020.11.01-03.03.23:971][195]AssetCheck: New page: Asset Save: Player
[2020.11.01-03.03.23:971][195]LogContentValidation: Display: Validating Blueprint /Game/BluePrint/Player.Player
[2020.11.01-03.03.24:702][239]LogTemp: Repeating last play command: Selected Viewport
[2020.11.01-03.03.24:716][239]LogPlayLevel: PlayLevel: No blueprints needed recompiling
[2020.11.01-03.03.24:716][239]PIE: New page: PIE session: Level1 (Oct 31, 2020, 5:03:24 PM)
[2020.11.01-03.03.24:716][239]LogPlayLevel: Creating play world package: /Game/Maps/UEDPIE_0_Level1
[2020.11.01-03.03.24:799][239]LogPlayLevel: PIE: StaticDuplicateObject took: (0.083585s)
[2020.11.01-03.03.24:800][239]LogAIModule: Creating AISystem for world Level1
[2020.11.01-03.03.24:800][239]LogAISub: UAISubsystem::UAISubsystem EnvQueryManager (00000232399FE000), frame # 21239
[2020.11.01-03.03.24:800][239]LogAISub: UAISubsystem::UAISubsystem AIPerceptionSystem (0000023238E2E0C0), frame # 21239
[2020.11.01-03.03.24:801][239]LogPlayLevel: PIE: World Init took: (0.001597s)
[2020.11.01-03.03.24:801][239]LogPlayLevel: PIE: Created PIE world by copying editor world from /Game/Maps/Level1.Level1 to /Game/Maps/UEDPIE_0_Level1.Level1 (0.085468s)
[2020.11.01-03.03.24:835][239]LogUObjectHash: Compacting FUObjectHashTables data took   3.46ms
[2020.11.01-03.03.24:837][239]LogAudioMixer: Display: Audio Mixer Platform Settings:
[2020.11.01-03.03.24:837][239]LogAudioMixer: Display: 	Sample Rate:						  48000
[2020.11.01-03.03.24:837][239]LogAudioMixer: Display: 	Callback Buffer Frame Size Requested: 1024
[2020.11.01-03.03.24:837][239]LogAudioMixer: Display: 	Callback Buffer Frame Size To Use:	  1024
[2020.11.01-03.03.24:837][239]LogAudioMixer: Display: 	Number of buffers to queue:			  2
[2020.11.01-03.03.24:837][239]LogAudioMixer: Display: 	Max Channels (voices):				  32
[2020.11.01-03.03.24:837][239]LogAudioMixer: Display: 	Number of Async Source Workers:		  0
[2020.11.01-03.03.24:837][239]LogAudio: Display: AudioDevice MaxSources: 32
[2020.11.01-03.03.24:837][239]LogAudio: Display: Using built-in audio occlusion.
[2020.11.01-03.03.24:837][239]LogAudioMixer: Display: Initializing audio mixer.
[2020.11.01-03.03.24:842][239]LogAudioMixer: Display: 0: FrontLeft
[2020.11.01-03.03.24:842][239]LogAudioMixer: Display: 1: FrontRight
[2020.11.01-03.03.24:867][239]LogAudioMixer: Display: Using Audio Device Speakers (USB Audio Device)
[2020.11.01-03.03.24:867][239]LogAudioMixer: Display: Initializing Sound Submixes...
[2020.11.01-03.03.24:867][239]LogAudioMixer: Display: Creating Master Submix 'MasterSubmixDefault'
[2020.11.01-03.03.24:867][239]LogAudioMixer: Display: Creating Master Submix 'MasterReverbSubmixDefault'
[2020.11.01-03.03.24:868][239]LogAudioMixer: Display: Creating Master Submix 'MasterEQSubmixDefault'
[2020.11.01-03.03.24:889][239]LogInit: FAudioDevice initialized.
[2020.11.01-03.03.24:936][239]LogSlate: Updating window title bar state: overlay mode, drag disabled, window buttons hidden, title bar hidden
[2020.11.01-03.03.24:936][239]LogLoad: Game class is 'Shooter_GM_C'
[2020.11.01-03.03.24:964][239]LogWorld: Bringing World /Game/Maps/UEDPIE_0_Level1.Level1 up for play (max tick rate 60) at 2020.10.31-22.03.24
[2020.11.01-03.03.24:966][239]LogWorld: Bringing up level for play took: 0.029207
[2020.11.01-03.03.24:966][239]LogOnline: OSS: Creating online subsystem instance for: :Context_17
[2020.11.01-03.03.24:973][239]PIE: Server logged in
[2020.11.01-03.03.24:976][239]PIE: Play in editor total start time 0.261 seconds.
